Using pre-set license
Built from '2022.3/staging' branch; Version is '2022.3.22f1 (887be4894c44) revision 8944612'; Using compiler version '192829333'; Build Type 'Release'
OS: 'Windows 11  (10.0.26100) 64bit Professional' Language: 'en' Physical Memory: 32085 MB
BatchMode: 1, IsHumanControllingUs: 0, StartBugReporterOnCrash: 0, Is64bit: 1, IsPro: 1

COMMAND LINE ARGUMENTS:
C:\Program Files\Unity\Hub\Editor\2022.3.22f1\Editor\Unity.exe
-adb2
-batchMode
-noUpm
-name
AssetImportWorker2
-projectPath
C:/Users/HP/OneDrive/Documents/GitHub/AR_Vehicle_Showcase_Final_Project_Iad
-logFile
Logs/AssetImportWorker2.log
-srvPort
50751
Successfully changed project path to: C:/Users/HP/OneDrive/Documents/GitHub/AR_Vehicle_Showcase_Final_Project_Iad
C:/Users/HP/OneDrive/Documents/GitHub/AR_Vehicle_Showcase_Final_Project_Iad
[UnityMemory] Configuration Parameters - Can be set up in boot.config
    "memorysetup-bucket-allocator-granularity=16"
    "memorysetup-bucket-allocator-bucket-count=8"
    "memorysetup-bucket-allocator-block-size=33554432"
    "memorysetup-bucket-allocator-block-count=8"
    "memorysetup-main-allocator-block-size=16777216"
    "memorysetup-thread-allocator-block-size=16777216"
    "memorysetup-gfx-main-allocator-block-size=16777216"
    "memorysetup-gfx-thread-allocator-block-size=16777216"
    "memorysetup-cache-allocator-block-size=4194304"
    "memorysetup-typetree-allocator-block-size=2097152"
    "memorysetup-profiler-bucket-allocator-granularity=16"
    "memorysetup-profiler-bucket-allocator-bucket-count=8"
    "memorysetup-profiler-bucket-allocator-block-size=33554432"
    "memorysetup-profiler-bucket-allocator-block-count=8"
    "memorysetup-profiler-allocator-block-size=16777216"
    "memorysetup-profiler-editor-allocator-block-size=1048576"
    "memorysetup-temp-allocator-size-main=16777216"
    "memorysetup-job-temp-allocator-block-size=2097152"
    "memorysetup-job-temp-allocator-block-size-background=1048576"
    "memorysetup-job-temp-allocator-reduction-small-platforms=262144"
    "memorysetup-allocator-temp-initial-block-size-main=262144"
    "memorysetup-allocator-temp-initial-block-size-worker=262144"
    "memorysetup-temp-allocator-size-background-worker=32768"
    "memorysetup-temp-allocator-size-job-worker=262144"
    "memorysetup-temp-allocator-size-preload-manager=33554432"
    "memorysetup-temp-allocator-size-nav-mesh-worker=65536"
    "memorysetup-temp-allocator-size-audio-worker=65536"
    "memorysetup-temp-allocator-size-cloud-worker=32768"
    "memorysetup-temp-allocator-size-gi-baking-worker=262144"
    "memorysetup-temp-allocator-size-gfx=262144"
Player connection [7040] Host "[IP] 192.168.1.106 [Port] 0 [Flags] 2 [Guid] 3907841401 [EditorId] 3907841401 [Version] 1048832 [Id] WindowsEditor(7,DESKTOP-61RAPS2) [Debug] 1 [PackageName] WindowsEditor [ProjectName] Editor" joined multi-casting on [225.0.0.222:54997]...

Player connection [7040] Host "[IP] 192.168.1.106 [Port] 0 [Flags] 2 [Guid] 3907841401 [EditorId] 3907841401 [Version] 1048832 [Id] WindowsEditor(7,DESKTOP-61RAPS2) [Debug] 1 [PackageName] WindowsEditor [ProjectName] Editor" joined alternative multi-casting on [225.0.0.222:34997]...

[Physics::Module] Initialized MultithreadedJobDispatcher with 11 workers.
Refreshing native plugins compatible for Editor in 123.73 ms, found 10 plugins.
Preloading 0 native plugins for Editor in 0.00 ms.
Initialize engine version: 2022.3.22f1 (887be4894c44)
[Subsystems] Discovering subsystems at path C:/Program Files/Unity/Hub/Editor/2022.3.22f1/Editor/Data/Resources/UnitySubsystems
[Subsystems] Discovering subsystems at path C:/Users/HP/OneDrive/Documents/GitHub/AR_Vehicle_Showcase_Final_Project_Iad/Assets
GfxDevice: creating device client; threaded=0; jobified=0
Direct3D:
    Version:  Direct3D 11.0 [level 11.1]
    Renderer: NVIDIA Quadro P520 (ID=0x1d34)
    Vendor:   NVIDIA
    VRAM:     4012 MB
    Driver:   32.0.15.6624
Initialize mono
Mono path[0] = 'C:/Program Files/Unity/Hub/Editor/2022.3.22f1/Editor/Data/Managed'
Mono path[1] = 'C:/Program Files/Unity/Hub/Editor/2022.3.22f1/Editor/Data/MonoBleedingEdge/lib/mono/unityjit-win32'
Mono config path = 'C:/Program Files/Unity/Hub/Editor/2022.3.22f1/Editor/Data/MonoBleedingEdge/etc'
Using monoOptions --debugger-agent=transport=dt_socket,embedding=1,server=y,suspend=n,address=127.0.0.1:56360
Begin MonoManager ReloadAssembly
Registering precompiled unity dll's ...
Register platform support module: C:/Program Files/Unity/Hub/Editor/2022.3.22f1/Editor/Data/PlaybackEngines/AndroidPlayer/UnityEditor.Android.Extensions.dll
Register platform support module: C:/Program Files/Unity/Hub/Editor/2022.3.22f1/Editor/Data/PlaybackEngines/WindowsStandaloneSupport/UnityEditor.WindowsStandalone.Extensions.dll
Registered in 0.022306 seconds.
- Loaded All Assemblies, in  0.757 seconds
Native extension for WindowsStandalone target not found
Native extension for Android target not found
Android Extension - Scanning For ADB Devices 736 ms
Mono: successfully reloaded assembly
- Finished resetting the current domain, in  1.438 seconds
Domain Reload Profiling: 2190ms
	BeginReloadAssembly (217ms)
		ExecutionOrderSort (0ms)
		DisableScriptedObjects (0ms)
		BackupInstance (0ms)
		ReleaseScriptingObjects (0ms)
		CreateAndSetChildDomain (1ms)
	RebuildCommonClasses (73ms)
	RebuildNativeTypeToScriptingClass (23ms)
	initialDomainReloadingComplete (132ms)
	LoadAllAssembliesAndSetupDomain (307ms)
		LoadAssemblies (211ms)
		RebuildTransferFunctionScriptingTraits (0ms)
		AnalyzeDomain (302ms)
			TypeCache.Refresh (299ms)
				TypeCache.ScanAssembly (272ms)
			ScanForSourceGeneratedMonoScriptInfo (1ms)
			ResolveRequiredComponents (1ms)
	FinalizeReload (1439ms)
		ReleaseScriptCaches (0ms)
		RebuildScriptCaches (0ms)
		SetupLoadedEditorAssemblies (1326ms)
			LogAssemblyErrors (0ms)
			InitializePlatformSupportModulesInManaged (985ms)
			SetLoadedEditorAssemblies (8ms)
			RefreshPlugins (0ms)
			BeforeProcessingInitializeOnLoad (5ms)
			ProcessInitializeOnLoadAttributes (237ms)
			ProcessInitializeOnLoadMethodAttributes (92ms)
			AfterProcessingInitializeOnLoad (0ms)
			EditorAssembliesLoaded (0ms)
		ExecutionOrderSort2 (0ms)
		AwakeInstancesAfterBackupRestoration (0ms)
========================================================================
Worker process is ready to serve import requests
Begin MonoManager ReloadAssembly
- Loaded All Assemblies, in  1.159 seconds
Refreshing native plugins compatible for Editor in 36.92 ms, found 10 plugins.
Native extension for WindowsStandalone target not found
Native extension for Android target not found
Package Manager log level set to [2]
[Package Manager] Server::EnsureServerProcessIsRunning -- launch failed, reason: Unity was launched with the -noUpm command-line argument
[Package Manager] UpmClient::Send -- Unable to send message (not connected to UPM process).
[Package Manager] Cannot connect to Unity Package Manager local server
Mono: successfully reloaded assembly
[Package Manager] Server::EnsureServerProcessIsRunning -- launch failed, reason: Unity was launched with the -noUpm command-line argument
[Package Manager] UpmClient::Send -- Unable to send message (not connected to UPM process).
[Package Manager] Cannot connect to Unity Package Manager local server
[Package Manager] Server::EnsureServerProcessIsRunning -- launch failed, reason: Unity was launched with the -noUpm command-line argument
[Package Manager] UpmClient::Send -- Unable to send message (not connected to UPM process).
[Package Manager] Cannot connect to Unity Package Manager local server
- Finished resetting the current domain, in  1.438 seconds
Domain Reload Profiling: 2584ms
	BeginReloadAssembly (186ms)
		ExecutionOrderSort (0ms)
		DisableScriptedObjects (7ms)
		BackupInstance (0ms)
		ReleaseScriptingObjects (0ms)
		CreateAndSetChildDomain (26ms)
	RebuildCommonClasses (46ms)
	RebuildNativeTypeToScriptingClass (14ms)
	initialDomainReloadingComplete (106ms)
	LoadAllAssembliesAndSetupDomain (793ms)
		LoadAssemblies (565ms)
		RebuildTransferFunctionScriptingTraits (0ms)
		AnalyzeDomain (337ms)
			TypeCache.Refresh (269ms)
				TypeCache.ScanAssembly (243ms)
			ScanForSourceGeneratedMonoScriptInfo (46ms)
			ResolveRequiredComponents (21ms)
	FinalizeReload (1439ms)
		ReleaseScriptCaches (0ms)
		RebuildScriptCaches (0ms)
		SetupLoadedEditorAssemblies (1102ms)
			LogAssemblyErrors (0ms)
			InitializePlatformSupportModulesInManaged (41ms)
			SetLoadedEditorAssemblies (10ms)
			RefreshPlugins (0ms)
			BeforeProcessingInitializeOnLoad (178ms)
			ProcessInitializeOnLoadAttributes (671ms)
			ProcessInitializeOnLoadMethodAttributes (187ms)
			AfterProcessingInitializeOnLoad (15ms)
			EditorAssembliesLoaded (0ms)
		ExecutionOrderSort2 (0ms)
		AwakeInstancesAfterBackupRestoration (16ms)
Launched and connected shader compiler UnityShaderCompiler.exe after 0.10 seconds
Refreshing native plugins compatible for Editor in 46.45 ms, found 10 plugins.
Preloading 0 native plugins for Editor in 0.00 ms.
Unloading 6726 Unused Serialized files (Serialized files now loaded: 0)
Unloading 130 unused Assets / (1.5 MB). Loaded Objects now: 7202.
Memory consumption went from 269.0 MB to 267.4 MB.
Total: 7.662100 ms (FindLiveObjects: 0.715900 ms CreateObjectMapping: 0.757500 ms MarkObjects: 5.043000 ms  DeleteObjects: 1.144800 ms)

AssetImportParameters requested are different than current active one (requested -> active):
  custom:container-demuxer-ogg: 62fdf1f143b41e24485cea50d1cbac27 -> 
  custom:framework-win-MediaFoundation: 216162199b28c13a410421893ffa2e32 -> 
  custom:container-muxer-webm: aa71ff27fc2769a1b78a27578f13a17b -> 
  custom:video-decoder-webm-vp8: 9c59270c3fd7afecdb556c50c9e8de78 -> 
  custom:SearchIndexIgnoredProperties: e643bd26f0fe6173181afceb89e7c659 -> 
  custom:AudioImporter_EditorPlatform: d09bf68614088b80899f8185d706f6e7 -> 
  custom:audio-decoder-ogg-vorbis: bf7c407c2cedff20999df2af8eb42d56 -> 
  custom:audio-encoder-webm-vorbis: bf7c407c2cedff20999df2af8eb42d56 -> 
  custom:video-codec-MediaFoundation-h265: 746d11721c4dcdbdad8f713fa42b33f4 -> 
  custom:video-decoder-ogg-theora: a1e56fd34408186e4bbccfd4996cb3dc -> 
  custom:CustomObjectIndexerAttribute: 72b91833f83ae208fae7752999fa3104 -> 
  custom:container-demuxer-webm: 4f35f7cbe854078d1ac9338744f61a02 -> 
  custom:video-encoder-webm-vp8: eb34c28f22e8b96e1ab97ce403110664 -> 
========================================================================
Received Import Request.
  Time since last request: 3092.228981 seconds.
  path: Packages/com.unity.xr.arfoundation/Assets/Prefabs/AnchorTransform.prefab
  artifactKey: Guid(779f5eab1277241d6b58ee2c44909b20) Importer(815301076,1909f56bfc062723c751e8b465ee728b)
Start importing Packages/com.unity.xr.arfoundation/Assets/Prefabs/AnchorTransform.prefab using Guid(779f5eab1277241d6b58ee2c44909b20) Importer(815301076,1909f56bfc062723c751e8b465ee728b)  -> (artifact id: 'cf8af21812835c0dbd0143913b7d98ec') in 0.464256 seconds
Number of updated asset objects reloaded before import = 0
Number of asset objects unloaded after import = 27
========================================================================
Received Import Request.
  Time since last request: 27.365642 seconds.
  path: Assets/Images/Materials/BMW.mat
  artifactKey: Guid(377a717cc08a59844b2fef3d9fa0ed4c) Importer(815301076,1909f56bfc062723c751e8b465ee728b)
Start importing Assets/Images/Materials/BMW.mat using Guid(377a717cc08a59844b2fef3d9fa0ed4c) Importer(815301076,1909f56bfc062723c751e8b465ee728b)  -> (artifact id: '15e5b63c92a633b23fee1e6c2d6c4855') in 0.055100 seconds
Number of updated asset objects reloaded before import = 0
Number of asset objects unloaded after import = 2
========================================================================
Received Import Request.
  Time since last request: 19.234422 seconds.
  path: Assets/Images/Materials/BMW 1.mat
  artifactKey: Guid(1f973f04cc93ab549a33e81c95397cc6) Importer(815301076,1909f56bfc062723c751e8b465ee728b)
Start importing Assets/Images/Materials/BMW 1.mat using Guid(1f973f04cc93ab549a33e81c95397cc6) Importer(815301076,1909f56bfc062723c751e8b465ee728b)  -> (artifact id: 'b71eef01c46c1f5b790ea22950fd52ad') in 0.037492 seconds
Number of updated asset objects reloaded before import = 0
Number of asset objects unloaded after import = 3
========================================================================
Received Import Request.
  Time since last request: 15.749039 seconds.
  path: Assets/Images/Materials/BMW.mat
  artifactKey: Guid(1f973f04cc93ab549a33e81c95397cc6) Importer(815301076,1909f56bfc062723c751e8b465ee728b)
Start importing Assets/Images/Materials/BMW.mat using Guid(1f973f04cc93ab549a33e81c95397cc6) Importer(815301076,1909f56bfc062723c751e8b465ee728b)  -> (artifact id: 'b40c10d12afaca85c0a40481e81b1074') in 0.025878 seconds
Number of updated asset objects reloaded before import = 0
Number of asset objects unloaded after import = 3
========================================================================
Received Import Request.
  Time since last request: 131.565365 seconds.
  path: Assets/Images/Materials/Lamborghini.mat
  artifactKey: Guid(ea55b7d32e52dbd4f8e423cab317453c) Importer(815301076,1909f56bfc062723c751e8b465ee728b)
Start importing Assets/Images/Materials/Lamborghini.mat using Guid(ea55b7d32e52dbd4f8e423cab317453c) Importer(815301076,1909f56bfc062723c751e8b465ee728b)  -> (artifact id: '71033cb0292722bf02c40bb20d88fd94') in 0.039977 seconds
Number of updated asset objects reloaded before import = 0
Number of asset objects unloaded after import = 3
========================================================================
Received Import Request.
  Time since last request: 187.465741 seconds.
  path: Assets/Scripts/CarRotate.cs
  artifactKey: Guid(0fb2d1b8eb91cf841943a105ce268705) Importer(815301076,1909f56bfc062723c751e8b465ee728b)
Start importing Assets/Scripts/CarRotate.cs using Guid(0fb2d1b8eb91cf841943a105ce268705) Importer(815301076,1909f56bfc062723c751e8b465ee728b)  -> (artifact id: '28692025030a0dab59e3e104a61aa93c') in 0.001070 seconds
Number of updated asset objects reloaded before import = 0
Number of asset objects unloaded after import = 0
========================================================================
Received Prepare
Begin MonoManager ReloadAssembly
- Loaded All Assemblies, in  3.017 seconds
Refreshing native plugins compatible for Editor in 117.23 ms, found 10 plugins.
Native extension for WindowsStandalone target not found
Native extension for Android target not found
[Package Manager] Server::EnsureServerProcessIsRunning -- launch failed, reason: Unity was launched with the -noUpm command-line argument
[Package Manager] UpmClient::Send -- Unable to send message (not connected to UPM process).
[Package Manager] Cannot connect to Unity Package Manager local server
Mono: successfully reloaded assembly
[Package Manager] Server::EnsureServerProcessIsRunning -- launch failed, reason: Unity was launched with the -noUpm command-line argument
[Package Manager] UpmClient::Send -- Unable to send message (not connected to UPM process).
[Package Manager] Cannot connect to Unity Package Manager local server
- Finished resetting the current domain, in  8.314 seconds
Domain Reload Profiling: 11293ms
	BeginReloadAssembly (958ms)
		ExecutionOrderSort (0ms)
		DisableScriptedObjects (52ms)
		BackupInstance (0ms)
		ReleaseScriptingObjects (0ms)
		CreateAndSetChildDomain (200ms)
	RebuildCommonClasses (214ms)
	RebuildNativeTypeToScriptingClass (76ms)
	initialDomainReloadingComplete (288ms)
	LoadAllAssembliesAndSetupDomain (1442ms)
		LoadAssemblies (1696ms)
		RebuildTransferFunctionScriptingTraits (0ms)
		AnalyzeDomain (264ms)
			TypeCache.Refresh (43ms)
				TypeCache.ScanAssembly (5ms)
			ScanForSourceGeneratedMonoScriptInfo (155ms)
			ResolveRequiredComponents (63ms)
	FinalizeReload (8315ms)
		ReleaseScriptCaches (0ms)
		RebuildScriptCaches (0ms)
		SetupLoadedEditorAssemblies (2115ms)
			LogAssemblyErrors (0ms)
			InitializePlatformSupportModulesInManaged (80ms)
			SetLoadedEditorAssemblies (16ms)
			RefreshPlugins (0ms)
			BeforeProcessingInitializeOnLoad (348ms)
			ProcessInitializeOnLoadAttributes (1268ms)
			ProcessInitializeOnLoadMethodAttributes (367ms)
			AfterProcessingInitializeOnLoad (35ms)
			EditorAssembliesLoaded (1ms)
		ExecutionOrderSort2 (0ms)
		AwakeInstancesAfterBackupRestoration (88ms)
Refreshing native plugins compatible for Editor in 114.47 ms, found 10 plugins.
Preloading 0 native plugins for Editor in 0.00 ms.
Unloading 6535 Unused Serialized files (Serialized files now loaded: 0)
Unloading 92 unused Assets / (1.5 MB). Loaded Objects now: 7288.
Memory consumption went from 234.2 MB to 232.7 MB.
Total: 249.339900 ms (FindLiveObjects: 8.792800 ms CreateObjectMapping: 9.706400 ms MarkObjects: 219.799900 ms  DeleteObjects: 11.037900 ms)

Prepare: number of updated asset objects reloaded= 0
AssetImportParameters requested are different than current active one (requested -> active):
  custom:container-demuxer-ogg: 62fdf1f143b41e24485cea50d1cbac27 -> 
  custom:framework-win-MediaFoundation: 216162199b28c13a410421893ffa2e32 -> 
  custom:container-muxer-webm: aa71ff27fc2769a1b78a27578f13a17b -> 
  custom:video-decoder-webm-vp8: 9c59270c3fd7afecdb556c50c9e8de78 -> 
  custom:SearchIndexIgnoredProperties: e643bd26f0fe6173181afceb89e7c659 -> 
  custom:AudioImporter_EditorPlatform: d09bf68614088b80899f8185d706f6e7 -> 
  custom:audio-decoder-ogg-vorbis: bf7c407c2cedff20999df2af8eb42d56 -> 
  custom:audio-encoder-webm-vorbis: bf7c407c2cedff20999df2af8eb42d56 -> 
  custom:video-codec-MediaFoundation-h265: 746d11721c4dcdbdad8f713fa42b33f4 -> 
  custom:video-decoder-ogg-theora: a1e56fd34408186e4bbccfd4996cb3dc -> 
  custom:CustomObjectIndexerAttribute: 72b91833f83ae208fae7752999fa3104 -> 
  custom:container-demuxer-webm: 4f35f7cbe854078d1ac9338744f61a02 -> 
  custom:video-encoder-webm-vp8: eb34c28f22e8b96e1ab97ce403110664 -> 
========================================================================
Received Prepare
Begin MonoManager ReloadAssembly
- Loaded All Assemblies, in  1.357 seconds
Refreshing native plugins compatible for Editor in 52.60 ms, found 10 plugins.
Native extension for WindowsStandalone target not found
Native extension for Android target not found
[Package Manager] Server::EnsureServerProcessIsRunning -- launch failed, reason: Unity was launched with the -noUpm command-line argument
[Package Manager] UpmClient::Send -- Unable to send message (not connected to UPM process).
[Package Manager] Cannot connect to Unity Package Manager local server
Mono: successfully reloaded assembly
[Package Manager] Server::EnsureServerProcessIsRunning -- launch failed, reason: Unity was launched with the -noUpm command-line argument
[Package Manager] UpmClient::Send -- Unable to send message (not connected to UPM process).
[Package Manager] Cannot connect to Unity Package Manager local server
- Finished resetting the current domain, in  4.140 seconds
Domain Reload Profiling: 5474ms
	BeginReloadAssembly (315ms)
		ExecutionOrderSort (0ms)
		DisableScriptedObjects (8ms)
		BackupInstance (0ms)
		ReleaseScriptingObjects (0ms)
		CreateAndSetChildDomain (81ms)
	RebuildCommonClasses (69ms)
	RebuildNativeTypeToScriptingClass (21ms)
	initialDomainReloadingComplete (129ms)
	LoadAllAssembliesAndSetupDomain (799ms)
		LoadAssemblies (802ms)
		RebuildTransferFunctionScriptingTraits (0ms)
		AnalyzeDomain (157ms)
			TypeCache.Refresh (23ms)
				TypeCache.ScanAssembly (2ms)
			ScanForSourceGeneratedMonoScriptInfo (90ms)
			ResolveRequiredComponents (42ms)
	FinalizeReload (4141ms)
		ReleaseScriptCaches (0ms)
		RebuildScriptCaches (0ms)
		SetupLoadedEditorAssemblies (1645ms)
			LogAssemblyErrors (0ms)
			InitializePlatformSupportModulesInManaged (61ms)
			SetLoadedEditorAssemblies (13ms)
			RefreshPlugins (0ms)
			BeforeProcessingInitializeOnLoad (321ms)
			ProcessInitializeOnLoadAttributes (979ms)
			ProcessInitializeOnLoadMethodAttributes (248ms)
			AfterProcessingInitializeOnLoad (23ms)
			EditorAssembliesLoaded (1ms)
		ExecutionOrderSort2 (0ms)
		AwakeInstancesAfterBackupRestoration (65ms)
Refreshing native plugins compatible for Editor in 61.82 ms, found 10 plugins.
Preloading 0 native plugins for Editor in 0.00 ms.
Unloading 6535 Unused Serialized files (Serialized files now loaded: 0)
Unloading 92 unused Assets / (1.5 MB). Loaded Objects now: 7293.
Memory consumption went from 236.1 MB to 234.6 MB.
Total: 9.731700 ms (FindLiveObjects: 0.857200 ms CreateObjectMapping: 0.965200 ms MarkObjects: 5.736800 ms  DeleteObjects: 2.170600 ms)

Prepare: number of updated asset objects reloaded= 0
AssetImportParameters requested are different than current active one (requested -> active):
  custom:container-demuxer-ogg: 62fdf1f143b41e24485cea50d1cbac27 -> 
  custom:framework-win-MediaFoundation: 216162199b28c13a410421893ffa2e32 -> 
  custom:container-muxer-webm: aa71ff27fc2769a1b78a27578f13a17b -> 
  custom:video-decoder-webm-vp8: 9c59270c3fd7afecdb556c50c9e8de78 -> 
  custom:SearchIndexIgnoredProperties: e643bd26f0fe6173181afceb89e7c659 -> 
  custom:AudioImporter_EditorPlatform: d09bf68614088b80899f8185d706f6e7 -> 
  custom:audio-decoder-ogg-vorbis: bf7c407c2cedff20999df2af8eb42d56 -> 
  custom:audio-encoder-webm-vorbis: bf7c407c2cedff20999df2af8eb42d56 -> 
  custom:video-codec-MediaFoundation-h265: 746d11721c4dcdbdad8f713fa42b33f4 -> 
  custom:video-decoder-ogg-theora: a1e56fd34408186e4bbccfd4996cb3dc -> 
  custom:CustomObjectIndexerAttribute: 72b91833f83ae208fae7752999fa3104 -> 
  custom:container-demuxer-webm: 4f35f7cbe854078d1ac9338744f61a02 -> 
  custom:video-encoder-webm-vp8: eb34c28f22e8b96e1ab97ce403110664 -> 
========================================================================
Received Import Request.
  Time since last request: 104.721471 seconds.
  path: Assets/Prefabs/BMW.prefab
  artifactKey: Guid(c3562edfb2fb2cc4980773a9e0444495) Importer(815301076,1909f56bfc062723c751e8b465ee728b)
Start importing Assets/Prefabs/BMW.prefab using Guid(c3562edfb2fb2cc4980773a9e0444495) Importer(815301076,1909f56bfc062723c751e8b465ee728b)  -> (artifact id: 'a23c83b9cee60f84b2b59fa3fcbe36c2') in 1.272822 seconds
Number of updated asset objects reloaded before import = 0
Number of asset objects unloaded after import = 1340
========================================================================
Received Import Request.
  Time since last request: 18.326377 seconds.
  path: Assets/Prefabs/BMW.prefab
  artifactKey: Guid(c3562edfb2fb2cc4980773a9e0444495) Importer(815301076,1909f56bfc062723c751e8b465ee728b)
Start importing Assets/Prefabs/BMW.prefab using Guid(c3562edfb2fb2cc4980773a9e0444495) Importer(815301076,1909f56bfc062723c751e8b465ee728b)  -> (artifact id: '655bff8de4d032a0b0085ffa28e2e777') in 0.883618 seconds
Number of updated asset objects reloaded before import = 0
Number of asset objects unloaded after import = 1322
========================================================================
Received Import Request.
  Time since last request: 0.000045 seconds.
  path: Assets/Prefabs/Mercedes-Benz.prefab
  artifactKey: Guid(2f60ee25d1ace374ab3ed03ffeb6c2be) Importer(815301076,1909f56bfc062723c751e8b465ee728b)
Start importing Assets/Prefabs/Mercedes-Benz.prefab using Guid(2f60ee25d1ace374ab3ed03ffeb6c2be) Importer(815301076,1909f56bfc062723c751e8b465ee728b)  -> (artifact id: '91b24e26b78c1397ef4429429f3b4601') in 1.959540 seconds
Number of updated asset objects reloaded before import = 0
Number of asset objects unloaded after import = 2049
========================================================================
Received Import Request.
  Time since last request: 94.592664 seconds.
  path: Assets/Samples
  artifactKey: Guid(c6dfeebfd9ba72a4581b524f507d7527) Importer(815301076,1909f56bfc062723c751e8b465ee728b)
Start importing Assets/Samples using Guid(c6dfeebfd9ba72a4581b524f507d7527) Importer(815301076,1909f56bfc062723c751e8b465ee728b)  -> (artifact id: '5c6e42d7ed33c1bd486e304b52b1f460') in 0.003610 seconds
Number of updated asset objects reloaded before import = 0
Number of asset objects unloaded after import = 0
========================================================================
Received Import Request.
  Time since last request: 14.093727 seconds.
  path: Assets/ReferenceLibrary/BMWReferenceImageLibrary.asset
  artifactKey: Guid(b634ff2b2b2ffc8488588de5ab60e52c) Importer(815301076,1909f56bfc062723c751e8b465ee728b)
Start importing Assets/ReferenceLibrary/BMWReferenceImageLibrary.asset using Guid(b634ff2b2b2ffc8488588de5ab60e52c) Importer(815301076,1909f56bfc062723c751e8b465ee728b)  -> (artifact id: 'b965fbd36dc16cf02294173c7cc4d2e4') in 0.303767 seconds
Number of updated asset objects reloaded before import = 0
Number of asset objects unloaded after import = 6
========================================================================
Received Import Request.
  Time since last request: 133.872825 seconds.
  path: Assets/ReferenceLibrary/CARS ReferenceImageLibrary.asset
  artifactKey: Guid(3a0afb323ecfc1e4ba0d9eea7de1f37f) Importer(815301076,1909f56bfc062723c751e8b465ee728b)
Start importing Assets/ReferenceLibrary/CARS ReferenceImageLibrary.asset using Guid(3a0afb323ecfc1e4ba0d9eea7de1f37f) Importer(815301076,1909f56bfc062723c751e8b465ee728b)  -> (artifact id: '57e51752f89ea5e7d9f2f3c19e5d9f2a') in 0.002925 seconds
Number of updated asset objects reloaded before import = 0
Number of asset objects unloaded after import = 1
========================================================================
Received Import Request.
  Time since last request: 2.389067 seconds.
  path: Assets/TextMesh Pro/Examples & Extras/Resources/Fonts & Materials/Anton SDF.asset
  artifactKey: Guid(8a89fa14b10d46a99122fd4f73fca9a2) Importer(815301076,1909f56bfc062723c751e8b465ee728b)
Start importing Assets/TextMesh Pro/Examples & Extras/Resources/Fonts & Materials/Anton SDF.asset using Guid(8a89fa14b10d46a99122fd4f73fca9a2) Importer(815301076,1909f56bfc062723c751e8b465ee728b)  -> (artifact id: '3068b81f21f4a21b12316d03a23bcee4') in 0.060846 seconds
Number of updated asset objects reloaded before import = 0
Number of asset objects unloaded after import = 7
========================================================================
Received Import Request.
  Time since last request: 2.817401 seconds.
  path: Assets/TextMesh Pro/Examples & Extras/Resources/Fonts & Materials/Bangers SDF.asset
  artifactKey: Guid(125cb55b44b24c4393181402bc6200e6) Importer(815301076,1909f56bfc062723c751e8b465ee728b)
Start importing Assets/TextMesh Pro/Examples & Extras/Resources/Fonts & Materials/Bangers SDF.asset using Guid(125cb55b44b24c4393181402bc6200e6) Importer(815301076,1909f56bfc062723c751e8b465ee728b)  -> (artifact id: '74847e1508930b6e37a7a2729ce727ff') in 0.015642 seconds
Number of updated asset objects reloaded before import = 0
Number of asset objects unloaded after import = 7
========================================================================
Received Import Request.
  Time since last request: 0.057696 seconds.
  path: Assets/Samples/XR Interaction Toolkit/2.5.4/AR Starter Assets/ARDemoSceneAssets/Sprites/Button - Rounded Highlight.png
  artifactKey: Guid(c5adfe294554543868fc7cf60dded650) Importer(815301076,1909f56bfc062723c751e8b465ee728b)
Start importing Assets/Samples/XR Interaction Toolkit/2.5.4/AR Starter Assets/ARDemoSceneAssets/Sprites/Button - Rounded Highlight.png using Guid(c5adfe294554543868fc7cf60dded650) Importer(815301076,1909f56bfc062723c751e8b465ee728b)  -> (artifact id: '09df57812fccefbdab77056a6ab64be6') in 0.048957 seconds
Number of updated asset objects reloaded before import = 0
Number of asset objects unloaded after import = 3
========================================================================
Received Import Request.
  Time since last request: 10.257446 seconds.
  path: Assets/Samples/XR Interaction Toolkit/2.5.4/XR Device Simulator/UI/ControllerDevice/ControllerOverlayLinesLeft.png
  artifactKey: Guid(cd4fe4c19a40743a6896069a50a394ec) Importer(815301076,1909f56bfc062723c751e8b465ee728b)
Start importing Assets/Samples/XR Interaction Toolkit/2.5.4/XR Device Simulator/UI/ControllerDevice/ControllerOverlayLinesLeft.png using Guid(cd4fe4c19a40743a6896069a50a394ec) Importer(815301076,1909f56bfc062723c751e8b465ee728b)  -> (artifact id: '4f4b40676f134a7ad276ed867e322915') in 0.022096 seconds
Number of updated asset objects reloaded before import = 0
Number of asset objects unloaded after import = 3
========================================================================
Received Import Request.
  Time since last request: 7.943997 seconds.
  path: Assets/Samples/XR Interaction Toolkit/2.5.4/Starter Assets/DemoSceneAssets/Sprites/Checkmark.png
  artifactKey: Guid(db3e7b7c8db355e499429545071a0321) Importer(815301076,1909f56bfc062723c751e8b465ee728b)
Start importing Assets/Samples/XR Interaction Toolkit/2.5.4/Starter Assets/DemoSceneAssets/Sprites/Checkmark.png using Guid(db3e7b7c8db355e499429545071a0321) Importer(815301076,1909f56bfc062723c751e8b465ee728b)  -> (artifact id: '64fe217e6d05c5c9124d04d15038f5a7') in 0.024861 seconds
Number of updated asset objects reloaded before import = 0
Number of asset objects unloaded after import = 3
========================================================================
Received Prepare
Begin MonoManager ReloadAssembly
- Loaded All Assemblies, in  1.115 seconds
Refreshing native plugins compatible for Editor in 43.07 ms, found 10 plugins.
Native extension for WindowsStandalone target not found
Native extension for Android target not found
[Package Manager] Server::EnsureServerProcessIsRunning -- launch failed, reason: Unity was launched with the -noUpm command-line argument
[Package Manager] UpmClient::Send -- Unable to send message (not connected to UPM process).
[Package Manager] Cannot connect to Unity Package Manager local server
Mono: successfully reloaded assembly
[Package Manager] Server::EnsureServerProcessIsRunning -- launch failed, reason: Unity was launched with the -noUpm command-line argument
[Package Manager] UpmClient::Send -- Unable to send message (not connected to UPM process).
[Package Manager] Cannot connect to Unity Package Manager local server
- Finished resetting the current domain, in  3.135 seconds
Domain Reload Profiling: 4232ms
	BeginReloadAssembly (308ms)
		ExecutionOrderSort (0ms)
		DisableScriptedObjects (17ms)
		BackupInstance (0ms)
		ReleaseScriptingObjects (0ms)
		CreateAndSetChildDomain (79ms)
	RebuildCommonClasses (58ms)
	RebuildNativeTypeToScriptingClass (21ms)
	initialDomainReloadingComplete (130ms)
	LoadAllAssembliesAndSetupDomain (579ms)
		LoadAssemblies (675ms)
		RebuildTransferFunctionScriptingTraits (0ms)
		AnalyzeDomain (44ms)
			TypeCache.Refresh (11ms)
				TypeCache.ScanAssembly (0ms)
			ScanForSourceGeneratedMonoScriptInfo (0ms)
			ResolveRequiredComponents (30ms)
	FinalizeReload (3136ms)
		ReleaseScriptCaches (0ms)
		RebuildScriptCaches (0ms)
		SetupLoadedEditorAssemblies (1362ms)
			LogAssemblyErrors (0ms)
			InitializePlatformSupportModulesInManaged (50ms)
			SetLoadedEditorAssemblies (9ms)
			RefreshPlugins (0ms)
			BeforeProcessingInitializeOnLoad (210ms)
			ProcessInitializeOnLoadAttributes (812ms)
			ProcessInitializeOnLoadMethodAttributes (257ms)
			AfterProcessingInitializeOnLoad (23ms)
			EditorAssembliesLoaded (1ms)
		ExecutionOrderSort2 (0ms)
		AwakeInstancesAfterBackupRestoration (60ms)
Refreshing native plugins compatible for Editor in 58.67 ms, found 10 plugins.
Preloading 0 native plugins for Editor in 0.00 ms.
Unloading 6535 Unused Serialized files (Serialized files now loaded: 0)
Unloading 92 unused Assets / (1.5 MB). Loaded Objects now: 7342.
Memory consumption went from 238.8 MB to 237.3 MB.
Total: 8.962800 ms (FindLiveObjects: 0.828300 ms CreateObjectMapping: 0.835000 ms MarkObjects: 5.767800 ms  DeleteObjects: 1.529800 ms)

Prepare: number of updated asset objects reloaded= 0
AssetImportParameters requested are different than current active one (requested -> active):
  custom:container-demuxer-ogg: 62fdf1f143b41e24485cea50d1cbac27 -> 
  custom:framework-win-MediaFoundation: 216162199b28c13a410421893ffa2e32 -> 
  custom:container-muxer-webm: aa71ff27fc2769a1b78a27578f13a17b -> 
  custom:video-decoder-webm-vp8: 9c59270c3fd7afecdb556c50c9e8de78 -> 
  custom:SearchIndexIgnoredProperties: e643bd26f0fe6173181afceb89e7c659 -> 
  custom:AudioImporter_EditorPlatform: d09bf68614088b80899f8185d706f6e7 -> 
  custom:audio-decoder-ogg-vorbis: bf7c407c2cedff20999df2af8eb42d56 -> 
  custom:audio-encoder-webm-vorbis: bf7c407c2cedff20999df2af8eb42d56 -> 
  custom:video-codec-MediaFoundation-h265: 746d11721c4dcdbdad8f713fa42b33f4 -> 
  custom:video-decoder-ogg-theora: a1e56fd34408186e4bbccfd4996cb3dc -> 
  custom:CustomObjectIndexerAttribute: 72b91833f83ae208fae7752999fa3104 -> 
  custom:container-demuxer-webm: 4f35f7cbe854078d1ac9338744f61a02 -> 
  custom:video-encoder-webm-vp8: eb34c28f22e8b96e1ab97ce403110664 -> 
========================================================================
Received Import Request.
  Time since last request: 175.878974 seconds.
  path: Assets/Prefabs/BMW 1.prefab
  artifactKey: Guid(00c01acaf45530046ab17fdbc9ffb057) Importer(815301076,1909f56bfc062723c751e8b465ee728b)
Start importing Assets/Prefabs/BMW 1.prefab using Guid(00c01acaf45530046ab17fdbc9ffb057) Importer(815301076,1909f56bfc062723c751e8b465ee728b)  -> (artifact id: 'c00786f87f453402029e64d6cd28c5ae') in 1.022340 seconds
Number of updated asset objects reloaded before import = 0
Number of asset objects unloaded after import = 1340
========================================================================
Received Import Request.
  Time since last request: 64.990729 seconds.
  path: Assets/MarkerBasedXREnvironment/MarkerBasedEnvironment.prefab
  artifactKey: Guid(c84fc07aeed9ff444bd0ca5254cdf135) Importer(815301076,1909f56bfc062723c751e8b465ee728b)
Start importing Assets/MarkerBasedXREnvironment/MarkerBasedEnvironment.prefab using Guid(c84fc07aeed9ff444bd0ca5254cdf135) Importer(815301076,1909f56bfc062723c751e8b465ee728b)  -> (artifact id: 'a7a1254a95d49836f86c6dd912f44012') in 0.061820 seconds
Number of updated asset objects reloaded before import = 0
Number of asset objects unloaded after import = 58
========================================================================
Received Import Request.
  Time since last request: 39.912520 seconds.
  path: Assets/MarkerBasedXREnvironment/MarkerBasedEnvironment.prefab
  artifactKey: Guid(c84fc07aeed9ff444bd0ca5254cdf135) Importer(815301076,1909f56bfc062723c751e8b465ee728b)
Start importing Assets/MarkerBasedXREnvironment/MarkerBasedEnvironment.prefab using Guid(c84fc07aeed9ff444bd0ca5254cdf135) Importer(815301076,1909f56bfc062723c751e8b465ee728b)  -> (artifact id: 'c5be58f52e793d3a4b56ff29009a90cf') in 0.054793 seconds
Number of updated asset objects reloaded before import = 0
Number of asset objects unloaded after import = 58
========================================================================
Received Import Request.
  Time since last request: 22.992586 seconds.
  path: Assets/MarkerBasedXREnvironment/MarkerBasedEnvironment.prefab
  artifactKey: Guid(c84fc07aeed9ff444bd0ca5254cdf135) Importer(815301076,1909f56bfc062723c751e8b465ee728b)
Start importing Assets/MarkerBasedXREnvironment/MarkerBasedEnvironment.prefab using Guid(c84fc07aeed9ff444bd0ca5254cdf135) Importer(815301076,1909f56bfc062723c751e8b465ee728b)  -> (artifact id: '093b900963e7fbee1c139f4be4f9f564') in 0.062454 seconds
Number of updated asset objects reloaded before import = 0
Number of asset objects unloaded after import = 58
========================================================================
Received Import Request.
  Time since last request: 18.638291 seconds.
  path: Assets/MarkerBasedXREnvironment/MarkerBasedEnvironment.prefab
  artifactKey: Guid(c84fc07aeed9ff444bd0ca5254cdf135) Importer(815301076,1909f56bfc062723c751e8b465ee728b)
Start importing Assets/MarkerBasedXREnvironment/MarkerBasedEnvironment.prefab using Guid(c84fc07aeed9ff444bd0ca5254cdf135) Importer(815301076,1909f56bfc062723c751e8b465ee728b)  -> (artifact id: '0ecb3adade89da849fcb7c4ffb244d7d') in 0.060437 seconds
Number of updated asset objects reloaded before import = 0
Number of asset objects unloaded after import = 58
========================================================================
Received Import Request.
  Time since last request: 17.408091 seconds.
  path: Assets/MarkerBasedXREnvironment/MarkerBasedEnvironment.prefab
  artifactKey: Guid(c84fc07aeed9ff444bd0ca5254cdf135) Importer(815301076,1909f56bfc062723c751e8b465ee728b)
Start importing Assets/MarkerBasedXREnvironment/MarkerBasedEnvironment.prefab using Guid(c84fc07aeed9ff444bd0ca5254cdf135) Importer(815301076,1909f56bfc062723c751e8b465ee728b)  -> (artifact id: '5a0cbe23842dc32b50bacd3bba0af1e9') in 0.066043 seconds
Number of updated asset objects reloaded before import = 0
Number of asset objects unloaded after import = 58
========================================================================
Received Import Request.
  Time since last request: 5.634066 seconds.
  path: Assets/MarkerBasedXREnvironment/MarkerBasedEnvironment.prefab
  artifactKey: Guid(c84fc07aeed9ff444bd0ca5254cdf135) Importer(815301076,1909f56bfc062723c751e8b465ee728b)
Start importing Assets/MarkerBasedXREnvironment/MarkerBasedEnvironment.prefab using Guid(c84fc07aeed9ff444bd0ca5254cdf135) Importer(815301076,1909f56bfc062723c751e8b465ee728b)  -> (artifact id: '6b1e1cbb898a7a5197ad01a54511fc43') in 0.051785 seconds
Number of updated asset objects reloaded before import = 0
Number of asset objects unloaded after import = 58
========================================================================
Received Import Request.
  Time since last request: 12.897635 seconds.
  path: Assets/MarkerBasedXREnvironment/MarkerBasedEnvironment.prefab
  artifactKey: Guid(c84fc07aeed9ff444bd0ca5254cdf135) Importer(815301076,1909f56bfc062723c751e8b465ee728b)
Start importing Assets/MarkerBasedXREnvironment/MarkerBasedEnvironment.prefab using Guid(c84fc07aeed9ff444bd0ca5254cdf135) Importer(815301076,1909f56bfc062723c751e8b465ee728b)  -> (artifact id: '42794f0ae73f7c0abc92d83e074655ea') in 0.060840 seconds
Number of updated asset objects reloaded before import = 0
Number of asset objects unloaded after import = 58
========================================================================
Received Import Request.
  Time since last request: 10.118222 seconds.
  path: Assets/MarkerBasedXREnvironment/MarkerBasedEnvironment.prefab
  artifactKey: Guid(c84fc07aeed9ff444bd0ca5254cdf135) Importer(815301076,1909f56bfc062723c751e8b465ee728b)
Start importing Assets/MarkerBasedXREnvironment/MarkerBasedEnvironment.prefab using Guid(c84fc07aeed9ff444bd0ca5254cdf135) Importer(815301076,1909f56bfc062723c751e8b465ee728b)  -> (artifact id: '56812abf04f20c8859f4055eefd8093c') in 0.063112 seconds
Number of updated asset objects reloaded before import = 0
Number of asset objects unloaded after import = 58
========================================================================
Received Import Request.
  Time since last request: 10.731257 seconds.
  path: Assets/MarkerBasedXREnvironment/MarkerBasedEnvironment.prefab
  artifactKey: Guid(c84fc07aeed9ff444bd0ca5254cdf135) Importer(815301076,1909f56bfc062723c751e8b465ee728b)
Start importing Assets/MarkerBasedXREnvironment/MarkerBasedEnvironment.prefab using Guid(c84fc07aeed9ff444bd0ca5254cdf135) Importer(815301076,1909f56bfc062723c751e8b465ee728b)  -> (artifact id: 'c9e7a2bbe336042cfc6ada1a911d11a9') in 0.053038 seconds
Number of updated asset objects reloaded before import = 0
Number of asset objects unloaded after import = 58
========================================================================
Received Import Request.
  Time since last request: 6.853705 seconds.
  path: Assets/MarkerBasedXREnvironment/MarkerBasedEnvironment.prefab
  artifactKey: Guid(c84fc07aeed9ff444bd0ca5254cdf135) Importer(815301076,1909f56bfc062723c751e8b465ee728b)
Start importing Assets/MarkerBasedXREnvironment/MarkerBasedEnvironment.prefab using Guid(c84fc07aeed9ff444bd0ca5254cdf135) Importer(815301076,1909f56bfc062723c751e8b465ee728b)  -> (artifact id: '653c2ef20456a620a08ceded0cf2161c') in 0.057000 seconds
Number of updated asset objects reloaded before import = 0
Number of asset objects unloaded after import = 58
========================================================================
Received Import Request.
  Time since last request: 18.569683 seconds.
  path: Assets/MarkerBasedXREnvironment/MarkerBasedEnvironment.prefab
  artifactKey: Guid(c84fc07aeed9ff444bd0ca5254cdf135) Importer(815301076,1909f56bfc062723c751e8b465ee728b)
Start importing Assets/MarkerBasedXREnvironment/MarkerBasedEnvironment.prefab using Guid(c84fc07aeed9ff444bd0ca5254cdf135) Importer(815301076,1909f56bfc062723c751e8b465ee728b)  -> (artifact id: '7c19e49cc899f24423ac3633f6f22341') in 0.063180 seconds
Number of updated asset objects reloaded before import = 0
Number of asset objects unloaded after import = 58
========================================================================
Received Import Request.
  Time since last request: 7.830224 seconds.
  path: Assets/MarkerBasedXREnvironment/MarkerBasedEnvironment.prefab
  artifactKey: Guid(c84fc07aeed9ff444bd0ca5254cdf135) Importer(815301076,1909f56bfc062723c751e8b465ee728b)
Start importing Assets/MarkerBasedXREnvironment/MarkerBasedEnvironment.prefab using Guid(c84fc07aeed9ff444bd0ca5254cdf135) Importer(815301076,1909f56bfc062723c751e8b465ee728b)  -> (artifact id: '263f3475ef778ee7d57eae2cf71757ad') in 0.051635 seconds
Number of updated asset objects reloaded before import = 0
Number of asset objects unloaded after import = 58
========================================================================
Received Import Request.
  Time since last request: 6.455003 seconds.
  path: Assets/MarkerBasedXREnvironment/MarkerBasedEnvironment.prefab
  artifactKey: Guid(c84fc07aeed9ff444bd0ca5254cdf135) Importer(815301076,1909f56bfc062723c751e8b465ee728b)
Start importing Assets/MarkerBasedXREnvironment/MarkerBasedEnvironment.prefab using Guid(c84fc07aeed9ff444bd0ca5254cdf135) Importer(815301076,1909f56bfc062723c751e8b465ee728b)  -> (artifact id: '34471fd15171fe7991408cd55aa10f9e') in 0.051086 seconds
Number of updated asset objects reloaded before import = 0
Number of asset objects unloaded after import = 58
========================================================================
Received Import Request.
  Time since last request: 27.131980 seconds.
  path: Assets/MarkerBasedXREnvironment/MarkerBasedEnvironment.prefab
  artifactKey: Guid(c84fc07aeed9ff444bd0ca5254cdf135) Importer(815301076,1909f56bfc062723c751e8b465ee728b)
Start importing Assets/MarkerBasedXREnvironment/MarkerBasedEnvironment.prefab using Guid(c84fc07aeed9ff444bd0ca5254cdf135) Importer(815301076,1909f56bfc062723c751e8b465ee728b)  -> (artifact id: '94a635a6a6a03bbfed98b920db230068') in 0.061583 seconds
Number of updated asset objects reloaded before import = 0
Number of asset objects unloaded after import = 58
========================================================================
Received Import Request.
  Time since last request: 2.977633 seconds.
  path: Assets/MarkerBasedXREnvironment/MarkerBasedEnvironment.prefab
  artifactKey: Guid(c84fc07aeed9ff444bd0ca5254cdf135) Importer(815301076,1909f56bfc062723c751e8b465ee728b)
Start importing Assets/MarkerBasedXREnvironment/MarkerBasedEnvironment.prefab using Guid(c84fc07aeed9ff444bd0ca5254cdf135) Importer(815301076,1909f56bfc062723c751e8b465ee728b)  -> (artifact id: '494a633607c1cd29e06987217581f3cf') in 0.052987 seconds
Number of updated asset objects reloaded before import = 0
Number of asset objects unloaded after import = 58
========================================================================
Received Import Request.
  Time since last request: 2.787567 seconds.
  path: Assets/MarkerBasedXREnvironment/MarkerBasedEnvironment.prefab
  artifactKey: Guid(c84fc07aeed9ff444bd0ca5254cdf135) Importer(815301076,1909f56bfc062723c751e8b465ee728b)
Start importing Assets/MarkerBasedXREnvironment/MarkerBasedEnvironment.prefab using Guid(c84fc07aeed9ff444bd0ca5254cdf135) Importer(815301076,1909f56bfc062723c751e8b465ee728b)  -> (artifact id: '5c0f0afe052bcca4bed3095178d805f0') in 0.058332 seconds
Number of updated asset objects reloaded before import = 0
Number of asset objects unloaded after import = 58
========================================================================
Received Import Request.
  Time since last request: 4.777956 seconds.
  path: Assets/MarkerBasedXREnvironment/MarkerBasedEnvironment.prefab
  artifactKey: Guid(c84fc07aeed9ff444bd0ca5254cdf135) Importer(815301076,1909f56bfc062723c751e8b465ee728b)
Start importing Assets/MarkerBasedXREnvironment/MarkerBasedEnvironment.prefab using Guid(c84fc07aeed9ff444bd0ca5254cdf135) Importer(815301076,1909f56bfc062723c751e8b465ee728b)  -> (artifact id: '496724f783298a9507165d1b5c1e79df') in 0.051572 seconds
Number of updated asset objects reloaded before import = 0
Number of asset objects unloaded after import = 58
========================================================================
Received Import Request.
  Time since last request: 6.426206 seconds.
  path: Assets/MarkerBasedXREnvironment/MarkerBasedEnvironment.prefab
  artifactKey: Guid(c84fc07aeed9ff444bd0ca5254cdf135) Importer(815301076,1909f56bfc062723c751e8b465ee728b)
Start importing Assets/MarkerBasedXREnvironment/MarkerBasedEnvironment.prefab using Guid(c84fc07aeed9ff444bd0ca5254cdf135) Importer(815301076,1909f56bfc062723c751e8b465ee728b)  -> (artifact id: 'e8cae2e188138b7534e7cbc852d2129b') in 0.051403 seconds
Number of updated asset objects reloaded before import = 0
Number of asset objects unloaded after import = 58
========================================================================
Received Import Request.
  Time since last request: 22.980224 seconds.
  path: Assets/MarkerBasedXREnvironment/MarkerBasedEnvironment.prefab
  artifactKey: Guid(c84fc07aeed9ff444bd0ca5254cdf135) Importer(815301076,1909f56bfc062723c751e8b465ee728b)
Start importing Assets/MarkerBasedXREnvironment/MarkerBasedEnvironment.prefab using Guid(c84fc07aeed9ff444bd0ca5254cdf135) Importer(815301076,1909f56bfc062723c751e8b465ee728b)  -> (artifact id: 'e346232647e0007520faa6a508f2f9da') in 0.047655 seconds
Number of updated asset objects reloaded before import = 0
Number of asset objects unloaded after import = 58
========================================================================
Received Import Request.
  Time since last request: 5.017639 seconds.
  path: Assets/MarkerBasedXREnvironment/MarkerBasedEnvironment.prefab
  artifactKey: Guid(c84fc07aeed9ff444bd0ca5254cdf135) Importer(815301076,1909f56bfc062723c751e8b465ee728b)
Start importing Assets/MarkerBasedXREnvironment/MarkerBasedEnvironment.prefab using Guid(c84fc07aeed9ff444bd0ca5254cdf135) Importer(815301076,1909f56bfc062723c751e8b465ee728b)  -> (artifact id: '80e6ed3a0c2dd1b9d17d08fd1f0d4f2c') in 0.050905 seconds
Number of updated asset objects reloaded before import = 0
Number of asset objects unloaded after import = 58
========================================================================
Received Import Request.
  Time since last request: 4.793436 seconds.
  path: Assets/MarkerBasedXREnvironment/MarkerBasedEnvironment.prefab
  artifactKey: Guid(c84fc07aeed9ff444bd0ca5254cdf135) Importer(815301076,1909f56bfc062723c751e8b465ee728b)
Start importing Assets/MarkerBasedXREnvironment/MarkerBasedEnvironment.prefab using Guid(c84fc07aeed9ff444bd0ca5254cdf135) Importer(815301076,1909f56bfc062723c751e8b465ee728b)  -> (artifact id: 'fdd4d2702c3f76e690e7cbbebab84ca7') in 0.051220 seconds
Number of updated asset objects reloaded before import = 0
Number of asset objects unloaded after import = 58
========================================================================
Received Import Request.
  Time since last request: 17.376144 seconds.
  path: Assets/MarkerBasedXREnvironment/MarkerBasedEnvironment.prefab
  artifactKey: Guid(c84fc07aeed9ff444bd0ca5254cdf135) Importer(815301076,1909f56bfc062723c751e8b465ee728b)
Start importing Assets/MarkerBasedXREnvironment/MarkerBasedEnvironment.prefab using Guid(c84fc07aeed9ff444bd0ca5254cdf135) Importer(815301076,1909f56bfc062723c751e8b465ee728b)  -> (artifact id: 'b9f76f4916f5a4eb576a0835d386a351') in 0.053251 seconds
Number of updated asset objects reloaded before import = 0
Number of asset objects unloaded after import = 58
========================================================================
Received Import Request.
  Time since last request: 8.051885 seconds.
  path: Assets/MarkerBasedXREnvironment/MarkerBasedEnvironment.prefab
  artifactKey: Guid(c84fc07aeed9ff444bd0ca5254cdf135) Importer(815301076,1909f56bfc062723c751e8b465ee728b)
Start importing Assets/MarkerBasedXREnvironment/MarkerBasedEnvironment.prefab using Guid(c84fc07aeed9ff444bd0ca5254cdf135) Importer(815301076,1909f56bfc062723c751e8b465ee728b)  -> (artifact id: '3cf2dba8ec07c30fdf9d0e86f5906e65') in 0.052886 seconds
Number of updated asset objects reloaded before import = 0
Number of asset objects unloaded after import = 58
========================================================================
Received Import Request.
  Time since last request: 3.815759 seconds.
  path: Assets/MarkerBasedXREnvironment/MarkerBasedEnvironment.prefab
  artifactKey: Guid(c84fc07aeed9ff444bd0ca5254cdf135) Importer(815301076,1909f56bfc062723c751e8b465ee728b)
Start importing Assets/MarkerBasedXREnvironment/MarkerBasedEnvironment.prefab using Guid(c84fc07aeed9ff444bd0ca5254cdf135) Importer(815301076,1909f56bfc062723c751e8b465ee728b)  -> (artifact id: '58a91cb5036de5d19674cf84e4d92d29') in 0.052973 seconds
Number of updated asset objects reloaded before import = 0
Number of asset objects unloaded after import = 58
========================================================================
Received Import Request.
  Time since last request: 3.776397 seconds.
  path: Assets/MarkerBasedXREnvironment/MarkerBasedEnvironment.prefab
  artifactKey: Guid(c84fc07aeed9ff444bd0ca5254cdf135) Importer(815301076,1909f56bfc062723c751e8b465ee728b)
Start importing Assets/MarkerBasedXREnvironment/MarkerBasedEnvironment.prefab using Guid(c84fc07aeed9ff444bd0ca5254cdf135) Importer(815301076,1909f56bfc062723c751e8b465ee728b)  -> (artifact id: '3060edea0ba2653dd31c18033404f940') in 0.055661 seconds
Number of updated asset objects reloaded before import = 0
Number of asset objects unloaded after import = 58
========================================================================
Received Import Request.
  Time since last request: 3.382919 seconds.
  path: Assets/MarkerBasedXREnvironment/MarkerBasedEnvironment.prefab
  artifactKey: Guid(c84fc07aeed9ff444bd0ca5254cdf135) Importer(815301076,1909f56bfc062723c751e8b465ee728b)
Start importing Assets/MarkerBasedXREnvironment/MarkerBasedEnvironment.prefab using Guid(c84fc07aeed9ff444bd0ca5254cdf135) Importer(815301076,1909f56bfc062723c751e8b465ee728b)  -> (artifact id: '05beccd9c4383b2909c08307d06c2219') in 0.053738 seconds
Number of updated asset objects reloaded before import = 0
Number of asset objects unloaded after import = 58
========================================================================
Received Import Request.
  Time since last request: 2.017578 seconds.
  path: Assets/MarkerBasedXREnvironment/MarkerBasedEnvironment.prefab
  artifactKey: Guid(c84fc07aeed9ff444bd0ca5254cdf135) Importer(815301076,1909f56bfc062723c751e8b465ee728b)
Start importing Assets/MarkerBasedXREnvironment/MarkerBasedEnvironment.prefab using Guid(c84fc07aeed9ff444bd0ca5254cdf135) Importer(815301076,1909f56bfc062723c751e8b465ee728b)  -> (artifact id: '3d38d7c6ac9144b0b0de9d4747d0e1db') in 0.053570 seconds
Number of updated asset objects reloaded before import = 0
Number of asset objects unloaded after import = 58
========================================================================
Received Import Request.
  Time since last request: 4.030573 seconds.
  path: Assets/MarkerBasedXREnvironment/MarkerBasedEnvironment.prefab
  artifactKey: Guid(c84fc07aeed9ff444bd0ca5254cdf135) Importer(815301076,1909f56bfc062723c751e8b465ee728b)
Start importing Assets/MarkerBasedXREnvironment/MarkerBasedEnvironment.prefab using Guid(c84fc07aeed9ff444bd0ca5254cdf135) Importer(815301076,1909f56bfc062723c751e8b465ee728b)  -> (artifact id: '29a75c240d59a191eba2f7602280d0fd') in 0.051298 seconds
Number of updated asset objects reloaded before import = 0
Number of asset objects unloaded after import = 58
========================================================================
Received Import Request.
  Time since last request: 2.365888 seconds.
  path: Assets/MarkerBasedXREnvironment/MarkerBasedEnvironment.prefab
  artifactKey: Guid(c84fc07aeed9ff444bd0ca5254cdf135) Importer(815301076,1909f56bfc062723c751e8b465ee728b)
Start importing Assets/MarkerBasedXREnvironment/MarkerBasedEnvironment.prefab using Guid(c84fc07aeed9ff444bd0ca5254cdf135) Importer(815301076,1909f56bfc062723c751e8b465ee728b)  -> (artifact id: '59c31099c72c3330e49af6c682e06037') in 0.051598 seconds
Number of updated asset objects reloaded before import = 0
Number of asset objects unloaded after import = 58
========================================================================
Received Import Request.
  Time since last request: 4.818136 seconds.
  path: Assets/MarkerBasedXREnvironment/MarkerBasedEnvironment.prefab
  artifactKey: Guid(c84fc07aeed9ff444bd0ca5254cdf135) Importer(815301076,1909f56bfc062723c751e8b465ee728b)
Start importing Assets/MarkerBasedXREnvironment/MarkerBasedEnvironment.prefab using Guid(c84fc07aeed9ff444bd0ca5254cdf135) Importer(815301076,1909f56bfc062723c751e8b465ee728b)  -> (artifact id: 'ab7513a25b6e48a195db7fff7880bcf8') in 0.052933 seconds
Number of updated asset objects reloaded before import = 0
Number of asset objects unloaded after import = 58
========================================================================
Received Import Request.
  Time since last request: 20.246254 seconds.
  path: Assets/MarkerBasedXREnvironment/MarkerBasedEnvironment.prefab
  artifactKey: Guid(c84fc07aeed9ff444bd0ca5254cdf135) Importer(815301076,1909f56bfc062723c751e8b465ee728b)
Start importing Assets/MarkerBasedXREnvironment/MarkerBasedEnvironment.prefab using Guid(c84fc07aeed9ff444bd0ca5254cdf135) Importer(815301076,1909f56bfc062723c751e8b465ee728b)  -> (artifact id: 'a236a4ed316eb5a942441ba883bfa7b3') in 0.056113 seconds
Number of updated asset objects reloaded before import = 0
Number of asset objects unloaded after import = 58
========================================================================
Received Import Request.
  Time since last request: 11.257821 seconds.
  path: Assets/MarkerBasedXREnvironment/MarkerBasedEnvironment.prefab
  artifactKey: Guid(c84fc07aeed9ff444bd0ca5254cdf135) Importer(815301076,1909f56bfc062723c751e8b465ee728b)
Start importing Assets/MarkerBasedXREnvironment/MarkerBasedEnvironment.prefab using Guid(c84fc07aeed9ff444bd0ca5254cdf135) Importer(815301076,1909f56bfc062723c751e8b465ee728b)  -> (artifact id: '803b84df2a0f25c1679a4c461100d80c') in 0.050356 seconds
Number of updated asset objects reloaded before import = 0
Number of asset objects unloaded after import = 58
========================================================================
Received Import Request.
  Time since last request: 1.778061 seconds.
  path: Assets/MarkerBasedXREnvironment/MarkerBasedEnvironment.prefab
  artifactKey: Guid(c84fc07aeed9ff444bd0ca5254cdf135) Importer(815301076,1909f56bfc062723c751e8b465ee728b)
Start importing Assets/MarkerBasedXREnvironment/MarkerBasedEnvironment.prefab using Guid(c84fc07aeed9ff444bd0ca5254cdf135) Importer(815301076,1909f56bfc062723c751e8b465ee728b)  -> (artifact id: '735f6f571d7671bced774978998db76a') in 0.051207 seconds
Number of updated asset objects reloaded before import = 0
Number of asset objects unloaded after import = 58
========================================================================
Received Import Request.
  Time since last request: 5.795659 seconds.
  path: Assets/MarkerBasedXREnvironment/MarkerBasedEnvironment.prefab
  artifactKey: Guid(c84fc07aeed9ff444bd0ca5254cdf135) Importer(815301076,1909f56bfc062723c751e8b465ee728b)
Start importing Assets/MarkerBasedXREnvironment/MarkerBasedEnvironment.prefab using Guid(c84fc07aeed9ff444bd0ca5254cdf135) Importer(815301076,1909f56bfc062723c751e8b465ee728b)  -> (artifact id: 'a0b9a3fb6b34ebfe1f6a90137b75daae') in 0.050922 seconds
Number of updated asset objects reloaded before import = 0
Number of asset objects unloaded after import = 58
========================================================================
Received Import Request.
  Time since last request: 5.196261 seconds.
  path: Assets/MarkerBasedXREnvironment/MarkerBasedEnvironment.prefab
  artifactKey: Guid(c84fc07aeed9ff444bd0ca5254cdf135) Importer(815301076,1909f56bfc062723c751e8b465ee728b)
Start importing Assets/MarkerBasedXREnvironment/MarkerBasedEnvironment.prefab using Guid(c84fc07aeed9ff444bd0ca5254cdf135) Importer(815301076,1909f56bfc062723c751e8b465ee728b)  -> (artifact id: '8d44ed3a7273394748e70921f79cd1fd') in 0.050982 seconds
Number of updated asset objects reloaded before import = 0
Number of asset objects unloaded after import = 58
========================================================================
Received Import Request.
  Time since last request: 3.787750 seconds.
  path: Assets/MarkerBasedXREnvironment/MarkerBasedEnvironment.prefab
  artifactKey: Guid(c84fc07aeed9ff444bd0ca5254cdf135) Importer(815301076,1909f56bfc062723c751e8b465ee728b)
Start importing Assets/MarkerBasedXREnvironment/MarkerBasedEnvironment.prefab using Guid(c84fc07aeed9ff444bd0ca5254cdf135) Importer(815301076,1909f56bfc062723c751e8b465ee728b)  -> (artifact id: 'd9efa121db4a5d799e5efb25fc46df08') in 0.053423 seconds
Number of updated asset objects reloaded before import = 0
Number of asset objects unloaded after import = 58
========================================================================
Received Import Request.
  Time since last request: 2.966877 seconds.
  path: Assets/MarkerBasedXREnvironment/MarkerBasedEnvironment.prefab
  artifactKey: Guid(c84fc07aeed9ff444bd0ca5254cdf135) Importer(815301076,1909f56bfc062723c751e8b465ee728b)
Start importing Assets/MarkerBasedXREnvironment/MarkerBasedEnvironment.prefab using Guid(c84fc07aeed9ff444bd0ca5254cdf135) Importer(815301076,1909f56bfc062723c751e8b465ee728b)  -> (artifact id: '945347e6a8160757a5829b39ba333642') in 0.056584 seconds
Number of updated asset objects reloaded before import = 0
Number of asset objects unloaded after import = 58
========================================================================
Received Import Request.
  Time since last request: 16.676490 seconds.
  path: Assets/MarkerBasedXREnvironment/MarkerBasedEnvironment.prefab
  artifactKey: Guid(c84fc07aeed9ff444bd0ca5254cdf135) Importer(815301076,1909f56bfc062723c751e8b465ee728b)
Start importing Assets/MarkerBasedXREnvironment/MarkerBasedEnvironment.prefab using Guid(c84fc07aeed9ff444bd0ca5254cdf135) Importer(815301076,1909f56bfc062723c751e8b465ee728b)  -> (artifact id: '452bec8ce3f665b39603300d3ec786d1') in 0.051802 seconds
Number of updated asset objects reloaded before import = 0
Number of asset objects unloaded after import = 58
========================================================================
Received Import Request.
  Time since last request: 4.440934 seconds.
  path: Assets/MarkerBasedXREnvironment/MarkerBasedEnvironment.prefab
  artifactKey: Guid(c84fc07aeed9ff444bd0ca5254cdf135) Importer(815301076,1909f56bfc062723c751e8b465ee728b)
Start importing Assets/MarkerBasedXREnvironment/MarkerBasedEnvironment.prefab using Guid(c84fc07aeed9ff444bd0ca5254cdf135) Importer(815301076,1909f56bfc062723c751e8b465ee728b)  -> (artifact id: '90a43630fff63cd3d25ec491caf1dc37') in 0.052669 seconds
Number of updated asset objects reloaded before import = 0
Number of asset objects unloaded after import = 58
========================================================================
Received Import Request.
  Time since last request: 6.390379 seconds.
  path: Assets/MarkerBasedXREnvironment/MarkerBasedEnvironment.prefab
  artifactKey: Guid(c84fc07aeed9ff444bd0ca5254cdf135) Importer(815301076,1909f56bfc062723c751e8b465ee728b)
Start importing Assets/MarkerBasedXREnvironment/MarkerBasedEnvironment.prefab using Guid(c84fc07aeed9ff444bd0ca5254cdf135) Importer(815301076,1909f56bfc062723c751e8b465ee728b)  -> (artifact id: '54a76c4e52dbf077c3e9cc68d4242228') in 0.053390 seconds
Number of updated asset objects reloaded before import = 0
Number of asset objects unloaded after import = 58
========================================================================
Received Import Request.
  Time since last request: 29.054682 seconds.
  path: Assets/MarkerBasedXREnvironment/MarkerBasedEnvironment.prefab
  artifactKey: Guid(c84fc07aeed9ff444bd0ca5254cdf135) Importer(815301076,1909f56bfc062723c751e8b465ee728b)
Start importing Assets/MarkerBasedXREnvironment/MarkerBasedEnvironment.prefab using Guid(c84fc07aeed9ff444bd0ca5254cdf135) Importer(815301076,1909f56bfc062723c751e8b465ee728b)  -> (artifact id: '6057cd65111c2d50e27ab2a914bc744a') in 0.056066 seconds
Number of updated asset objects reloaded before import = 0
Number of asset objects unloaded after import = 58
========================================================================
Received Import Request.
  Time since last request: 4.187814 seconds.
  path: Assets/MarkerBasedXREnvironment/MarkerBasedEnvironment.prefab
  artifactKey: Guid(c84fc07aeed9ff444bd0ca5254cdf135) Importer(815301076,1909f56bfc062723c751e8b465ee728b)
Start importing Assets/MarkerBasedXREnvironment/MarkerBasedEnvironment.prefab using Guid(c84fc07aeed9ff444bd0ca5254cdf135) Importer(815301076,1909f56bfc062723c751e8b465ee728b)  -> (artifact id: 'c415b99f74a51880648aa6bb2266b946') in 0.054249 seconds
Number of updated asset objects reloaded before import = 0
Number of asset objects unloaded after import = 58
========================================================================
Received Import Request.
  Time since last request: 5.606535 seconds.
  path: Assets/MarkerBasedXREnvironment/MarkerBasedEnvironment.prefab
  artifactKey: Guid(c84fc07aeed9ff444bd0ca5254cdf135) Importer(815301076,1909f56bfc062723c751e8b465ee728b)
Start importing Assets/MarkerBasedXREnvironment/MarkerBasedEnvironment.prefab using Guid(c84fc07aeed9ff444bd0ca5254cdf135) Importer(815301076,1909f56bfc062723c751e8b465ee728b)  -> (artifact id: 'c8e35495df6bc6f0da25451c7955ef5d') in 0.050326 seconds
Number of updated asset objects reloaded before import = 0
Number of asset objects unloaded after import = 58
========================================================================
Received Import Request.
  Time since last request: 6.196768 seconds.
  path: Assets/MarkerBasedXREnvironment/MarkerBasedEnvironment.prefab
  artifactKey: Guid(c84fc07aeed9ff444bd0ca5254cdf135) Importer(815301076,1909f56bfc062723c751e8b465ee728b)
Start importing Assets/MarkerBasedXREnvironment/MarkerBasedEnvironment.prefab using Guid(c84fc07aeed9ff444bd0ca5254cdf135) Importer(815301076,1909f56bfc062723c751e8b465ee728b)  -> (artifact id: '2a70d5406a99523d4dce11a3870b7131') in 0.052468 seconds
Number of updated asset objects reloaded before import = 0
Number of asset objects unloaded after import = 58
========================================================================
Received Import Request.
  Time since last request: 11.630847 seconds.
  path: Assets/MarkerBasedXREnvironment/MarkerBasedEnvironment.prefab
  artifactKey: Guid(c84fc07aeed9ff444bd0ca5254cdf135) Importer(815301076,1909f56bfc062723c751e8b465ee728b)
Start importing Assets/MarkerBasedXREnvironment/MarkerBasedEnvironment.prefab using Guid(c84fc07aeed9ff444bd0ca5254cdf135) Importer(815301076,1909f56bfc062723c751e8b465ee728b)  -> (artifact id: 'd46587e8677efacce848c89521adf6c6') in 0.057273 seconds
Number of updated asset objects reloaded before import = 0
Number of asset objects unloaded after import = 58
========================================================================
Received Import Request.
  Time since last request: 2.577518 seconds.
  path: Assets/MarkerBasedXREnvironment/MarkerBasedEnvironment.prefab
  artifactKey: Guid(c84fc07aeed9ff444bd0ca5254cdf135) Importer(815301076,1909f56bfc062723c751e8b465ee728b)
Start importing Assets/MarkerBasedXREnvironment/MarkerBasedEnvironment.prefab using Guid(c84fc07aeed9ff444bd0ca5254cdf135) Importer(815301076,1909f56bfc062723c751e8b465ee728b)  -> (artifact id: 'a0413c0f6e6c1714c49d15cf000eeaec') in 0.056647 seconds
Number of updated asset objects reloaded before import = 0
Number of asset objects unloaded after import = 58
========================================================================
Received Import Request.
  Time since last request: 3.181122 seconds.
  path: Assets/MarkerBasedXREnvironment/MarkerBasedEnvironment.prefab
  artifactKey: Guid(c84fc07aeed9ff444bd0ca5254cdf135) Importer(815301076,1909f56bfc062723c751e8b465ee728b)
Start importing Assets/MarkerBasedXREnvironment/MarkerBasedEnvironment.prefab using Guid(c84fc07aeed9ff444bd0ca5254cdf135) Importer(815301076,1909f56bfc062723c751e8b465ee728b)  -> (artifact id: 'c25a9bc01a7bffd4540b7719eacdea7f') in 0.058445 seconds
Number of updated asset objects reloaded before import = 0
Number of asset objects unloaded after import = 58
========================================================================
Received Import Request.
  Time since last request: 499.617217 seconds.
  path: Assets/Scripts/ImageTracker.cs
  artifactKey: Guid(28c662e57954c6644b64ca7dc1245cfb) Importer(815301076,1909f56bfc062723c751e8b465ee728b)
Start importing Assets/Scripts/ImageTracker.cs using Guid(28c662e57954c6644b64ca7dc1245cfb) Importer(815301076,1909f56bfc062723c751e8b465ee728b)  -> (artifact id: '6123eaf59c6b5247b82e54b410eb23b8') in 0.001265 seconds
Number of updated asset objects reloaded before import = 0
Number of asset objects unloaded after import = 0
========================================================================
Received Prepare
Begin MonoManager ReloadAssembly
- Loaded All Assemblies, in  0.992 seconds
Refreshing native plugins compatible for Editor in 42.51 ms, found 10 plugins.
Native extension for WindowsStandalone target not found
Native extension for Android target not found
[Package Manager] Server::EnsureServerProcessIsRunning -- launch failed, reason: Unity was launched with the -noUpm command-line argument
[Package Manager] UpmClient::Send -- Unable to send message (not connected to UPM process).
[Package Manager] Cannot connect to Unity Package Manager local server
Mono: successfully reloaded assembly
[Package Manager] Server::EnsureServerProcessIsRunning -- launch failed, reason: Unity was launched with the -noUpm command-line argument
[Package Manager] UpmClient::Send -- Unable to send message (not connected to UPM process).
[Package Manager] Cannot connect to Unity Package Manager local server
- Finished resetting the current domain, in  2.580 seconds
Domain Reload Profiling: 3556ms
	BeginReloadAssembly (244ms)
		ExecutionOrderSort (0ms)
		DisableScriptedObjects (12ms)
		BackupInstance (0ms)
		ReleaseScriptingObjects (0ms)
		CreateAndSetChildDomain (57ms)
	RebuildCommonClasses (56ms)
	RebuildNativeTypeToScriptingClass (23ms)
	initialDomainReloadingComplete (90ms)
	LoadAllAssembliesAndSetupDomain (562ms)
		LoadAssemblies (578ms)
		RebuildTransferFunctionScriptingTraits (0ms)
		AnalyzeDomain (108ms)
			TypeCache.Refresh (18ms)
				TypeCache.ScanAssembly (2ms)
			ScanForSourceGeneratedMonoScriptInfo (59ms)
			ResolveRequiredComponents (28ms)
	FinalizeReload (2581ms)
		ReleaseScriptCaches (0ms)
		RebuildScriptCaches (0ms)
		SetupLoadedEditorAssemblies (806ms)
			LogAssemblyErrors (0ms)
			InitializePlatformSupportModulesInManaged (40ms)
			SetLoadedEditorAssemblies (7ms)
			RefreshPlugins (0ms)
			BeforeProcessingInitializeOnLoad (153ms)
			ProcessInitializeOnLoadAttributes (448ms)
			ProcessInitializeOnLoadMethodAttributes (146ms)
			AfterProcessingInitializeOnLoad (11ms)
			EditorAssembliesLoaded (0ms)
		ExecutionOrderSort2 (0ms)
		AwakeInstancesAfterBackupRestoration (31ms)
Refreshing native plugins compatible for Editor in 42.01 ms, found 10 plugins.
Preloading 0 native plugins for Editor in 0.00 ms.
Unloading 6535 Unused Serialized files (Serialized files now loaded: 0)
Unloading 92 unused Assets / (1.5 MB). Loaded Objects now: 7385.
Memory consumption went from 241.4 MB to 239.9 MB.
Total: 7.242200 ms (FindLiveObjects: 0.606400 ms CreateObjectMapping: 0.595300 ms MarkObjects: 4.867300 ms  DeleteObjects: 1.171800 ms)

Prepare: number of updated asset objects reloaded= 0
AssetImportParameters requested are different than current active one (requested -> active):
  custom:container-demuxer-ogg: 62fdf1f143b41e24485cea50d1cbac27 -> 
  custom:framework-win-MediaFoundation: 216162199b28c13a410421893ffa2e32 -> 
  custom:container-muxer-webm: aa71ff27fc2769a1b78a27578f13a17b -> 
  custom:video-decoder-webm-vp8: 9c59270c3fd7afecdb556c50c9e8de78 -> 
  custom:SearchIndexIgnoredProperties: e643bd26f0fe6173181afceb89e7c659 -> 
  custom:AudioImporter_EditorPlatform: d09bf68614088b80899f8185d706f6e7 -> 
  custom:audio-decoder-ogg-vorbis: bf7c407c2cedff20999df2af8eb42d56 -> 
  custom:audio-encoder-webm-vorbis: bf7c407c2cedff20999df2af8eb42d56 -> 
  custom:video-codec-MediaFoundation-h265: 746d11721c4dcdbdad8f713fa42b33f4 -> 
  custom:video-decoder-ogg-theora: a1e56fd34408186e4bbccfd4996cb3dc -> 
  custom:CustomObjectIndexerAttribute: 72b91833f83ae208fae7752999fa3104 -> 
  custom:container-demuxer-webm: 4f35f7cbe854078d1ac9338744f61a02 -> 
  custom:video-encoder-webm-vp8: eb34c28f22e8b96e1ab97ce403110664 -> 
========================================================================
Received Import Request.
  Time since last request: 275.434753 seconds.
  path: Assets/Scripts/ImageTracker.cs
  artifactKey: Guid(28c662e57954c6644b64ca7dc1245cfb) Importer(815301076,1909f56bfc062723c751e8b465ee728b)
Start importing Assets/Scripts/ImageTracker.cs using Guid(28c662e57954c6644b64ca7dc1245cfb) Importer(815301076,1909f56bfc062723c751e8b465ee728b)  -> (artifact id: '60e12dade3ed50fe3b6beca051e1cedb') in 0.007862 seconds
Number of updated asset objects reloaded before import = 0
Number of asset objects unloaded after import = 0
========================================================================
Received Prepare
Begin MonoManager ReloadAssembly
- Loaded All Assemblies, in  1.309 seconds
Refreshing native plugins compatible for Editor in 55.67 ms, found 10 plugins.
Native extension for WindowsStandalone target not found
Native extension for Android target not found
[Package Manager] Server::EnsureServerProcessIsRunning -- launch failed, reason: Unity was launched with the -noUpm command-line argument
[Package Manager] UpmClient::Send -- Unable to send message (not connected to UPM process).
[Package Manager] Cannot connect to Unity Package Manager local server
Mono: successfully reloaded assembly
[Package Manager] Server::EnsureServerProcessIsRunning -- launch failed, reason: Unity was launched with the -noUpm command-line argument
[Package Manager] UpmClient::Send -- Unable to send message (not connected to UPM process).
[Package Manager] Cannot connect to Unity Package Manager local server
- Finished resetting the current domain, in  3.040 seconds
Domain Reload Profiling: 4328ms
	BeginReloadAssembly (360ms)
		ExecutionOrderSort (0ms)
		DisableScriptedObjects (12ms)
		BackupInstance (0ms)
		ReleaseScriptingObjects (0ms)
		CreateAndSetChildDomain (85ms)
	RebuildCommonClasses (53ms)
	RebuildNativeTypeToScriptingClass (18ms)
	initialDomainReloadingComplete (121ms)
	LoadAllAssembliesAndSetupDomain (734ms)
		LoadAssemblies (769ms)
		RebuildTransferFunctionScriptingTraits (0ms)
		AnalyzeDomain (146ms)
			TypeCache.Refresh (24ms)
				TypeCache.ScanAssembly (2ms)
			ScanForSourceGeneratedMonoScriptInfo (83ms)
			ResolveRequiredComponents (37ms)
	FinalizeReload (3040ms)
		ReleaseScriptCaches (0ms)
		RebuildScriptCaches (0ms)
		SetupLoadedEditorAssemblies (1069ms)
			LogAssemblyErrors (0ms)
			InitializePlatformSupportModulesInManaged (45ms)
			SetLoadedEditorAssemblies (10ms)
			RefreshPlugins (0ms)
			BeforeProcessingInitializeOnLoad (218ms)
			ProcessInitializeOnLoadAttributes (598ms)
			ProcessInitializeOnLoadMethodAttributes (183ms)
			AfterProcessingInitializeOnLoad (16ms)
			EditorAssembliesLoaded (1ms)
		ExecutionOrderSort2 (0ms)
		AwakeInstancesAfterBackupRestoration (45ms)
Refreshing native plugins compatible for Editor in 33.92 ms, found 10 plugins.
Preloading 0 native plugins for Editor in 0.00 ms.
Unloading 6535 Unused Serialized files (Serialized files now loaded: 0)
Unloading 92 unused Assets / (1.6 MB). Loaded Objects now: 7390.
Memory consumption went from 243.4 MB to 241.8 MB.
Total: 9.548400 ms (FindLiveObjects: 0.611900 ms CreateObjectMapping: 0.668200 ms MarkObjects: 6.796100 ms  DeleteObjects: 1.470800 ms)

Prepare: number of updated asset objects reloaded= 0
AssetImportParameters requested are different than current active one (requested -> active):
  custom:container-demuxer-ogg: 62fdf1f143b41e24485cea50d1cbac27 -> 
  custom:framework-win-MediaFoundation: 216162199b28c13a410421893ffa2e32 -> 
  custom:container-muxer-webm: aa71ff27fc2769a1b78a27578f13a17b -> 
  custom:video-decoder-webm-vp8: 9c59270c3fd7afecdb556c50c9e8de78 -> 
  custom:SearchIndexIgnoredProperties: e643bd26f0fe6173181afceb89e7c659 -> 
  custom:AudioImporter_EditorPlatform: d09bf68614088b80899f8185d706f6e7 -> 
  custom:audio-decoder-ogg-vorbis: bf7c407c2cedff20999df2af8eb42d56 -> 
  custom:audio-encoder-webm-vorbis: bf7c407c2cedff20999df2af8eb42d56 -> 
  custom:video-codec-MediaFoundation-h265: 746d11721c4dcdbdad8f713fa42b33f4 -> 
  custom:video-decoder-ogg-theora: a1e56fd34408186e4bbccfd4996cb3dc -> 
  custom:CustomObjectIndexerAttribute: 72b91833f83ae208fae7752999fa3104 -> 
  custom:container-demuxer-webm: 4f35f7cbe854078d1ac9338744f61a02 -> 
  custom:video-encoder-webm-vp8: eb34c28f22e8b96e1ab97ce403110664 -> 
========================================================================
Received Prepare
Begin MonoManager ReloadAssembly
- Loaded All Assemblies, in  1.239 seconds
Refreshing native plugins compatible for Editor in 50.18 ms, found 10 plugins.
Native extension for WindowsStandalone target not found
Native extension for Android target not found
[Package Manager] Server::EnsureServerProcessIsRunning -- launch failed, reason: Unity was launched with the -noUpm command-line argument
[Package Manager] UpmClient::Send -- Unable to send message (not connected to UPM process).
[Package Manager] Cannot connect to Unity Package Manager local server
Mono: successfully reloaded assembly
[Package Manager] Server::EnsureServerProcessIsRunning -- launch failed, reason: Unity was launched with the -noUpm command-line argument
[Package Manager] UpmClient::Send -- Unable to send message (not connected to UPM process).
[Package Manager] Cannot connect to Unity Package Manager local server
- Finished resetting the current domain, in  3.406 seconds
Domain Reload Profiling: 4624ms
	BeginReloadAssembly (329ms)
		ExecutionOrderSort (0ms)
		DisableScriptedObjects (9ms)
		BackupInstance (0ms)
		ReleaseScriptingObjects (0ms)
		CreateAndSetChildDomain (87ms)
	RebuildCommonClasses (65ms)
	RebuildNativeTypeToScriptingClass (22ms)
	initialDomainReloadingComplete (135ms)
	LoadAllAssembliesAndSetupDomain (667ms)
		LoadAssemblies (760ms)
		RebuildTransferFunctionScriptingTraits (0ms)
		AnalyzeDomain (66ms)
			TypeCache.Refresh (16ms)
				TypeCache.ScanAssembly (0ms)
			ScanForSourceGeneratedMonoScriptInfo (1ms)
			ResolveRequiredComponents (45ms)
	FinalizeReload (3407ms)
		ReleaseScriptCaches (0ms)
		RebuildScriptCaches (0ms)
		SetupLoadedEditorAssemblies (1463ms)
			LogAssemblyErrors (0ms)
			InitializePlatformSupportModulesInManaged (60ms)
			SetLoadedEditorAssemblies (10ms)
			RefreshPlugins (0ms)
			BeforeProcessingInitializeOnLoad (230ms)
			ProcessInitializeOnLoadAttributes (858ms)
			ProcessInitializeOnLoadMethodAttributes (278ms)
			AfterProcessingInitializeOnLoad (25ms)
			EditorAssembliesLoaded (1ms)
		ExecutionOrderSort2 (0ms)
		AwakeInstancesAfterBackupRestoration (59ms)
Refreshing native plugins compatible for Editor in 59.69 ms, found 10 plugins.
Preloading 0 native plugins for Editor in 0.00 ms.
Unloading 6535 Unused Serialized files (Serialized files now loaded: 0)
Unloading 92 unused Assets / (1.5 MB). Loaded Objects now: 7395.
Memory consumption went from 245.3 MB to 243.7 MB.
Total: 11.033000 ms (FindLiveObjects: 0.830300 ms CreateObjectMapping: 0.881200 ms MarkObjects: 7.690500 ms  DeleteObjects: 1.629300 ms)

Prepare: number of updated asset objects reloaded= 0
AssetImportParameters requested are different than current active one (requested -> active):
  custom:container-demuxer-ogg: 62fdf1f143b41e24485cea50d1cbac27 -> 
  custom:framework-win-MediaFoundation: 216162199b28c13a410421893ffa2e32 -> 
  custom:container-muxer-webm: aa71ff27fc2769a1b78a27578f13a17b -> 
  custom:video-decoder-webm-vp8: 9c59270c3fd7afecdb556c50c9e8de78 -> 
  custom:SearchIndexIgnoredProperties: e643bd26f0fe6173181afceb89e7c659 -> 
  custom:AudioImporter_EditorPlatform: d09bf68614088b80899f8185d706f6e7 -> 
  custom:audio-decoder-ogg-vorbis: bf7c407c2cedff20999df2af8eb42d56 -> 
  custom:audio-encoder-webm-vorbis: bf7c407c2cedff20999df2af8eb42d56 -> 
  custom:video-codec-MediaFoundation-h265: 746d11721c4dcdbdad8f713fa42b33f4 -> 
  custom:video-decoder-ogg-theora: a1e56fd34408186e4bbccfd4996cb3dc -> 
  custom:CustomObjectIndexerAttribute: 72b91833f83ae208fae7752999fa3104 -> 
  custom:container-demuxer-webm: 4f35f7cbe854078d1ac9338744f61a02 -> 
  custom:video-encoder-webm-vp8: eb34c28f22e8b96e1ab97ce403110664 -> 
========================================================================
Received Import Request.
  Time since last request: 242.636364 seconds.
  path: Assets/ReferenceLibrary/CARS ReferenceImageLibrary.asset
  artifactKey: Guid(3a0afb323ecfc1e4ba0d9eea7de1f37f) Importer(815301076,1909f56bfc062723c751e8b465ee728b)
Start importing Assets/ReferenceLibrary/CARS ReferenceImageLibrary.asset using Guid(3a0afb323ecfc1e4ba0d9eea7de1f37f) Importer(815301076,1909f56bfc062723c751e8b465ee728b)  -> (artifact id: 'a9a90d9d31bfced2e6d4934bd9309d0c') in 0.062784 seconds
Number of updated asset objects reloaded before import = 0
Number of asset objects unloaded after import = 4
========================================================================
Received Import Request.
  Time since last request: 64.115976 seconds.
  path: Assets/UnityXRContent/ARFoundation/SimulationEnvironments/Park/Prefab/Custom/Bleacher Set.prefab
  artifactKey: Guid(e9ba31b0ddbc8e343bf74176dddde32f) Importer(815301076,1909f56bfc062723c751e8b465ee728b)
Start importing Assets/UnityXRContent/ARFoundation/SimulationEnvironments/Park/Prefab/Custom/Bleacher Set.prefab using Guid(e9ba31b0ddbc8e343bf74176dddde32f) Importer(815301076,1909f56bfc062723c751e8b465ee728b)  -> (artifact id: '1552afe95c4d9eda004608c62883c959') in 0.618961 seconds
Number of updated asset objects reloaded before import = 0
Number of asset objects unloaded after import = 118
========================================================================
Received Import Request.
  Time since last request: 0.000052 seconds.
  path: Assets/UnityXRContent/ARFoundation/SimulationEnvironments/Common/Prefab/Custom/Book_Hardcover_CN002.prefab
  artifactKey: Guid(eb7569402bfb1d843b19f0434b212739) Importer(815301076,1909f56bfc062723c751e8b465ee728b)
Start importing Assets/UnityXRContent/ARFoundation/SimulationEnvironments/Common/Prefab/Custom/Book_Hardcover_CN002.prefab using Guid(eb7569402bfb1d843b19f0434b212739) Importer(815301076,1909f56bfc062723c751e8b465ee728b)  -> (artifact id: '520e20d9b22796d5eadb4efb95c8381f') in 0.037269 seconds
Number of updated asset objects reloaded before import = 0
Number of asset objects unloaded after import = 23
========================================================================
Received Import Request.
  Time since last request: 0.000048 seconds.
  path: Assets/UnityXRContent/ARFoundation/SimulationEnvironments/Common/Prefab/Custom/Book_Hardcover_CN003.prefab
  artifactKey: Guid(7d16b5d287b0370489e512f5f4717785) Importer(815301076,1909f56bfc062723c751e8b465ee728b)
Start importing Assets/UnityXRContent/ARFoundation/SimulationEnvironments/Common/Prefab/Custom/Book_Hardcover_CN003.prefab using Guid(7d16b5d287b0370489e512f5f4717785) Importer(815301076,1909f56bfc062723c751e8b465ee728b)  -> (artifact id: 'd0b7a9315599a0fa7070da4aabbc722d') in 0.030404 seconds
Number of updated asset objects reloaded before import = 0
Number of asset objects unloaded after import = 23
========================================================================
Received Import Request.
  Time since last request: 0.000035 seconds.
  path: Assets/UnityXRContent/ARFoundation/SimulationEnvironments/Common/Prefab/Book_Hardcover_CN001.prefab
  artifactKey: Guid(9b561251ee2e80747bad228d51fafa8f) Importer(815301076,1909f56bfc062723c751e8b465ee728b)
Start importing Assets/UnityXRContent/ARFoundation/SimulationEnvironments/Common/Prefab/Book_Hardcover_CN001.prefab using Guid(9b561251ee2e80747bad228d51fafa8f) Importer(815301076,1909f56bfc062723c751e8b465ee728b)  -> (artifact id: 'c938d52a3598b95a46b83c0226e4bd65') in 0.034649 seconds
Number of updated asset objects reloaded before import = 0
Number of asset objects unloaded after import = 17
Editor requested this worker to shutdown with reason: Scaling down because of idle timeout
TcpMessagingSession - receive error: operation aborted. errorcode: 995, details: The I/O operation has been aborted because of either a thread exit or an application request.
AssetImportWorker is now disconnected from the server
Process exiting
Exiting without the bug reporter. Application will terminate with return code 0