Using pre-set license
Built from '2022.3/staging' branch; Version is '2022.3.22f1 (887be4894c44) revision 8944612'; Using compiler version '192829333'; Build Type 'Release'
OS: 'Windows 11  (10.0.26100) 64bit Professional' Language: 'en' Physical Memory: 32085 MB
BatchMode: 1, IsHumanControllingUs: 0, StartBugReporterOnCrash: 0, Is64bit: 1, IsPro: 1

COMMAND LINE ARGUMENTS:
C:\Program Files\Unity\Hub\Editor\2022.3.22f1\Editor\Unity.exe
-adb2
-batchMode
-noUpm
-name
AssetImportWorker0
-projectPath
C:/Users/HP/OneDrive/Documents/GitHub/AR_Vehicle_Showcase_Final_Project_Iad
-logFile
Logs/AssetImportWorker0.log
-srvPort
55399
Successfully changed project path to: C:/Users/HP/OneDrive/Documents/GitHub/AR_Vehicle_Showcase_Final_Project_Iad
C:/Users/HP/OneDrive/Documents/GitHub/AR_Vehicle_Showcase_Final_Project_Iad
[UnityMemory] Configuration Parameters - Can be set up in boot.config
    "memorysetup-bucket-allocator-granularity=16"
    "memorysetup-bucket-allocator-bucket-count=8"
    "memorysetup-bucket-allocator-block-size=33554432"
    "memorysetup-bucket-allocator-block-count=8"
    "memorysetup-main-allocator-block-size=16777216"
    "memorysetup-thread-allocator-block-size=16777216"
    "memorysetup-gfx-main-allocator-block-size=16777216"
    "memorysetup-gfx-thread-allocator-block-size=16777216"
    "memorysetup-cache-allocator-block-size=4194304"
    "memorysetup-typetree-allocator-block-size=2097152"
    "memorysetup-profiler-bucket-allocator-granularity=16"
    "memorysetup-profiler-bucket-allocator-bucket-count=8"
    "memorysetup-profiler-bucket-allocator-block-size=33554432"
    "memorysetup-profiler-bucket-allocator-block-count=8"
    "memorysetup-profiler-allocator-block-size=16777216"
    "memorysetup-profiler-editor-allocator-block-size=1048576"
    "memorysetup-temp-allocator-size-main=16777216"
    "memorysetup-job-temp-allocator-block-size=2097152"
    "memorysetup-job-temp-allocator-block-size-background=1048576"
    "memorysetup-job-temp-allocator-reduction-small-platforms=262144"
    "memorysetup-allocator-temp-initial-block-size-main=262144"
    "memorysetup-allocator-temp-initial-block-size-worker=262144"
    "memorysetup-temp-allocator-size-background-worker=32768"
    "memorysetup-temp-allocator-size-job-worker=262144"
    "memorysetup-temp-allocator-size-preload-manager=33554432"
    "memorysetup-temp-allocator-size-nav-mesh-worker=65536"
    "memorysetup-temp-allocator-size-audio-worker=65536"
    "memorysetup-temp-allocator-size-cloud-worker=32768"
    "memorysetup-temp-allocator-size-gi-baking-worker=262144"
    "memorysetup-temp-allocator-size-gfx=262144"
Player connection [20516] Host "[IP] 192.168.1.106 [Port] 0 [Flags] 2 [Guid] 3781117117 [EditorId] 3781117117 [Version] 1048832 [Id] WindowsEditor(7,DESKTOP-61RAPS2) [Debug] 1 [PackageName] WindowsEditor [ProjectName] Editor" joined multi-casting on [225.0.0.222:54997]...

Player connection [20516] Host "[IP] 192.168.1.106 [Port] 0 [Flags] 2 [Guid] 3781117117 [EditorId] 3781117117 [Version] 1048832 [Id] WindowsEditor(7,DESKTOP-61RAPS2) [Debug] 1 [PackageName] WindowsEditor [ProjectName] Editor" joined alternative multi-casting on [225.0.0.222:34997]...

[Physics::Module] Initialized MultithreadedJobDispatcher with 11 workers.
Refreshing native plugins compatible for Editor in 63.44 ms, found 10 plugins.
Preloading 0 native plugins for Editor in 0.00 ms.
Initialize engine version: 2022.3.22f1 (887be4894c44)
[Subsystems] Discovering subsystems at path C:/Program Files/Unity/Hub/Editor/2022.3.22f1/Editor/Data/Resources/UnitySubsystems
[Subsystems] Discovering subsystems at path C:/Users/HP/OneDrive/Documents/GitHub/AR_Vehicle_Showcase_Final_Project_Iad/Assets
GfxDevice: creating device client; threaded=0; jobified=0
Direct3D:
    Version:  Direct3D 11.0 [level 11.1]
    Renderer: NVIDIA Quadro P520 (ID=0x1d34)
    Vendor:   NVIDIA
    VRAM:     4012 MB
    Driver:   32.0.15.6624
Initialize mono
Mono path[0] = 'C:/Program Files/Unity/Hub/Editor/2022.3.22f1/Editor/Data/Managed'
Mono path[1] = 'C:/Program Files/Unity/Hub/Editor/2022.3.22f1/Editor/Data/MonoBleedingEdge/lib/mono/unityjit-win32'
Mono config path = 'C:/Program Files/Unity/Hub/Editor/2022.3.22f1/Editor/Data/MonoBleedingEdge/etc'
Using monoOptions --debugger-agent=transport=dt_socket,embedding=1,server=y,suspend=n,address=127.0.0.1:56540
Begin MonoManager ReloadAssembly
Registering precompiled unity dll's ...
Register platform support module: C:/Program Files/Unity/Hub/Editor/2022.3.22f1/Editor/Data/PlaybackEngines/AndroidPlayer/UnityEditor.Android.Extensions.dll
Register platform support module: C:/Program Files/Unity/Hub/Editor/2022.3.22f1/Editor/Data/PlaybackEngines/WindowsStandaloneSupport/UnityEditor.WindowsStandalone.Extensions.dll
Registered in 0.020018 seconds.
- Loaded All Assemblies, in  0.717 seconds
Native extension for WindowsStandalone target not found
Native extension for Android target not found
Android Extension - Scanning For ADB Devices 774 ms
Mono: successfully reloaded assembly
- Finished resetting the current domain, in  1.444 seconds
Domain Reload Profiling: 2155ms
	BeginReloadAssembly (195ms)
		ExecutionOrderSort (0ms)
		DisableScriptedObjects (0ms)
		BackupInstance (0ms)
		ReleaseScriptingObjects (0ms)
		CreateAndSetChildDomain (1ms)
	RebuildCommonClasses (64ms)
	RebuildNativeTypeToScriptingClass (18ms)
	initialDomainReloadingComplete (115ms)
	LoadAllAssembliesAndSetupDomain (318ms)
		LoadAssemblies (191ms)
		RebuildTransferFunctionScriptingTraits (0ms)
		AnalyzeDomain (314ms)
			TypeCache.Refresh (312ms)
				TypeCache.ScanAssembly (288ms)
			ScanForSourceGeneratedMonoScriptInfo (1ms)
			ResolveRequiredComponents (1ms)
	FinalizeReload (1444ms)
		ReleaseScriptCaches (0ms)
		RebuildScriptCaches (0ms)
		SetupLoadedEditorAssemblies (1340ms)
			LogAssemblyErrors (0ms)
			InitializePlatformSupportModulesInManaged (1005ms)
			SetLoadedEditorAssemblies (9ms)
			RefreshPlugins (0ms)
			BeforeProcessingInitializeOnLoad (4ms)
			ProcessInitializeOnLoadAttributes (208ms)
			ProcessInitializeOnLoadMethodAttributes (114ms)
			AfterProcessingInitializeOnLoad (0ms)
			EditorAssembliesLoaded (0ms)
		ExecutionOrderSort2 (0ms)
		AwakeInstancesAfterBackupRestoration (0ms)
========================================================================
Worker process is ready to serve import requests
Begin MonoManager ReloadAssembly
- Loaded All Assemblies, in  1.830 seconds
Refreshing native plugins compatible for Editor in 37.66 ms, found 10 plugins.
Native extension for WindowsStandalone target not found
Native extension for Android target not found
Package Manager log level set to [2]
[Package Manager] Server::EnsureServerProcessIsRunning -- launch failed, reason: Unity was launched with the -noUpm command-line argument
[Package Manager] UpmClient::Send -- Unable to send message (not connected to UPM process).
[Package Manager] Cannot connect to Unity Package Manager local server
Mono: successfully reloaded assembly
[Package Manager] Server::EnsureServerProcessIsRunning -- launch failed, reason: Unity was launched with the -noUpm command-line argument
[Package Manager] UpmClient::Send -- Unable to send message (not connected to UPM process).
[Package Manager] Cannot connect to Unity Package Manager local server
[Package Manager] Server::EnsureServerProcessIsRunning -- launch failed, reason: Unity was launched with the -noUpm command-line argument
[Package Manager] UpmClient::Send -- Unable to send message (not connected to UPM process).
[Package Manager] Cannot connect to Unity Package Manager local server
- Finished resetting the current domain, in  1.808 seconds
Domain Reload Profiling: 3623ms
	BeginReloadAssembly (339ms)
		ExecutionOrderSort (0ms)
		DisableScriptedObjects (14ms)
		BackupInstance (0ms)
		ReleaseScriptingObjects (0ms)
		CreateAndSetChildDomain (46ms)
	RebuildCommonClasses (65ms)
	RebuildNativeTypeToScriptingClass (19ms)
	initialDomainReloadingComplete (170ms)
	LoadAllAssembliesAndSetupDomain (1222ms)
		LoadAssemblies (823ms)
		RebuildTransferFunctionScriptingTraits (0ms)
		AnalyzeDomain (598ms)
			TypeCache.Refresh (485ms)
				TypeCache.ScanAssembly (441ms)
			ScanForSourceGeneratedMonoScriptInfo (79ms)
			ResolveRequiredComponents (31ms)
	FinalizeReload (1809ms)
		ReleaseScriptCaches (0ms)
		RebuildScriptCaches (0ms)
		SetupLoadedEditorAssemblies (1322ms)
			LogAssemblyErrors (0ms)
			InitializePlatformSupportModulesInManaged (52ms)
			SetLoadedEditorAssemblies (13ms)
			RefreshPlugins (0ms)
			BeforeProcessingInitializeOnLoad (261ms)
			ProcessInitializeOnLoadAttributes (757ms)
			ProcessInitializeOnLoadMethodAttributes (222ms)
			AfterProcessingInitializeOnLoad (17ms)
			EditorAssembliesLoaded (0ms)
		ExecutionOrderSort2 (0ms)
		AwakeInstancesAfterBackupRestoration (17ms)
Launched and connected shader compiler UnityShaderCompiler.exe after 0.11 seconds
Refreshing native plugins compatible for Editor in 41.86 ms, found 10 plugins.
Preloading 0 native plugins for Editor in 0.00 ms.
Unloading 6731 Unused Serialized files (Serialized files now loaded: 0)
Unloading 131 unused Assets / (1.6 MB). Loaded Objects now: 7206.
Memory consumption went from 269.3 MB to 267.8 MB.
Total: 9.630400 ms (FindLiveObjects: 0.900800 ms CreateObjectMapping: 0.895900 ms MarkObjects: 6.575900 ms  DeleteObjects: 1.256000 ms)

AssetImportParameters requested are different than current active one (requested -> active):
  custom:container-demuxer-ogg: 62fdf1f143b41e24485cea50d1cbac27 -> 
  custom:framework-win-MediaFoundation: 216162199b28c13a410421893ffa2e32 -> 
  custom:container-muxer-webm: aa71ff27fc2769a1b78a27578f13a17b -> 
  custom:video-decoder-webm-vp8: 9c59270c3fd7afecdb556c50c9e8de78 -> 
  custom:SearchIndexIgnoredProperties: e643bd26f0fe6173181afceb89e7c659 -> 
  custom:AudioImporter_EditorPlatform: d09bf68614088b80899f8185d706f6e7 -> 
  custom:audio-decoder-ogg-vorbis: bf7c407c2cedff20999df2af8eb42d56 -> 
  custom:audio-encoder-webm-vorbis: bf7c407c2cedff20999df2af8eb42d56 -> 
  custom:video-codec-MediaFoundation-h265: 746d11721c4dcdbdad8f713fa42b33f4 -> 
  custom:video-decoder-ogg-theora: a1e56fd34408186e4bbccfd4996cb3dc -> 
  custom:CustomObjectIndexerAttribute: 72b91833f83ae208fae7752999fa3104 -> 
  custom:container-demuxer-webm: 4f35f7cbe854078d1ac9338744f61a02 -> 
  custom:video-encoder-webm-vp8: eb34c28f22e8b96e1ab97ce403110664 -> 
========================================================================
Received Import Request.
  Time since last request: 33012.641426 seconds.
  path: Assets/TextMesh Pro
  artifactKey: Guid(f54d1bd14bd3ca042bd867b519fee8cc) Importer(815301076,1909f56bfc062723c751e8b465ee728b)
Start importing Assets/TextMesh Pro using Guid(f54d1bd14bd3ca042bd867b519fee8cc) Importer(815301076,1909f56bfc062723c751e8b465ee728b)  -> (artifact id: '539788fea73926d38e17274c55d5d4cc') in 0.006124 seconds
Number of updated asset objects reloaded before import = 0
Number of asset objects unloaded after import = 0
========================================================================
Received Import Request.
  Time since last request: 0.000042 seconds.
  path: Assets/UnityXRContent
  artifactKey: Guid(81fbb07bfae2206489da2bdf0c57cc51) Importer(815301076,1909f56bfc062723c751e8b465ee728b)
Start importing Assets/UnityXRContent using Guid(81fbb07bfae2206489da2bdf0c57cc51) Importer(815301076,1909f56bfc062723c751e8b465ee728b)  -> (artifact id: 'b838333aae6244a1a3fab05d0ff6607e') in 0.001646 seconds
Number of updated asset objects reloaded before import = 0
Number of asset objects unloaded after import = 0
========================================================================
Received Import Request.
  Time since last request: 0.000440 seconds.
  path: Assets/TextMesh Pro/Shaders
  artifactKey: Guid(e9f693669af91aa45ad615fc681ed29f) Importer(815301076,1909f56bfc062723c751e8b465ee728b)
Start importing Assets/TextMesh Pro/Shaders using Guid(e9f693669af91aa45ad615fc681ed29f) Importer(815301076,1909f56bfc062723c751e8b465ee728b)  -> (artifact id: 'c6960dee5de2ff9e40508c89b3626e22') in 0.001615 seconds
Number of updated asset objects reloaded before import = 0
Number of asset objects unloaded after import = 0
========================================================================
Received Import Request.
  Time since last request: 0.000171 seconds.
  path: Assets/TextMesh Pro/Shaders/TMPro_Properties.cginc
  artifactKey: Guid(3997e2241185407d80309a82f9148466) Importer(815301076,1909f56bfc062723c751e8b465ee728b)
Start importing Assets/TextMesh Pro/Shaders/TMPro_Properties.cginc using Guid(3997e2241185407d80309a82f9148466) Importer(815301076,1909f56bfc062723c751e8b465ee728b)  -> (artifact id: 'db027113656ad476236f634856b9e53e') in 0.020534 seconds
Number of updated asset objects reloaded before import = 0
Number of asset objects unloaded after import = 1
========================================================================
Received Import Request.
  Time since last request: 59.087303 seconds.
  path: Assets/MultipleColorPicker/Textures/color_circle_pointer.png
  artifactKey: Guid(a8aa535d5a1498c4c96de8b99e8dfbd1) Importer(815301076,1909f56bfc062723c751e8b465ee728b)
Start importing Assets/MultipleColorPicker/Textures/color_circle_pointer.png using Guid(a8aa535d5a1498c4c96de8b99e8dfbd1) Importer(815301076,1909f56bfc062723c751e8b465ee728b)  -> (artifact id: '79c8a1472685b0e05b642ee9bee61acd') in 0.068502 seconds
Number of updated asset objects reloaded before import = 0
Number of asset objects unloaded after import = 2
========================================================================
Received Import Request.
  Time since last request: 0.000036 seconds.
  path: Assets/MultipleColorPicker/Textures/color_slider_pointer.png
  artifactKey: Guid(cf47f5962835301418b3faa8e49a70e2) Importer(815301076,1909f56bfc062723c751e8b465ee728b)
Start importing Assets/MultipleColorPicker/Textures/color_slider_pointer.png using Guid(cf47f5962835301418b3faa8e49a70e2) Importer(815301076,1909f56bfc062723c751e8b465ee728b)  -> (artifact id: 'c8d12ea73b8e703ad771337d7cefcf01') in 0.012280 seconds
Number of updated asset objects reloaded before import = 0
Number of asset objects unloaded after import = 2
========================================================================
Received Import Request.
  Time since last request: 0.000020 seconds.
  path: Assets/MultipleColorPicker/Textures/current_color.png
  artifactKey: Guid(5ed6001f58ef5374f8332e14642abab4) Importer(815301076,1909f56bfc062723c751e8b465ee728b)
Start importing Assets/MultipleColorPicker/Textures/current_color.png using Guid(5ed6001f58ef5374f8332e14642abab4) Importer(815301076,1909f56bfc062723c751e8b465ee728b)  -> (artifact id: 'be45b78a03ba3c92ca021e2283658449') in 0.009778 seconds
Number of updated asset objects reloaded before import = 0
Number of asset objects unloaded after import = 2
========================================================================
Received Prepare
Begin MonoManager ReloadAssembly
- Loaded All Assemblies, in  1.042 seconds
Refreshing native plugins compatible for Editor in 33.05 ms, found 10 plugins.
Native extension for WindowsStandalone target not found
Native extension for Android target not found
[Package Manager] Server::EnsureServerProcessIsRunning -- launch failed, reason: Unity was launched with the -noUpm command-line argument
[Package Manager] UpmClient::Send -- Unable to send message (not connected to UPM process).
[Package Manager] Cannot connect to Unity Package Manager local server
Mono: successfully reloaded assembly
[Package Manager] Server::EnsureServerProcessIsRunning -- launch failed, reason: Unity was launched with the -noUpm command-line argument
[Package Manager] UpmClient::Send -- Unable to send message (not connected to UPM process).
[Package Manager] Cannot connect to Unity Package Manager local server
- Finished resetting the current domain, in  2.797 seconds
Domain Reload Profiling: 3828ms
	BeginReloadAssembly (293ms)
		ExecutionOrderSort (0ms)
		DisableScriptedObjects (7ms)
		BackupInstance (0ms)
		ReleaseScriptingObjects (0ms)
		CreateAndSetChildDomain (61ms)
	RebuildCommonClasses (55ms)
	RebuildNativeTypeToScriptingClass (18ms)
	initialDomainReloadingComplete (127ms)
	LoadAllAssembliesAndSetupDomain (537ms)
		LoadAssemblies (664ms)
		RebuildTransferFunctionScriptingTraits (0ms)
		AnalyzeDomain (40ms)
			TypeCache.Refresh (10ms)
				TypeCache.ScanAssembly (0ms)
			ScanForSourceGeneratedMonoScriptInfo (0ms)
			ResolveRequiredComponents (28ms)
	FinalizeReload (2799ms)
		ReleaseScriptCaches (0ms)
		RebuildScriptCaches (0ms)
		SetupLoadedEditorAssemblies (1230ms)
			LogAssemblyErrors (0ms)
			InitializePlatformSupportModulesInManaged (57ms)
			SetLoadedEditorAssemblies (9ms)
			RefreshPlugins (0ms)
			BeforeProcessingInitializeOnLoad (210ms)
			ProcessInitializeOnLoadAttributes (722ms)
			ProcessInitializeOnLoadMethodAttributes (214ms)
			AfterProcessingInitializeOnLoad (19ms)
			EditorAssembliesLoaded (1ms)
		ExecutionOrderSort2 (0ms)
		AwakeInstancesAfterBackupRestoration (42ms)
Refreshing native plugins compatible for Editor in 48.67 ms, found 10 plugins.
Preloading 0 native plugins for Editor in 0.00 ms.
Unloading 6540 Unused Serialized files (Serialized files now loaded: 0)
Unloading 93 unused Assets / (1.7 MB). Loaded Objects now: 7216.
Memory consumption went from 233.8 MB to 232.2 MB.
Total: 9.591700 ms (FindLiveObjects: 0.768400 ms CreateObjectMapping: 0.854300 ms MarkObjects: 6.647000 ms  DeleteObjects: 1.320300 ms)

Prepare: number of updated asset objects reloaded= 0
AssetImportParameters requested are different than current active one (requested -> active):
  custom:container-demuxer-ogg: 62fdf1f143b41e24485cea50d1cbac27 -> 
  custom:framework-win-MediaFoundation: 216162199b28c13a410421893ffa2e32 -> 
  custom:container-muxer-webm: aa71ff27fc2769a1b78a27578f13a17b -> 
  custom:video-decoder-webm-vp8: 9c59270c3fd7afecdb556c50c9e8de78 -> 
  custom:SearchIndexIgnoredProperties: e643bd26f0fe6173181afceb89e7c659 -> 
  custom:AudioImporter_EditorPlatform: d09bf68614088b80899f8185d706f6e7 -> 
  custom:audio-decoder-ogg-vorbis: bf7c407c2cedff20999df2af8eb42d56 -> 
  custom:audio-encoder-webm-vorbis: bf7c407c2cedff20999df2af8eb42d56 -> 
  custom:video-codec-MediaFoundation-h265: 746d11721c4dcdbdad8f713fa42b33f4 -> 
  custom:video-decoder-ogg-theora: a1e56fd34408186e4bbccfd4996cb3dc -> 
  custom:CustomObjectIndexerAttribute: 72b91833f83ae208fae7752999fa3104 -> 
  custom:container-demuxer-webm: 4f35f7cbe854078d1ac9338744f61a02 -> 
  custom:video-encoder-webm-vp8: eb34c28f22e8b96e1ab97ce403110664 -> 
========================================================================
Received Import Request.
  Time since last request: 211.208845 seconds.
  path: Assets/Prefabs/CARS.prefab
  artifactKey: Guid(8511003c3b55a7447a84a95201f13862) Importer(815301076,1909f56bfc062723c751e8b465ee728b)
Start importing Assets/Prefabs/CARS.prefab using Guid(8511003c3b55a7447a84a95201f13862) Importer(815301076,1909f56bfc062723c751e8b465ee728b)  -> (artifact id: '1b1cfead636341f50355a465fe4be527') in 4.167905 seconds
Number of updated asset objects reloaded before import = 0
Number of asset objects unloaded after import = 6998
========================================================================
Received Import Request.
  Time since last request: 477.746878 seconds.
  path: Assets/ImportedCars/BMW/materials/Material_279_16.mat
  artifactKey: Guid(bf14a4e375cc5b4449c20e6d9ae2e786) Importer(815301076,1909f56bfc062723c751e8b465ee728b)
Start importing Assets/ImportedCars/BMW/materials/Material_279_16.mat using Guid(bf14a4e375cc5b4449c20e6d9ae2e786) Importer(815301076,1909f56bfc062723c751e8b465ee728b)  -> (artifact id: 'b267aa780a264bf3979408656e0055ba') in 0.053271 seconds
Number of updated asset objects reloaded before import = 0
Number of asset objects unloaded after import = 3
========================================================================
Received Import Request.
  Time since last request: 0.151344 seconds.
  path: Assets/ImportedCars/BMW/materials/Material_538_30.mat
  artifactKey: Guid(510e2790f90c41c49b5a7c604faafd51) Importer(815301076,1909f56bfc062723c751e8b465ee728b)
Start importing Assets/ImportedCars/BMW/materials/Material_538_30.mat using Guid(510e2790f90c41c49b5a7c604faafd51) Importer(815301076,1909f56bfc062723c751e8b465ee728b)  -> (artifact id: 'a19e44e21fc3986e7698dc25119892cc') in 0.209911 seconds
Number of updated asset objects reloaded before import = 0
Number of asset objects unloaded after import = 3
========================================================================
Received Import Request.
  Time since last request: 0.000031 seconds.
  path: Assets/ImportedCars/BMW/materials/Material_774_26.mat
  artifactKey: Guid(8c25ac458f5dc5d438bc69b7c3134979) Importer(815301076,1909f56bfc062723c751e8b465ee728b)
Start importing Assets/ImportedCars/BMW/materials/Material_774_26.mat using Guid(8c25ac458f5dc5d438bc69b7c3134979) Importer(815301076,1909f56bfc062723c751e8b465ee728b)  -> (artifact id: 'aff3cafcef76561c31a554b488672589') in 0.031757 seconds
Number of updated asset objects reloaded before import = 0
Number of asset objects unloaded after import = 3
========================================================================
Received Import Request.
  Time since last request: 0.000285 seconds.
  path: Assets/ImportedCars/BMW/materials/Material_848_41.mat
  artifactKey: Guid(d36c2e03308068d4488ffd1f69cc1910) Importer(815301076,1909f56bfc062723c751e8b465ee728b)
Start importing Assets/ImportedCars/BMW/materials/Material_848_41.mat using Guid(d36c2e03308068d4488ffd1f69cc1910) Importer(815301076,1909f56bfc062723c751e8b465ee728b)  -> (artifact id: 'b02396dcabf44e4104ce78f9ddc3e5da') in 0.028262 seconds
Number of updated asset objects reloaded before import = 0
Number of asset objects unloaded after import = 3
========================================================================
Received Import Request.
  Time since last request: 0.000035 seconds.
  path: Assets/ImportedCars/BMW/materials/Material_804_37.mat
  artifactKey: Guid(9cca619e1d15e8e4793d2ce769cb16f4) Importer(815301076,1909f56bfc062723c751e8b465ee728b)
Start importing Assets/ImportedCars/BMW/materials/Material_804_37.mat using Guid(9cca619e1d15e8e4793d2ce769cb16f4) Importer(815301076,1909f56bfc062723c751e8b465ee728b)  -> (artifact id: '6ceb4aab362596f20a21060f379bdd7e') in 0.024158 seconds
Number of updated asset objects reloaded before import = 0
Number of asset objects unloaded after import = 2
========================================================================
Received Import Request.
  Time since last request: 0.000042 seconds.
  path: Assets/ImportedCars/BMW/materials/Material_776_28.mat
  artifactKey: Guid(eb774c09d1250fc45909bc9229755885) Importer(815301076,1909f56bfc062723c751e8b465ee728b)
Start importing Assets/ImportedCars/BMW/materials/Material_776_28.mat using Guid(eb774c09d1250fc45909bc9229755885) Importer(815301076,1909f56bfc062723c751e8b465ee728b)  -> (artifact id: '5521661cf287c1e75ace98217c3c8a95') in 0.022573 seconds
Number of updated asset objects reloaded before import = 0
Number of asset objects unloaded after import = 2
========================================================================
Received Import Request.
  Time since last request: 0.000036 seconds.
  path: Assets/ImportedCars/BMW/materials/Material_752_21.mat
  artifactKey: Guid(e53c417939e149d44ae5ba39e31239d4) Importer(815301076,1909f56bfc062723c751e8b465ee728b)
Start importing Assets/ImportedCars/BMW/materials/Material_752_21.mat using Guid(e53c417939e149d44ae5ba39e31239d4) Importer(815301076,1909f56bfc062723c751e8b465ee728b)  -> (artifact id: 'e837e12995046e62f9d2dee9d299bcca') in 0.026227 seconds
Number of updated asset objects reloaded before import = 0
Number of asset objects unloaded after import = 2
========================================================================
Received Import Request.
  Time since last request: 0.000119 seconds.
  path: Assets/ImportedCars/BMW/materials/Material_700_8.mat
  artifactKey: Guid(b63c5bad048a7ff4796d648bda08b357) Importer(815301076,1909f56bfc062723c751e8b465ee728b)
Start importing Assets/ImportedCars/BMW/materials/Material_700_8.mat using Guid(b63c5bad048a7ff4796d648bda08b357) Importer(815301076,1909f56bfc062723c751e8b465ee728b)  -> (artifact id: '366e9253d6477ad311607df2c797e8d5') in 0.020823 seconds
Number of updated asset objects reloaded before import = 0
Number of asset objects unloaded after import = 2
========================================================================
Received Import Request.
  Time since last request: 0.000243 seconds.
  path: Assets/ImportedCars/BMW/materials/Material_740_19.mat
  artifactKey: Guid(1faa8ae587c0d32449b0972520c1024a) Importer(815301076,1909f56bfc062723c751e8b465ee728b)
Start importing Assets/ImportedCars/BMW/materials/Material_740_19.mat using Guid(1faa8ae587c0d32449b0972520c1024a) Importer(815301076,1909f56bfc062723c751e8b465ee728b)  -> (artifact id: '05833da733894e0e0dd938e3b28501cd') in 0.063550 seconds
Number of updated asset objects reloaded before import = 0
Number of asset objects unloaded after import = 2
========================================================================
Received Import Request.
  Time since last request: 0.000038 seconds.
  path: Assets/ImportedCars/BMW/materials/Material_716_15.mat
  artifactKey: Guid(bf7890b0af9cd7c46914f6fde78d3cd7) Importer(815301076,1909f56bfc062723c751e8b465ee728b)
Start importing Assets/ImportedCars/BMW/materials/Material_716_15.mat using Guid(bf7890b0af9cd7c46914f6fde78d3cd7) Importer(815301076,1909f56bfc062723c751e8b465ee728b)  -> (artifact id: 'a0bc9ed8cad103b6091cc568d1b3ed3b') in 0.019940 seconds
Number of updated asset objects reloaded before import = 0
Number of asset objects unloaded after import = 2
========================================================================
Received Import Request.
  Time since last request: 0.000029 seconds.
  path: Assets/ImportedCars/BMW/materials/Material_753_22.mat
  artifactKey: Guid(7b4c0b9c4e8e88c4c84d9a23e334c5f0) Importer(815301076,1909f56bfc062723c751e8b465ee728b)
Start importing Assets/ImportedCars/BMW/materials/Material_753_22.mat using Guid(7b4c0b9c4e8e88c4c84d9a23e334c5f0) Importer(815301076,1909f56bfc062723c751e8b465ee728b)  -> (artifact id: 'f291ecc8a0078ad961505ac1226743a3') in 0.023352 seconds
Number of updated asset objects reloaded before import = 0
Number of asset objects unloaded after import = 2
========================================================================
Received Import Request.
  Time since last request: 0.000040 seconds.
  path: Assets/ImportedCars/BMW/materials/Material_847_40.mat
  artifactKey: Guid(ac6cd143f3c21e749b6d1b870f8f4cab) Importer(815301076,1909f56bfc062723c751e8b465ee728b)
Start importing Assets/ImportedCars/BMW/materials/Material_847_40.mat using Guid(ac6cd143f3c21e749b6d1b870f8f4cab) Importer(815301076,1909f56bfc062723c751e8b465ee728b)  -> (artifact id: 'fd3af0c53561d8b12a6a563d8cd46eab') in 0.048013 seconds
Number of updated asset objects reloaded before import = 0
Number of asset objects unloaded after import = 3
========================================================================
Received Import Request.
  Time since last request: 0.000040 seconds.
  path: Assets/ImportedCars/BMW/materials/Material_706_9.mat
  artifactKey: Guid(9054bf9d76e133e469b64ea35ef2596d) Importer(815301076,1909f56bfc062723c751e8b465ee728b)
Start importing Assets/ImportedCars/BMW/materials/Material_706_9.mat using Guid(9054bf9d76e133e469b64ea35ef2596d) Importer(815301076,1909f56bfc062723c751e8b465ee728b)  -> (artifact id: 'e99bfa871abdbb4b58e46173322cd778') in 0.029718 seconds
Number of updated asset objects reloaded before import = 0
Number of asset objects unloaded after import = 2
========================================================================
Received Import Request.
  Time since last request: 0.000058 seconds.
  path: Assets/ImportedCars/BMW/materials/Material_698_3.mat
  artifactKey: Guid(0e61411f2ef77c34f9846ca11ac56cbf) Importer(815301076,1909f56bfc062723c751e8b465ee728b)
Start importing Assets/ImportedCars/BMW/materials/Material_698_3.mat using Guid(0e61411f2ef77c34f9846ca11ac56cbf) Importer(815301076,1909f56bfc062723c751e8b465ee728b)  -> (artifact id: '447b945ee704f4eb8429119fb28375f3') in 0.030902 seconds
Number of updated asset objects reloaded before import = 0
Number of asset objects unloaded after import = 3
========================================================================
Received Import Request.
  Time since last request: 0.000031 seconds.
  path: Assets/ImportedCars/BMW/materials/Material_718_13.mat
  artifactKey: Guid(21b9155dc176e8d4c9e6f03b69d58489) Importer(815301076,1909f56bfc062723c751e8b465ee728b)
Start importing Assets/ImportedCars/BMW/materials/Material_718_13.mat using Guid(21b9155dc176e8d4c9e6f03b69d58489) Importer(815301076,1909f56bfc062723c751e8b465ee728b)  -> (artifact id: '390e24931ce7e036dd94c247cbf2fc2e') in 0.032179 seconds
Number of updated asset objects reloaded before import = 0
Number of asset objects unloaded after import = 3
========================================================================
Received Import Request.
  Time since last request: 0.000039 seconds.
  path: Assets/ImportedCars/BMW/materials/Material_790_32.mat
  artifactKey: Guid(57efbde13d6531d489b1545f7722ec99) Importer(815301076,1909f56bfc062723c751e8b465ee728b)
Start importing Assets/ImportedCars/BMW/materials/Material_790_32.mat using Guid(57efbde13d6531d489b1545f7722ec99) Importer(815301076,1909f56bfc062723c751e8b465ee728b)  -> (artifact id: '82d528643ea73b50aa23bd10c3d572d2') in 0.021664 seconds
Number of updated asset objects reloaded before import = 0
Number of asset objects unloaded after import = 2
========================================================================
Received Import Request.
  Time since last request: 0.000048 seconds.
  path: Assets/ImportedCars/BMW/materials/Material_801_34.mat
  artifactKey: Guid(7181faa74dd66f64a8219c848fc7fb69) Importer(815301076,1909f56bfc062723c751e8b465ee728b)
Start importing Assets/ImportedCars/BMW/materials/Material_801_34.mat using Guid(7181faa74dd66f64a8219c848fc7fb69) Importer(815301076,1909f56bfc062723c751e8b465ee728b)  -> (artifact id: '603dca4a7429a53fd478501720ccb08c') in 0.027212 seconds
Number of updated asset objects reloaded before import = 0
Number of asset objects unloaded after import = 2
========================================================================
Received Import Request.
  Time since last request: 0.000042 seconds.
  path: Assets/ImportedCars/BMW/materials/Material_775_27.mat
  artifactKey: Guid(f5b275c11f7eda3498fbdcffb10262d2) Importer(815301076,1909f56bfc062723c751e8b465ee728b)
Start importing Assets/ImportedCars/BMW/materials/Material_775_27.mat using Guid(f5b275c11f7eda3498fbdcffb10262d2) Importer(815301076,1909f56bfc062723c751e8b465ee728b)  -> (artifact id: '5d88da079bcddbb13c49fa774e127423') in 0.023023 seconds
Number of updated asset objects reloaded before import = 0
Number of asset objects unloaded after import = 2
========================================================================
Received Import Request.
  Time since last request: 0.000055 seconds.
  path: Assets/ImportedCars/BMW/materials/Material_717_14.mat
  artifactKey: Guid(1621ff74c791cb440a4b543fe038130f) Importer(815301076,1909f56bfc062723c751e8b465ee728b)
Start importing Assets/ImportedCars/BMW/materials/Material_717_14.mat using Guid(1621ff74c791cb440a4b543fe038130f) Importer(815301076,1909f56bfc062723c751e8b465ee728b)  -> (artifact id: '6ea5e4aa9cf155c14bd1f794fc7d74c8') in 0.026139 seconds
Number of updated asset objects reloaded before import = 0
Number of asset objects unloaded after import = 2
========================================================================
Received Import Request.
  Time since last request: 0.000108 seconds.
  path: Assets/ImportedCars/BMW/materials/Material_805_38.mat
  artifactKey: Guid(bd522c19f4b0f9e44af42351ed927d97) Importer(815301076,1909f56bfc062723c751e8b465ee728b)
Start importing Assets/ImportedCars/BMW/materials/Material_805_38.mat using Guid(bd522c19f4b0f9e44af42351ed927d97) Importer(815301076,1909f56bfc062723c751e8b465ee728b)  -> (artifact id: '8d262cc253942d34c07e273e7878d1a0') in 0.030201 seconds
Number of updated asset objects reloaded before import = 0
Number of asset objects unloaded after import = 2
========================================================================
Received Import Request.
  Time since last request: 0.000039 seconds.
  path: Assets/ImportedCars/BMW/materials/Material_692_0.mat
  artifactKey: Guid(bd8c8b9d90def6345992634b44c13d77) Importer(815301076,1909f56bfc062723c751e8b465ee728b)
Start importing Assets/ImportedCars/BMW/materials/Material_692_0.mat using Guid(bd8c8b9d90def6345992634b44c13d77) Importer(815301076,1909f56bfc062723c751e8b465ee728b)  -> (artifact id: '5a7b41c3a8c94f4d01defb746554f009') in 0.032168 seconds
Number of updated asset objects reloaded before import = 0
Number of asset objects unloaded after import = 2
========================================================================
Received Import Request.
  Time since last request: 0.000042 seconds.
  path: Assets/ImportedCars/BMW/materials/Material_802_36.mat
  artifactKey: Guid(94d27233f01e5484ca5ab85c07fee63d) Importer(815301076,1909f56bfc062723c751e8b465ee728b)
Start importing Assets/ImportedCars/BMW/materials/Material_802_36.mat using Guid(94d27233f01e5484ca5ab85c07fee63d) Importer(815301076,1909f56bfc062723c751e8b465ee728b)  -> (artifact id: 'e89dac8314892f5351a6fbc998e787e6') in 0.022865 seconds
Number of updated asset objects reloaded before import = 0
Number of asset objects unloaded after import = 2
Editor requested this worker to shutdown with reason: Scaling down because of idle timeout
TcpMessagingSession - receive error: operation aborted. errorcode: 995, details: The I/O operation has been aborted because of either a thread exit or an application request.
AssetImportWorker is now disconnected from the server
Process exiting
Exiting without the bug reporter. Application will terminate with return code 0