Using pre-set license
Built from '2022.3/staging' branch; Version is '2022.3.22f1 (887be4894c44) revision 8944612'; Using compiler version '192829333'; Build Type 'Release'
OS: 'Windows 11  (10.0.26100) 64bit Professional' Language: 'en' Physical Memory: 16159 MB
BatchMode: 1, IsHumanControllingUs: 0, StartBugReporterOnCrash: 0, Is64bit: 1, IsPro: 1

COMMAND LINE ARGUMENTS:
D:\2022.3.22f1\Editor\Unity.exe
-adb2
-batchMode
-noUpm
-name
AssetImportWorker9
-projectPath
D:/IM ESLSCA UNIVERSITY/Virtual and Augmented Reality Development/AR_Vehicle_Showcase_Final_Project_Iad
-logFile
Logs/AssetImportWorker9.log
-srvPort
51588
Successfully changed project path to: D:/IM ESLSCA UNIVERSITY/Virtual and Augmented Reality Development/AR_Vehicle_Showcase_Final_Project_Iad
D:/IM ESLSCA UNIVERSITY/Virtual and Augmented Reality Development/AR_Vehicle_Showcase_Final_Project_Iad
[UnityMemory] Configuration Parameters - Can be set up in boot.config
    "memorysetup-bucket-allocator-granularity=16"
    "memorysetup-bucket-allocator-bucket-count=8"
    "memorysetup-bucket-allocator-block-size=33554432"
    "memorysetup-bucket-allocator-block-count=8"
    "memorysetup-main-allocator-block-size=16777216"
    "memorysetup-thread-allocator-block-size=16777216"
    "memorysetup-gfx-main-allocator-block-size=16777216"
    "memorysetup-gfx-thread-allocator-block-size=16777216"
    "memorysetup-cache-allocator-block-size=4194304"
    "memorysetup-typetree-allocator-block-size=2097152"
    "memorysetup-profiler-bucket-allocator-granularity=16"
    "memorysetup-profiler-bucket-allocator-bucket-count=8"
    "memorysetup-profiler-bucket-allocator-block-size=33554432"
    "memorysetup-profiler-bucket-allocator-block-count=8"
    "memorysetup-profiler-allocator-block-size=16777216"
    "memorysetup-profiler-editor-allocator-block-size=1048576"
    "memorysetup-temp-allocator-size-main=16777216"
    "memorysetup-job-temp-allocator-block-size=2097152"
    "memorysetup-job-temp-allocator-block-size-background=1048576"
    "memorysetup-job-temp-allocator-reduction-small-platforms=262144"
    "memorysetup-allocator-temp-initial-block-size-main=262144"
    "memorysetup-allocator-temp-initial-block-size-worker=262144"
    "memorysetup-temp-allocator-size-background-worker=32768"
    "memorysetup-temp-allocator-size-job-worker=262144"
    "memorysetup-temp-allocator-size-preload-manager=33554432"
    "memorysetup-temp-allocator-size-nav-mesh-worker=65536"
    "memorysetup-temp-allocator-size-audio-worker=65536"
    "memorysetup-temp-allocator-size-cloud-worker=32768"
    "memorysetup-temp-allocator-size-gi-baking-worker=262144"
    "memorysetup-temp-allocator-size-gfx=262144"
Player connection [26720] Host "[IP] 192.168.1.107 [Port] 0 [Flags] 2 [Guid] 2587667923 [EditorId] 2587667923 [Version] 1048832 [Id] WindowsEditor(7,MOHAMEDIAD) [Debug] 1 [PackageName] WindowsEditor [ProjectName] Editor" joined multi-casting on [225.0.0.222:54997]...

Player connection [26720] Host "[IP] 192.168.1.107 [Port] 0 [Flags] 2 [Guid] 2587667923 [EditorId] 2587667923 [Version] 1048832 [Id] WindowsEditor(7,MOHAMEDIAD) [Debug] 1 [PackageName] WindowsEditor [ProjectName] Editor" joined alternative multi-casting on [225.0.0.222:34997]...

[Physics::Module] Initialized MultithreadedJobDispatcher with 11 workers.
Refreshing native plugins compatible for Editor in 50.19 ms, found 10 plugins.
Preloading 0 native plugins for Editor in 0.00 ms.
Initialize engine version: 2022.3.22f1 (887be4894c44)
[Subsystems] Discovering subsystems at path D:/2022.3.22f1/Editor/Data/Resources/UnitySubsystems
[Subsystems] Discovering subsystems at path D:/IM ESLSCA UNIVERSITY/Virtual and Augmented Reality Development/AR_Vehicle_Showcase_Final_Project_Iad/Assets
GfxDevice: creating device client; threaded=0; jobified=0
Direct3D:
    Version:  Direct3D 11.0 [level 11.1]
    Renderer: NVIDIA GeForce GTX 1650 (ID=0x1f9d)
    Vendor:   NVIDIA
    VRAM:     3937 MB
    Driver:   32.0.15.7652
Initialize mono
Mono path[0] = 'D:/2022.3.22f1/Editor/Data/Managed'
Mono path[1] = 'D:/2022.3.22f1/Editor/Data/MonoBleedingEdge/lib/mono/unityjit-win32'
Mono config path = 'D:/2022.3.22f1/Editor/Data/MonoBleedingEdge/etc'
Using monoOptions --debugger-agent=transport=dt_socket,embedding=1,server=y,suspend=n,address=127.0.0.1:56956
Begin MonoManager ReloadAssembly
Registering precompiled unity dll's ...
Register platform support module: D:/2022.3.22f1/Editor/Data/PlaybackEngines/WebGLSupport/UnityEditor.WebGL.Extensions.dll
Register platform support module: D:/2022.3.22f1/Editor/Data/PlaybackEngines/MacStandaloneSupport/UnityEditor.OSXStandalone.Extensions.dll
Register platform support module: D:/2022.3.22f1/Editor/Data/PlaybackEngines/AndroidPlayer/UnityEditor.Android.Extensions.dll
Register platform support module: D:/2022.3.22f1/Editor/Data/PlaybackEngines/iOSSupport/UnityEditor.iOS.Extensions.dll
Register platform support module: D:/2022.3.22f1/Editor/Data/PlaybackEngines/VisionOSPlayer/UnityEditor.VisionOS.Extensions.dll
Register platform support module: D:/2022.3.22f1/Editor/Data/PlaybackEngines/AppleTVSupport/UnityEditor.AppleTV.Extensions.dll
Register platform support module: D:/2022.3.22f1/Editor/Data/PlaybackEngines/WindowsStandaloneSupport/UnityEditor.WindowsStandalone.Extensions.dll
Register platform support module: D:/2022.3.22f1/Editor/Data/PlaybackEngines/LinuxStandaloneSupport/UnityEditor.LinuxStandalone.Extensions.dll
Register platform support module: D:/2022.3.22f1/Editor/Data/PlaybackEngines/MetroSupport/UnityEditor.UWP.Extensions.dll
Registered in 0.023182 seconds.
- Loaded All Assemblies, in  1.380 seconds
Native extension for UWP target not found
Native extension for LinuxStandalone target not found
Native extension for WindowsStandalone target not found
[usbmuxd] Start listen thread
Native extension for AppleTV target not found
[usbmuxd] Listen thread started
Failed to load: D:/2022.3.22f1/Editor/Data/PlaybackEngines/VisionOSPlayer\x64\UnityEditor.VisionOS.Native.dll
Native extension for VisionOS target not found
[usbmuxd] Start listen thread
[usbmuxd] Listen thread started
Native extension for iOS target not found
Native extension for Android target not found
Android Extension - Scanning For ADB Devices 1026 ms
Native extension for OSXStandalone target not found
Native extension for WebGL target not found
Mono: successfully reloaded assembly
- Finished resetting the current domain, in  2.385 seconds
Domain Reload Profiling: 3765ms
	BeginReloadAssembly (608ms)
		ExecutionOrderSort (1ms)
		DisableScriptedObjects (0ms)
		BackupInstance (0ms)
		ReleaseScriptingObjects (0ms)
		CreateAndSetChildDomain (3ms)
	RebuildCommonClasses (94ms)
	RebuildNativeTypeToScriptingClass (29ms)
	initialDomainReloadingComplete (149ms)
	LoadAllAssembliesAndSetupDomain (499ms)
		LoadAssemblies (606ms)
		RebuildTransferFunctionScriptingTraits (0ms)
		AnalyzeDomain (491ms)
			TypeCache.Refresh (486ms)
				TypeCache.ScanAssembly (436ms)
			ScanForSourceGeneratedMonoScriptInfo (1ms)
			ResolveRequiredComponents (1ms)
	FinalizeReload (2386ms)
		ReleaseScriptCaches (0ms)
		RebuildScriptCaches (0ms)
		SetupLoadedEditorAssemblies (2181ms)
			LogAssemblyErrors (0ms)
			InitializePlatformSupportModulesInManaged (1727ms)
			SetLoadedEditorAssemblies (10ms)
			RefreshPlugins (0ms)
			BeforeProcessingInitializeOnLoad (4ms)
			ProcessInitializeOnLoadAttributes (314ms)
			ProcessInitializeOnLoadMethodAttributes (126ms)
			AfterProcessingInitializeOnLoad (0ms)
			EditorAssembliesLoaded (0ms)
		ExecutionOrderSort2 (0ms)
		AwakeInstancesAfterBackupRestoration (0ms)
========================================================================
Worker process is ready to serve import requests
Begin MonoManager ReloadAssembly
- Loaded All Assemblies, in  4.093 seconds
Refreshing native plugins compatible for Editor in 43.81 ms, found 10 plugins.
Native extension for UWP target not found
Native extension for LinuxStandalone target not found
Native extension for WindowsStandalone target not found
Native extension for AppleTV target not found
Failed to load: D:/2022.3.22f1/Editor/Data/PlaybackEngines/VisionOSPlayer\x64\UnityEditor.VisionOS.Native.dll
Native extension for VisionOS target not found
Native extension for iOS target not found
Native extension for Android target not found
Native extension for OSXStandalone target not found
Native extension for WebGL target not found
Package Manager log level set to [2]
[Package Manager] Server::EnsureServerProcessIsRunning -- launch failed, reason: Unity was launched with the -noUpm command-line argument
[Package Manager] UpmClient::Send -- Unable to send message (not connected to UPM process).
[Package Manager] Cannot connect to Unity Package Manager local server
Mono: successfully reloaded assembly
[Package Manager] Server::EnsureServerProcessIsRunning -- launch failed, reason: Unity was launched with the -noUpm command-line argument
[Package Manager] UpmClient::Send -- Unable to send message (not connected to UPM process).
[Package Manager] Cannot connect to Unity Package Manager local server
[Package Manager] Server::EnsureServerProcessIsRunning -- launch failed, reason: Unity was launched with the -noUpm command-line argument
[Package Manager] UpmClient::Send -- Unable to send message (not connected to UPM process).
[Package Manager] Cannot connect to Unity Package Manager local server
- Finished resetting the current domain, in  2.958 seconds
Domain Reload Profiling: 7051ms
	BeginReloadAssembly (467ms)
		ExecutionOrderSort (0ms)
		DisableScriptedObjects (12ms)
		BackupInstance (0ms)
		ReleaseScriptingObjects (1ms)
		CreateAndSetChildDomain (64ms)
	RebuildCommonClasses (94ms)
	RebuildNativeTypeToScriptingClass (26ms)
	initialDomainReloadingComplete (185ms)
	LoadAllAssembliesAndSetupDomain (3320ms)
		LoadAssemblies (2082ms)
		RebuildTransferFunctionScriptingTraits (0ms)
		AnalyzeDomain (1527ms)
			TypeCache.Refresh (1192ms)
				TypeCache.ScanAssembly (1092ms)
			ScanForSourceGeneratedMonoScriptInfo (199ms)
			ResolveRequiredComponents (117ms)
	FinalizeReload (2959ms)
		ReleaseScriptCaches (0ms)
		RebuildScriptCaches (0ms)
		SetupLoadedEditorAssemblies (2353ms)
			LogAssemblyErrors (0ms)
			InitializePlatformSupportModulesInManaged (188ms)
			SetLoadedEditorAssemblies (37ms)
			RefreshPlugins (0ms)
			BeforeProcessingInitializeOnLoad (429ms)
			ProcessInitializeOnLoadAttributes (1353ms)
			ProcessInitializeOnLoadMethodAttributes (342ms)
			AfterProcessingInitializeOnLoad (4ms)
			EditorAssembliesLoaded (1ms)
		ExecutionOrderSort2 (0ms)
		AwakeInstancesAfterBackupRestoration (18ms)
Launched and connected shader compiler UnityShaderCompiler.exe after 0.18 seconds
Refreshing native plugins compatible for Editor in 40.48 ms, found 10 plugins.
Preloading 0 native plugins for Editor in 0.00 ms.
Unloading 6707 Unused Serialized files (Serialized files now loaded: 0)
Unloading 131 unused Assets / (1.9 MB). Loaded Objects now: 7179.
Memory consumption went from 277.1 MB to 275.2 MB.
Total: 29.796400 ms (FindLiveObjects: 1.551700 ms CreateObjectMapping: 1.345800 ms MarkObjects: 24.979400 ms  DeleteObjects: 1.917700 ms)

AssetImportParameters requested are different than current active one (requested -> active):
  custom:container-demuxer-ogg: 62fdf1f143b41e24485cea50d1cbac27 -> 
  custom:framework-win-MediaFoundation: 216162199b28c13a410421893ffa2e32 -> 
  custom:container-muxer-webm: aa71ff27fc2769a1b78a27578f13a17b -> 
  custom:video-decoder-webm-vp8: 9c59270c3fd7afecdb556c50c9e8de78 -> 
  custom:SearchIndexIgnoredProperties: e643bd26f0fe6173181afceb89e7c659 -> 
  custom:AudioImporter_EditorPlatform: d09bf68614088b80899f8185d706f6e7 -> 
  custom:audio-decoder-ogg-vorbis: bf7c407c2cedff20999df2af8eb42d56 -> 
  custom:audio-encoder-webm-vorbis: bf7c407c2cedff20999df2af8eb42d56 -> 
  custom:scripting/monoscript/fileName/MainMenu.cs: bcc0f9052176b2186a7114234ef44a73 -> c093076ba5753d7bec74a8a751ffb653
  custom:video-decoder-ogg-theora: a1e56fd34408186e4bbccfd4996cb3dc -> 
  custom:CustomObjectIndexerAttribute: 72b91833f83ae208fae7752999fa3104 -> 
  custom:container-demuxer-webm: 4f35f7cbe854078d1ac9338744f61a02 -> 
  custom:video-encoder-webm-vp8: eb34c28f22e8b96e1ab97ce403110664 -> 
========================================================================
Received Import Request.
  Time since last request: 27999.865136 seconds.
  path: Assets/Import/materials/Material_279_16.mat
  artifactKey: Guid(bf14a4e375cc5b4449c20e6d9ae2e786) Importer(815301076,1909f56bfc062723c751e8b465ee728b)
Start importing Assets/Import/materials/Material_279_16.mat using Guid(bf14a4e375cc5b4449c20e6d9ae2e786) Importer(815301076,1909f56bfc062723c751e8b465ee728b)  -> (artifact id: '4685b656564bf62835d261772b320a92') in 0.666843 seconds
Number of updated asset objects reloaded before import = 0
Number of asset objects unloaded after import = 3
========================================================================
Received Import Request.
  Time since last request: 0.000059 seconds.
  path: Assets/Import/materials/Material_700_8.mat
  artifactKey: Guid(b63c5bad048a7ff4796d648bda08b357) Importer(815301076,1909f56bfc062723c751e8b465ee728b)
Start importing Assets/Import/materials/Material_700_8.mat using Guid(b63c5bad048a7ff4796d648bda08b357) Importer(815301076,1909f56bfc062723c751e8b465ee728b)  -> (artifact id: '1b047f73081e896c6a5f590780cf8bba') in 0.043333 seconds
Number of updated asset objects reloaded before import = 0
Number of asset objects unloaded after import = 2
========================================================================
Received Import Request.
  Time since last request: 0.000041 seconds.
  path: Assets/Import/materials/Material_696_5.mat
  artifactKey: Guid(02b31e651c2e97b41b86684d45bcebe7) Importer(815301076,1909f56bfc062723c751e8b465ee728b)
Start importing Assets/Import/materials/Material_696_5.mat using Guid(02b31e651c2e97b41b86684d45bcebe7) Importer(815301076,1909f56bfc062723c751e8b465ee728b)  -> (artifact id: '2d4e5881ed4f26d14b67995aea609129') in 0.030951 seconds
Number of updated asset objects reloaded before import = 0
Number of asset objects unloaded after import = 2
========================================================================
Received Import Request.
  Time since last request: 0.000034 seconds.
  path: Assets/Import/materials/Material_751_20.mat
  artifactKey: Guid(246b8ff116019f24d92d23930a06fa4a) Importer(815301076,1909f56bfc062723c751e8b465ee728b)
Start importing Assets/Import/materials/Material_751_20.mat using Guid(246b8ff116019f24d92d23930a06fa4a) Importer(815301076,1909f56bfc062723c751e8b465ee728b)  -> (artifact id: '1dd1e2591255e8752d60d482a03800ba') in 0.027196 seconds
Number of updated asset objects reloaded before import = 0
Number of asset objects unloaded after import = 2
========================================================================
Received Import Request.
  Time since last request: 0.000036 seconds.
  path: Assets/Import/materials/Material_717_14.mat
  artifactKey: Guid(1621ff74c791cb440a4b543fe038130f) Importer(815301076,1909f56bfc062723c751e8b465ee728b)
Start importing Assets/Import/materials/Material_717_14.mat using Guid(1621ff74c791cb440a4b543fe038130f) Importer(815301076,1909f56bfc062723c751e8b465ee728b)  -> (artifact id: '49f591dcd803aeec9e4f418139262d76') in 0.036964 seconds
Number of updated asset objects reloaded before import = 0
Number of asset objects unloaded after import = 2
========================================================================
Received Import Request.
  Time since last request: 0.000033 seconds.
  path: Assets/Import/materials/Material_850_43.mat
  artifactKey: Guid(b0ed1335187ab4d47b37a33d5f47f94e) Importer(2089858483,0ecaa5967403d082aa24f35e1b516d23)
Start importing Assets/Import/materials/Material_850_43.mat using Guid(b0ed1335187ab4d47b37a33d5f47f94e) Importer(2089858483,0ecaa5967403d082aa24f35e1b516d23)  -> (artifact id: 'f1a00d1c457781512ccd28d89f569759') in 0.245994 seconds
Number of updated asset objects reloaded before import = 0
Number of asset objects unloaded after import = 2
========================================================================
Received Import Request.
  Time since last request: 0.000034 seconds.
  path: Assets/Import/materials/Material_932_46.mat
  artifactKey: Guid(930e0cf937aa06a458e2f740a497b4c6) Importer(2089858483,0ecaa5967403d082aa24f35e1b516d23)
Start importing Assets/Import/materials/Material_932_46.mat using Guid(930e0cf937aa06a458e2f740a497b4c6) Importer(2089858483,0ecaa5967403d082aa24f35e1b516d23)  -> (artifact id: 'd4e0a1e36273b1afd2866d8e0c37f153') in 0.018239 seconds
Number of updated asset objects reloaded before import = 0
Number of asset objects unloaded after import = 2
========================================================================
Received Import Request.
  Time since last request: 0.000036 seconds.
  path: Assets/Import/materials/Material_708_11.mat
  artifactKey: Guid(40ca3c48821dfcd479c7640e9d748413) Importer(2089858483,0ecaa5967403d082aa24f35e1b516d23)
Start importing Assets/Import/materials/Material_708_11.mat using Guid(40ca3c48821dfcd479c7640e9d748413) Importer(2089858483,0ecaa5967403d082aa24f35e1b516d23)  -> (artifact id: '0fa259f9cdffbdd5c0951c538c9bd569') in 0.019995 seconds
Number of updated asset objects reloaded before import = 0
Number of asset objects unloaded after import = 2
========================================================================
Received Import Request.
  Time since last request: 0.000040 seconds.
  path: Assets/Import/materials/Material_753_22.mat
  artifactKey: Guid(7b4c0b9c4e8e88c4c84d9a23e334c5f0) Importer(2089858483,0ecaa5967403d082aa24f35e1b516d23)
Start importing Assets/Import/materials/Material_753_22.mat using Guid(7b4c0b9c4e8e88c4c84d9a23e334c5f0) Importer(2089858483,0ecaa5967403d082aa24f35e1b516d23)  -> (artifact id: '7b91864ced63a6ffb0438180932662d4') in 0.025054 seconds
Number of updated asset objects reloaded before import = 0
Number of asset objects unloaded after import = 2
========================================================================
Received Import Request.
  Time since last request: 0.000033 seconds.
  path: Assets/TextMesh Pro/Examples & Extras/Materials/Ground - Logo Scene.mat
  artifactKey: Guid(c719e38f25a9480abd2480ab621a2949) Importer(2089858483,0ecaa5967403d082aa24f35e1b516d23)
Start importing Assets/TextMesh Pro/Examples & Extras/Materials/Ground - Logo Scene.mat using Guid(c719e38f25a9480abd2480ab621a2949) Importer(2089858483,0ecaa5967403d082aa24f35e1b516d23)  -> (artifact id: '8e5de40f9e4eff96ce482a4852edeeb8') in 0.039936 seconds
Number of updated asset objects reloaded before import = 0
Number of asset objects unloaded after import = 2
========================================================================
Received Import Request.
  Time since last request: 0.000031 seconds.
  path: Assets/Import/materials/Material_700_8.mat
  artifactKey: Guid(b63c5bad048a7ff4796d648bda08b357) Importer(2089858483,0ecaa5967403d082aa24f35e1b516d23)
Start importing Assets/Import/materials/Material_700_8.mat using Guid(b63c5bad048a7ff4796d648bda08b357) Importer(2089858483,0ecaa5967403d082aa24f35e1b516d23)  -> (artifact id: 'f76f68c5211cf31ccfd44b1dbe2c56da') in 0.023711 seconds
Number of updated asset objects reloaded before import = 0
Number of asset objects unloaded after import = 2
========================================================================
Received Import Request.
  Time since last request: 0.000039 seconds.
  path: Assets/Import/materials/Material_692_0.mat
  artifactKey: Guid(bd8c8b9d90def6345992634b44c13d77) Importer(2089858483,0ecaa5967403d082aa24f35e1b516d23)
Start importing Assets/Import/materials/Material_692_0.mat using Guid(bd8c8b9d90def6345992634b44c13d77) Importer(2089858483,0ecaa5967403d082aa24f35e1b516d23)  -> (artifact id: '75ecc8087031f6659b600ff3e1353212') in 0.021570 seconds
Number of updated asset objects reloaded before import = 0
Number of asset objects unloaded after import = 2
========================================================================
Received Import Request.
  Time since last request: 0.000050 seconds.
  path: Assets/Import/materials/Material_773_25.mat
  artifactKey: Guid(4b2a7197954ee5747af15efdb6f6cd95) Importer(2089858483,0ecaa5967403d082aa24f35e1b516d23)
Start importing Assets/Import/materials/Material_773_25.mat using Guid(4b2a7197954ee5747af15efdb6f6cd95) Importer(2089858483,0ecaa5967403d082aa24f35e1b516d23)  -> (artifact id: 'd6ad3922be73576187f571530964aeef') in 0.030979 seconds
Number of updated asset objects reloaded before import = 0
Number of asset objects unloaded after import = 2
========================================================================
Received Import Request.
  Time since last request: 0.000039 seconds.
  path: Assets/Import/materials/Material_826_39.mat
  artifactKey: Guid(13fa8998339fd6a4ebba95a103291e86) Importer(2089858483,0ecaa5967403d082aa24f35e1b516d23)
Start importing Assets/Import/materials/Material_826_39.mat using Guid(13fa8998339fd6a4ebba95a103291e86) Importer(2089858483,0ecaa5967403d082aa24f35e1b516d23)  -> (artifact id: 'e71f6792b74745af4a35c69800581de1') in 0.041159 seconds
Number of updated asset objects reloaded before import = 0
Number of asset objects unloaded after import = 3
========================================================================
Received Import Request.
  Time since last request: 0.000051 seconds.
  path: Assets/Import/materials/Material_752_21.mat
  artifactKey: Guid(e53c417939e149d44ae5ba39e31239d4) Importer(2089858483,0ecaa5967403d082aa24f35e1b516d23)
Start importing Assets/Import/materials/Material_752_21.mat using Guid(e53c417939e149d44ae5ba39e31239d4) Importer(2089858483,0ecaa5967403d082aa24f35e1b516d23)  -> (artifact id: '3ea79130f251b9265aec716d39d26add') in 0.031227 seconds
Number of updated asset objects reloaded before import = 0
Number of asset objects unloaded after import = 2
========================================================================
Received Import Request.
  Time since last request: 0.000030 seconds.
  path: Assets/Import/materials/Material_697_2.mat
  artifactKey: Guid(b53e556e172403e49bdbf0f1f654b762) Importer(815301076,1909f56bfc062723c751e8b465ee728b)
Start importing Assets/Import/materials/Material_697_2.mat using Guid(b53e556e172403e49bdbf0f1f654b762) Importer(815301076,1909f56bfc062723c751e8b465ee728b)  -> (artifact id: '7e43607cd616b130e31f9d001b76a6c4') in 0.045791 seconds
Number of updated asset objects reloaded before import = 0
Number of asset objects unloaded after import = 2
========================================================================
Received Import Request.
  Time since last request: 0.000046 seconds.
  path: Assets/Import/materials/Material_699_7.mat
  artifactKey: Guid(abb8dacd6d4032f429c830387d731c25) Importer(815301076,1909f56bfc062723c751e8b465ee728b)
Start importing Assets/Import/materials/Material_699_7.mat using Guid(abb8dacd6d4032f429c830387d731c25) Importer(815301076,1909f56bfc062723c751e8b465ee728b)  -> (artifact id: 'a79d1721ddc8b0bb0d8b997a71e0fe29') in 0.544443 seconds
Number of updated asset objects reloaded before import = 0
Number of asset objects unloaded after import = 2
========================================================================
Received Import Request.
  Time since last request: 0.000025 seconds.
  path: Assets/Import/materials/Material_739_17.mat
  artifactKey: Guid(6e53e745427b9f749930242e787b3c95) Importer(2089858483,0ecaa5967403d082aa24f35e1b516d23)
Start importing Assets/Import/materials/Material_739_17.mat using Guid(6e53e745427b9f749930242e787b3c95) Importer(2089858483,0ecaa5967403d082aa24f35e1b516d23)  -> (artifact id: 'f69e64dfd770595df8d80b79555d5d0f') in 0.023893 seconds
Number of updated asset objects reloaded before import = 0
Number of asset objects unloaded after import = 2
========================================================================
Received Import Request.
  Time since last request: 0.000040 seconds.
  path: Assets/Import/materials/Material_408_24.mat
  artifactKey: Guid(ef8b4f41be976e44f9aced399dd3b4d1) Importer(815301076,1909f56bfc062723c751e8b465ee728b)
Start importing Assets/Import/materials/Material_408_24.mat using Guid(ef8b4f41be976e44f9aced399dd3b4d1) Importer(815301076,1909f56bfc062723c751e8b465ee728b)  -> (artifact id: 'bea49afe1d23b7e1587bd45da33f95d8') in 0.031601 seconds
Number of updated asset objects reloaded before import = 0
Number of asset objects unloaded after import = 3
========================================================================
Received Import Request.
  Time since last request: 0.000020 seconds.
  path: Assets/TextMesh Pro/Examples & Extras/Materials/Crate - Surface Shader Scene.mat
  artifactKey: Guid(e6b9b44320f4448d9d5e0ee634259966) Importer(2089858483,0ecaa5967403d082aa24f35e1b516d23)
Start importing Assets/TextMesh Pro/Examples & Extras/Materials/Crate - Surface Shader Scene.mat using Guid(e6b9b44320f4448d9d5e0ee634259966) Importer(2089858483,0ecaa5967403d082aa24f35e1b516d23)  -> (artifact id: '3c5bad7bf2815f0f9dcb8d14f63ce453') in 0.048999 seconds
Number of updated asset objects reloaded before import = 0
Number of asset objects unloaded after import = 3
========================================================================
Received Import Request.
  Time since last request: 0.000029 seconds.
  path: Assets/Import/materials/Material_740_19.mat
  artifactKey: Guid(1faa8ae587c0d32449b0972520c1024a) Importer(815301076,1909f56bfc062723c751e8b465ee728b)
Start importing Assets/Import/materials/Material_740_19.mat using Guid(1faa8ae587c0d32449b0972520c1024a) Importer(815301076,1909f56bfc062723c751e8b465ee728b)  -> (artifact id: '5e825b6da8c05b8f1cf99c117fb7cc72') in 0.022276 seconds
Number of updated asset objects reloaded before import = 0
Number of asset objects unloaded after import = 2
========================================================================
Received Import Request.
  Time since last request: 0.000030 seconds.
  path: Assets/Import/materials/Material_802_36.mat
  artifactKey: Guid(94d27233f01e5484ca5ab85c07fee63d) Importer(2089858483,0ecaa5967403d082aa24f35e1b516d23)
Start importing Assets/Import/materials/Material_802_36.mat using Guid(94d27233f01e5484ca5ab85c07fee63d) Importer(2089858483,0ecaa5967403d082aa24f35e1b516d23)  -> (artifact id: 'ac37021bf3408606c190b927bca7941a') in 0.018414 seconds
Number of updated asset objects reloaded before import = 0
Number of asset objects unloaded after import = 2
========================================================================
Received Import Request.
  Time since last request: 0.000047 seconds.
  path: Assets/Import/materials/Material_1063_45.mat
  artifactKey: Guid(32251d661f75f5f4a99dc6a562a15ad5) Importer(2089858483,0ecaa5967403d082aa24f35e1b516d23)
Start importing Assets/Import/materials/Material_1063_45.mat using Guid(32251d661f75f5f4a99dc6a562a15ad5) Importer(2089858483,0ecaa5967403d082aa24f35e1b516d23)  -> (artifact id: '4939d09330529efcf8bff7d1de665cb6') in 0.080598 seconds
Number of updated asset objects reloaded before import = 0
Number of asset objects unloaded after import = 3
========================================================================
Received Import Request.
  Time since last request: 0.000032 seconds.
  path: Assets/Import/materials/Material_161_12.mat
  artifactKey: Guid(558872aaabfc16640aaf53994ec57eb6) Importer(2089858483,0ecaa5967403d082aa24f35e1b516d23)
Start importing Assets/Import/materials/Material_161_12.mat using Guid(558872aaabfc16640aaf53994ec57eb6) Importer(2089858483,0ecaa5967403d082aa24f35e1b516d23)  -> (artifact id: 'cac09dbd04522a59e200d9a1c14b4d68') in 0.022814 seconds
Number of updated asset objects reloaded before import = 0
Number of asset objects unloaded after import = 3
========================================================================
Received Import Request.
  Time since last request: 0.000065 seconds.
  path: Assets/Import/materials/Material_1522_50.mat
  artifactKey: Guid(c4c890428e1420d45ac8cae55c3acf7a) Importer(2089858483,0ecaa5967403d082aa24f35e1b516d23)
Start importing Assets/Import/materials/Material_1522_50.mat using Guid(c4c890428e1420d45ac8cae55c3acf7a) Importer(2089858483,0ecaa5967403d082aa24f35e1b516d23)  -> (artifact id: '37283229c0ebc507bafd1d6ccdb8c0d2') in 0.022207 seconds
Number of updated asset objects reloaded before import = 0
Number of asset objects unloaded after import = 3
========================================================================
Received Import Request.
  Time since last request: 17.620643 seconds.
  path: Assets/Settings/URP-Performant.asset
  artifactKey: Guid(d0e2fc18fe036412f8223b3b3d9ad574) Importer(2089858483,0ecaa5967403d082aa24f35e1b516d23)
Start importing Assets/Settings/URP-Performant.asset using Guid(d0e2fc18fe036412f8223b3b3d9ad574) Importer(2089858483,0ecaa5967403d082aa24f35e1b516d23)  -> (artifact id: '9f0d723f35a21670ebee89a0b9684651') in 0.071134 seconds
Number of updated asset objects reloaded before import = 0
Number of asset objects unloaded after import = 2
========================================================================
Received Import Request.
  Time since last request: 73.553514 seconds.
  path: Assets/Import/textures/Material.003_baseColor_1.png
  artifactKey: Guid(a794028967835d94488f41805056e3c9) Importer(2089858483,0ecaa5967403d082aa24f35e1b516d23)
Start importing Assets/Import/textures/Material.003_baseColor_1.png using Guid(a794028967835d94488f41805056e3c9) Importer(2089858483,0ecaa5967403d082aa24f35e1b516d23)  -> (artifact id: '7cce8bef2efc82b92f6ebb57b4208e3d') in 0.097499 seconds
Number of updated asset objects reloaded before import = 0
Number of asset objects unloaded after import = 1
========================================================================
Received Import Request.
  Time since last request: 0.000040 seconds.
  path: Assets/Import/meshes/Object_15_15_0.asset
  artifactKey: Guid(f335a2f623f7e9e4f96a2988e500f117) Importer(2089858483,0ecaa5967403d082aa24f35e1b516d23)
Start importing Assets/Import/meshes/Object_15_15_0.asset using Guid(f335a2f623f7e9e4f96a2988e500f117) Importer(2089858483,0ecaa5967403d082aa24f35e1b516d23)  -> (artifact id: 'c642db9a7d637ebe67148229b93d3ce6') in 0.019645 seconds
Number of updated asset objects reloaded before import = 0
Number of asset objects unloaded after import = 1
========================================================================
Received Import Request.
  Time since last request: 0.000068 seconds.
  path: Assets/Import/materials/plastique_28.mat
  artifactKey: Guid(9539da92fab87d84b98804a207ddbf64) Importer(2089858483,0ecaa5967403d082aa24f35e1b516d23)
Start importing Assets/Import/materials/plastique_28.mat using Guid(9539da92fab87d84b98804a207ddbf64) Importer(2089858483,0ecaa5967403d082aa24f35e1b516d23)  -> (artifact id: '8a7be5feac527f30cde2ddcd6aa636fe') in 0.041918 seconds
Number of updated asset objects reloaded before import = 0
Number of asset objects unloaded after import = 2
========================================================================
Received Import Request.
  Time since last request: 0.000112 seconds.
  path: Assets/Import/materials/material_24_24.mat
  artifactKey: Guid(24e079e1c0e034c4491adf5835462316) Importer(2089858483,0ecaa5967403d082aa24f35e1b516d23)
Start importing Assets/Import/materials/material_24_24.mat using Guid(24e079e1c0e034c4491adf5835462316) Importer(2089858483,0ecaa5967403d082aa24f35e1b516d23)  -> (artifact id: '13c2c3b8e0ddfc23d734acda8a0c45af') in 0.020693 seconds
Number of updated asset objects reloaded before import = 0
Number of asset objects unloaded after import = 2
========================================================================
Received Import Request.
  Time since last request: 0.000030 seconds.
  path: Assets/Import/materials/DTL_FER_40.mat
  artifactKey: Guid(d4bafdfd79b73dd4bb6daadc1fed665c) Importer(2089858483,0ecaa5967403d082aa24f35e1b516d23)
Start importing Assets/Import/materials/DTL_FER_40.mat using Guid(d4bafdfd79b73dd4bb6daadc1fed665c) Importer(2089858483,0ecaa5967403d082aa24f35e1b516d23)  -> (artifact id: '3c33301c104bb43e1de0c46c41e84999') in 0.019110 seconds
Number of updated asset objects reloaded before import = 0
Number of asset objects unloaded after import = 2
========================================================================
Received Import Request.
  Time since last request: 0.000027 seconds.
  path: Assets/Import/meshes/Object_39_39_0.asset
  artifactKey: Guid(3d2b9ade424a5314db1f730f6f298ae6) Importer(2089858483,0ecaa5967403d082aa24f35e1b516d23)
Start importing Assets/Import/meshes/Object_39_39_0.asset using Guid(3d2b9ade424a5314db1f730f6f298ae6) Importer(2089858483,0ecaa5967403d082aa24f35e1b516d23)  -> (artifact id: '1fdf8b4fc284dbe613efafff4c879e52') in 0.017205 seconds
Number of updated asset objects reloaded before import = 0
Number of asset objects unloaded after import = 1
========================================================================
Received Import Request.
  Time since last request: 0.000021 seconds.
  path: Assets/Import/materials/Vents_14.mat
  artifactKey: Guid(398f776e57f740b4a9d9eea51d9d42ac) Importer(2089858483,0ecaa5967403d082aa24f35e1b516d23)
Start importing Assets/Import/materials/Vents_14.mat using Guid(398f776e57f740b4a9d9eea51d9d42ac) Importer(2089858483,0ecaa5967403d082aa24f35e1b516d23)  -> (artifact id: '9b06628ca7df022b44061f6a20aa5499') in 0.018873 seconds
Number of updated asset objects reloaded before import = 0
Number of asset objects unloaded after import = 2
========================================================================
Received Import Request.
  Time since last request: 0.000074 seconds.
  path: Assets/Import/meshes/Object_16_16_0.asset
  artifactKey: Guid(8b6a26eb5108b394ea45e2411b76ab2b) Importer(2089858483,0ecaa5967403d082aa24f35e1b516d23)
Start importing Assets/Import/meshes/Object_16_16_0.asset using Guid(8b6a26eb5108b394ea45e2411b76ab2b) Importer(2089858483,0ecaa5967403d082aa24f35e1b516d23)  -> (artifact id: '148e2470bc33ea12937eb98b9e79c20b') in 0.017792 seconds
Number of updated asset objects reloaded before import = 0
Number of asset objects unloaded after import = 1
========================================================================
Received Import Request.
  Time since last request: 0.000031 seconds.
  path: Assets/Import/materials/Metal_C_37.mat
  artifactKey: Guid(e691daa399902ba4981b4f46e3ab3201) Importer(2089858483,0ecaa5967403d082aa24f35e1b516d23)
Start importing Assets/Import/materials/Metal_C_37.mat using Guid(e691daa399902ba4981b4f46e3ab3201) Importer(2089858483,0ecaa5967403d082aa24f35e1b516d23)  -> (artifact id: '5ce9ee604f1efdfbbc381e4075b84fe8') in 0.019165 seconds
Number of updated asset objects reloaded before import = 0
Number of asset objects unloaded after import = 2
========================================================================
Received Import Request.
  Time since last request: 0.000032 seconds.
  path: Assets/Import/materials/chrome_29.mat
  artifactKey: Guid(47e8724f1aba16645ac59ee386584483) Importer(2089858483,0ecaa5967403d082aa24f35e1b516d23)
Start importing Assets/Import/materials/chrome_29.mat using Guid(47e8724f1aba16645ac59ee386584483) Importer(2089858483,0ecaa5967403d082aa24f35e1b516d23)  -> (artifact id: '8865af7d59c08cfcfa293a9df303c7ef') in 0.018028 seconds
Number of updated asset objects reloaded before import = 0
Number of asset objects unloaded after import = 2
========================================================================
Received Import Request.
  Time since last request: 0.000022 seconds.
  path: Assets/Import/materials/CUIR_17.mat
  artifactKey: Guid(0360c06a85204a74e9dc75e5b316afcf) Importer(2089858483,0ecaa5967403d082aa24f35e1b516d23)
Start importing Assets/Import/materials/CUIR_17.mat using Guid(0360c06a85204a74e9dc75e5b316afcf) Importer(2089858483,0ecaa5967403d082aa24f35e1b516d23)  -> (artifact id: 'accb402cf0e0045d3c14142d1583e5eb') in 0.054107 seconds
Number of updated asset objects reloaded before import = 0
Number of asset objects unloaded after import = 3
========================================================================
Received Import Request.
  Time since last request: 0.000040 seconds.
  path: Assets/Import/materials/Carbon_M_31.mat
  artifactKey: Guid(9410ad4c09c08934bb379ee83196b005) Importer(2089858483,0ecaa5967403d082aa24f35e1b516d23)
Start importing Assets/Import/materials/Carbon_M_31.mat using Guid(9410ad4c09c08934bb379ee83196b005) Importer(2089858483,0ecaa5967403d082aa24f35e1b516d23)  -> (artifact id: '5c2b080827fb684b39617a53014f2654') in 0.058824 seconds
Number of updated asset objects reloaded before import = 0
Number of asset objects unloaded after import = 3
========================================================================
Received Import Request.
  Time since last request: 0.000031 seconds.
  path: Assets/Import/meshes/Object_57_57_0.asset
  artifactKey: Guid(6d0a6bff9a15f0c4096dc931fedbe9ab) Importer(2089858483,0ecaa5967403d082aa24f35e1b516d23)
Start importing Assets/Import/meshes/Object_57_57_0.asset using Guid(6d0a6bff9a15f0c4096dc931fedbe9ab) Importer(2089858483,0ecaa5967403d082aa24f35e1b516d23)  -> (artifact id: '3dd03cfab0e56f0962f878dab536672b') in 0.018410 seconds
Number of updated asset objects reloaded before import = 0
Number of asset objects unloaded after import = 1
========================================================================
Received Import Request.
  Time since last request: 0.000023 seconds.
  path: Assets/Import/meshes/Object_63_63_0.asset
  artifactKey: Guid(46ef0b41e6797e143a64e29376cef99d) Importer(2089858483,0ecaa5967403d082aa24f35e1b516d23)
Start importing Assets/Import/meshes/Object_63_63_0.asset using Guid(46ef0b41e6797e143a64e29376cef99d) Importer(2089858483,0ecaa5967403d082aa24f35e1b516d23)  -> (artifact id: '5faa2d8e99a22ca98b16ecc2ff1f4098') in 0.016611 seconds
Number of updated asset objects reloaded before import = 0
Number of asset objects unloaded after import = 1
========================================================================
Received Import Request.
  Time since last request: 0.000026 seconds.
  path: Assets/Import/meshes/Object_61_61_0.asset
  artifactKey: Guid(d2595b0b7f47d964f967e88c594b00b4) Importer(2089858483,0ecaa5967403d082aa24f35e1b516d23)
Start importing Assets/Import/meshes/Object_61_61_0.asset using Guid(d2595b0b7f47d964f967e88c594b00b4) Importer(2089858483,0ecaa5967403d082aa24f35e1b516d23)  -> (artifact id: '357762c5e6b1c34a35a3a14d42c5dbf2') in 0.017622 seconds
Number of updated asset objects reloaded before import = 0
Number of asset objects unloaded after import = 1
========================================================================
Received Import Request.
  Time since last request: 0.000030 seconds.
  path: Assets/Import/materials/material_1.mat
  artifactKey: Guid(37daa00f727fa2d4385b8238c3f430d5) Importer(2089858483,0ecaa5967403d082aa24f35e1b516d23)
Start importing Assets/Import/materials/material_1.mat using Guid(37daa00f727fa2d4385b8238c3f430d5) Importer(2089858483,0ecaa5967403d082aa24f35e1b516d23)  -> (artifact id: '6923d715cc71b0f6284a973820158442') in 0.015710 seconds
Number of updated asset objects reloaded before import = 0
Number of asset objects unloaded after import = 2
========================================================================
Received Import Request.
  Time since last request: 0.000022 seconds.
  path: Assets/Import/meshes/Object_50_50_0.asset
  artifactKey: Guid(c18999635d0cb564191899f5415854e1) Importer(2089858483,0ecaa5967403d082aa24f35e1b516d23)
Start importing Assets/Import/meshes/Object_50_50_0.asset using Guid(c18999635d0cb564191899f5415854e1) Importer(2089858483,0ecaa5967403d082aa24f35e1b516d23)  -> (artifact id: '85c8c1bf9a2fc9fa9251facc33dfa485') in 0.014655 seconds
Number of updated asset objects reloaded before import = 0
Number of asset objects unloaded after import = 1
========================================================================
Received Import Request.
  Time since last request: 0.000021 seconds.
  path: Assets/Import/materials/CENTENARIO_43.mat
  artifactKey: Guid(6ceaa8b54e2a61d4bb767f3a2c319ff1) Importer(2089858483,0ecaa5967403d082aa24f35e1b516d23)
Start importing Assets/Import/materials/CENTENARIO_43.mat using Guid(6ceaa8b54e2a61d4bb767f3a2c319ff1) Importer(2089858483,0ecaa5967403d082aa24f35e1b516d23)  -> (artifact id: 'f6490734ce7d5b293acbafa8e221ef4e') in 0.019636 seconds
Number of updated asset objects reloaded before import = 0
Number of asset objects unloaded after import = 3
========================================================================
Received Import Request.
  Time since last request: 0.000026 seconds.
  path: Assets/Import/meshes/Object_28_28_0.asset
  artifactKey: Guid(fa3d165db6436524facc3ebc2c59ac54) Importer(2089858483,0ecaa5967403d082aa24f35e1b516d23)
Start importing Assets/Import/meshes/Object_28_28_0.asset using Guid(fa3d165db6436524facc3ebc2c59ac54) Importer(2089858483,0ecaa5967403d082aa24f35e1b516d23)  -> (artifact id: '69e6beaedb26fc4fe88d4ad80bcc08e5') in 0.019084 seconds
Number of updated asset objects reloaded before import = 0
Number of asset objects unloaded after import = 1
========================================================================
Received Import Request.
  Time since last request: 0.000023 seconds.
  path: Assets/Import/meshes/Object_8_8_0.asset
  artifactKey: Guid(c94ffb760bf6ddb44bfe55a8e96523ca) Importer(2089858483,0ecaa5967403d082aa24f35e1b516d23)
Start importing Assets/Import/meshes/Object_8_8_0.asset using Guid(c94ffb760bf6ddb44bfe55a8e96523ca) Importer(2089858483,0ecaa5967403d082aa24f35e1b516d23)  -> (artifact id: '36dd523de3ea2cd3553a2fa847cd2b69') in 0.021599 seconds
Number of updated asset objects reloaded before import = 0
Number of asset objects unloaded after import = 1
========================================================================
Received Import Request.
  Time since last request: 0.000024 seconds.
  path: Assets/Import/meshes/Object_2_2_0.asset
  artifactKey: Guid(ce48fac95bd048847a03383aa30eb32c) Importer(2089858483,0ecaa5967403d082aa24f35e1b516d23)
Start importing Assets/Import/meshes/Object_2_2_0.asset using Guid(ce48fac95bd048847a03383aa30eb32c) Importer(2089858483,0ecaa5967403d082aa24f35e1b516d23)  -> (artifact id: 'c530ae7dd437c73d87980141ea6385b2') in 0.018022 seconds
Number of updated asset objects reloaded before import = 0
Number of asset objects unloaded after import = 1
========================================================================
Received Import Request.
  Time since last request: 0.000069 seconds.
  path: Assets/Import/meshes/Object_13_13_0.asset
  artifactKey: Guid(d04e9b016425a6745bd1f5143a632a88) Importer(2089858483,0ecaa5967403d082aa24f35e1b516d23)
Start importing Assets/Import/meshes/Object_13_13_0.asset using Guid(d04e9b016425a6745bd1f5143a632a88) Importer(2089858483,0ecaa5967403d082aa24f35e1b516d23)  -> (artifact id: '3b2e6652b0ec6239a142a4df0b2107a2') in 0.095340 seconds
Number of updated asset objects reloaded before import = 0
Number of asset objects unloaded after import = 1
========================================================================
Received Import Request.
  Time since last request: 0.000042 seconds.
  path: Assets/Import/materials/Material.003_7.mat
  artifactKey: Guid(3a03be77a8fa91b4298b2e3f790f2fcc) Importer(2089858483,0ecaa5967403d082aa24f35e1b516d23)
Start importing Assets/Import/materials/Material.003_7.mat using Guid(3a03be77a8fa91b4298b2e3f790f2fcc) Importer(2089858483,0ecaa5967403d082aa24f35e1b516d23)  -> (artifact id: '5045ad698eb0cc4edbd2531cec4a2a14') in 0.021688 seconds
Number of updated asset objects reloaded before import = 0
Number of asset objects unloaded after import = 3
========================================================================
Received Import Request.
  Time since last request: 0.000026 seconds.
  path: Assets/Import/materials/material_21_21.mat
  artifactKey: Guid(21d89f8ac9a35e24584d1909bc8b9193) Importer(2089858483,0ecaa5967403d082aa24f35e1b516d23)
Start importing Assets/Import/materials/material_21_21.mat using Guid(21d89f8ac9a35e24584d1909bc8b9193) Importer(2089858483,0ecaa5967403d082aa24f35e1b516d23)  -> (artifact id: '3c665d94ec05dd744ec43ad4ee658845') in 0.016732 seconds
Number of updated asset objects reloaded before import = 0
Number of asset objects unloaded after import = 2
========================================================================
Received Import Request.
  Time since last request: 0.000031 seconds.
  path: Assets/Import/meshes/Object_22_22_0.asset
  artifactKey: Guid(222163f1cc40e6b4f9db7764ac2e349f) Importer(2089858483,0ecaa5967403d082aa24f35e1b516d23)
Start importing Assets/Import/meshes/Object_22_22_0.asset using Guid(222163f1cc40e6b4f9db7764ac2e349f) Importer(2089858483,0ecaa5967403d082aa24f35e1b516d23)  -> (artifact id: '58d6c664c5a5a9cf4f05cdfc3e0af15e') in 0.016439 seconds
Number of updated asset objects reloaded before import = 0
Number of asset objects unloaded after import = 1
========================================================================
Received Import Request.
  Time since last request: 0.000034 seconds.
  path: Assets/Import/meshes/Object_12_12_0.asset
  artifactKey: Guid(eda2a8fbb0dd7a54abbe2ad1ccc65aeb) Importer(2089858483,0ecaa5967403d082aa24f35e1b516d23)
Start importing Assets/Import/meshes/Object_12_12_0.asset using Guid(eda2a8fbb0dd7a54abbe2ad1ccc65aeb) Importer(2089858483,0ecaa5967403d082aa24f35e1b516d23)  -> (artifact id: 'a46b878d4b37350ba62f5510486c2ed5') in 0.015535 seconds
Number of updated asset objects reloaded before import = 0
Number of asset objects unloaded after import = 1
========================================================================
Received Import Request.
  Time since last request: 0.000028 seconds.
  path: Assets/Import/meshes/Object_73_73_0.asset
  artifactKey: Guid(162613cf4ce595b498354e2e3d42ca1e) Importer(2089858483,0ecaa5967403d082aa24f35e1b516d23)
Start importing Assets/Import/meshes/Object_73_73_0.asset using Guid(162613cf4ce595b498354e2e3d42ca1e) Importer(2089858483,0ecaa5967403d082aa24f35e1b516d23)  -> (artifact id: '95b07f887dc5cb3076fec21ce6788574') in 0.016110 seconds
Number of updated asset objects reloaded before import = 0
Number of asset objects unloaded after import = 1
========================================================================
Received Import Request.
  Time since last request: 0.000035 seconds.
  path: Assets/Import/meshes/Object_77_77_0.asset
  artifactKey: Guid(abd3ed5b1e9f7824aa56c1b5e6598c7a) Importer(2089858483,0ecaa5967403d082aa24f35e1b516d23)
Start importing Assets/Import/meshes/Object_77_77_0.asset using Guid(abd3ed5b1e9f7824aa56c1b5e6598c7a) Importer(2089858483,0ecaa5967403d082aa24f35e1b516d23)  -> (artifact id: 'be7fd99d1c3a96cb4b9e7e8bc54e23c8') in 0.016250 seconds
Number of updated asset objects reloaded before import = 0
Number of asset objects unloaded after import = 1
========================================================================
Received Import Request.
  Time since last request: 0.000023 seconds.
  path: Assets/Import/meshes/Object_79_79_0.asset
  artifactKey: Guid(2873d3a0abb5de6438ca0bc9f2bb4ac8) Importer(2089858483,0ecaa5967403d082aa24f35e1b516d23)
Start importing Assets/Import/meshes/Object_79_79_0.asset using Guid(2873d3a0abb5de6438ca0bc9f2bb4ac8) Importer(2089858483,0ecaa5967403d082aa24f35e1b516d23)  -> (artifact id: '77520eaf8d2a52cbeda8534f4862df2e') in 0.029241 seconds
Number of updated asset objects reloaded before import = 0
Number of asset objects unloaded after import = 1
========================================================================
Received Import Request.
  Time since last request: 0.000025 seconds.
  path: Assets/Import/meshes/Object_83_83_0.asset
  artifactKey: Guid(69037428e6b74874487f9bfac7c5ef5c) Importer(2089858483,0ecaa5967403d082aa24f35e1b516d23)
Start importing Assets/Import/meshes/Object_83_83_0.asset using Guid(69037428e6b74874487f9bfac7c5ef5c) Importer(2089858483,0ecaa5967403d082aa24f35e1b516d23)  -> (artifact id: 'ea3da608bf26a4097033a0c506883fce') in 0.016816 seconds
Number of updated asset objects reloaded before import = 0
Number of asset objects unloaded after import = 1
========================================================================
Received Import Request.
  Time since last request: 0.000029 seconds.
  path: Assets/Import/meshes/Object_58_58_0.asset
  artifactKey: Guid(d903161dab1e55e4d84cd0f633051084) Importer(2089858483,0ecaa5967403d082aa24f35e1b516d23)
Start importing Assets/Import/meshes/Object_58_58_0.asset using Guid(d903161dab1e55e4d84cd0f633051084) Importer(2089858483,0ecaa5967403d082aa24f35e1b516d23)  -> (artifact id: '15c87b7c524487b54b1f17842967ec92') in 0.019296 seconds
Number of updated asset objects reloaded before import = 0
Number of asset objects unloaded after import = 1
========================================================================
Received Import Request.
  Time since last request: 0.000025 seconds.
  path: Assets/Import/meshes/Object_7_7_0.asset
  artifactKey: Guid(82d80ed7ac4d11d40a240dd26a5fb0e7) Importer(2089858483,0ecaa5967403d082aa24f35e1b516d23)
Start importing Assets/Import/meshes/Object_7_7_0.asset using Guid(82d80ed7ac4d11d40a240dd26a5fb0e7) Importer(2089858483,0ecaa5967403d082aa24f35e1b516d23)  -> (artifact id: '5d7cb883e8d43fc7ff2a74ac3cc31cad') in 0.017635 seconds
Number of updated asset objects reloaded before import = 0
Number of asset objects unloaded after import = 1
========================================================================
Received Import Request.
  Time since last request: 0.000047 seconds.
  path: Assets/Import/meshes/Object_49_49_0.asset
  artifactKey: Guid(0891a7c3352e7624cb8b239b559f4c6b) Importer(2089858483,0ecaa5967403d082aa24f35e1b516d23)
Start importing Assets/Import/meshes/Object_49_49_0.asset using Guid(0891a7c3352e7624cb8b239b559f4c6b) Importer(2089858483,0ecaa5967403d082aa24f35e1b516d23)  -> (artifact id: '238e1c2e8a97256d02bd3c0ab6d4788f') in 0.018140 seconds
Number of updated asset objects reloaded before import = 0
Number of asset objects unloaded after import = 1
========================================================================
Received Import Request.
  Time since last request: 0.000025 seconds.
  path: Assets/Import/meshes/Object_3_3_0.asset
  artifactKey: Guid(04dda53f0fa54dc4c909ddcfbcd3f0ea) Importer(2089858483,0ecaa5967403d082aa24f35e1b516d23)
Start importing Assets/Import/meshes/Object_3_3_0.asset using Guid(04dda53f0fa54dc4c909ddcfbcd3f0ea) Importer(2089858483,0ecaa5967403d082aa24f35e1b516d23)  -> (artifact id: '8b7e14fbf21f2180f753a3a392378a98') in 0.019494 seconds
Number of updated asset objects reloaded before import = 0
Number of asset objects unloaded after import = 1
========================================================================
Received Import Request.
  Time since last request: 0.000027 seconds.
  path: Assets/Import/meshes/Object_1_1_0.asset
  artifactKey: Guid(1ca38e855df19f4408427322e54e70bf) Importer(2089858483,0ecaa5967403d082aa24f35e1b516d23)
Start importing Assets/Import/meshes/Object_1_1_0.asset using Guid(1ca38e855df19f4408427322e54e70bf) Importer(2089858483,0ecaa5967403d082aa24f35e1b516d23)  -> (artifact id: '07a7634e3d05bb62e14dae823d054b91') in 0.024074 seconds
Number of updated asset objects reloaded before import = 0
Number of asset objects unloaded after import = 1
========================================================================
Received Import Request.
  Time since last request: 0.000033 seconds.
  path: Assets/Import/materials/PLAS_22.mat
  artifactKey: Guid(7b36346adc0a5cf4c8af071738a2eeac) Importer(2089858483,0ecaa5967403d082aa24f35e1b516d23)
Start importing Assets/Import/materials/PLAS_22.mat using Guid(7b36346adc0a5cf4c8af071738a2eeac) Importer(2089858483,0ecaa5967403d082aa24f35e1b516d23)  -> (artifact id: '5cee303602be5fd29e22c0f1a4306558') in 0.049231 seconds
Number of updated asset objects reloaded before import = 0
Number of asset objects unloaded after import = 3
========================================================================
Received Import Request.
  Time since last request: 0.000021 seconds.
  path: Assets/Import/meshes/Object_46_46_0.asset
  artifactKey: Guid(a8f99ca5c38de3f48a4768e2ec2c60d2) Importer(2089858483,0ecaa5967403d082aa24f35e1b516d23)
Start importing Assets/Import/meshes/Object_46_46_0.asset using Guid(a8f99ca5c38de3f48a4768e2ec2c60d2) Importer(2089858483,0ecaa5967403d082aa24f35e1b516d23)  -> (artifact id: '450e442d43e49b54bc7dfe3cda386a71') in 0.022575 seconds
Number of updated asset objects reloaded before import = 0
Number of asset objects unloaded after import = 1
========================================================================
Received Import Request.
  Time since last request: 0.000027 seconds.
  path: Assets/Import/meshes/Object_80_80_0.asset
  artifactKey: Guid(1669f2267d1859340b9507fc6770d82b) Importer(2089858483,0ecaa5967403d082aa24f35e1b516d23)
Start importing Assets/Import/meshes/Object_80_80_0.asset using Guid(1669f2267d1859340b9507fc6770d82b) Importer(2089858483,0ecaa5967403d082aa24f35e1b516d23)  -> (artifact id: '2ba5e106e92180c2c862f85c8b23baa3') in 0.011529 seconds
Number of updated asset objects reloaded before import = 0
Number of asset objects unloaded after import = 1
========================================================================
Received Import Request.
  Time since last request: 0.000020 seconds.
  path: Assets/Import/materials/Seat_Belt_16.mat
  artifactKey: Guid(bafbd909810b4e549a1b2f31f5e91137) Importer(2089858483,0ecaa5967403d082aa24f35e1b516d23)
Start importing Assets/Import/materials/Seat_Belt_16.mat using Guid(bafbd909810b4e549a1b2f31f5e91137) Importer(2089858483,0ecaa5967403d082aa24f35e1b516d23)  -> (artifact id: '5b58f2af02bb800be5423590e0b50a19') in 0.012849 seconds
Number of updated asset objects reloaded before import = 0
Number of asset objects unloaded after import = 2
========================================================================
Received Import Request.
  Time since last request: 0.000021 seconds.
  path: Assets/Import/meshes/Object_18_18_0.asset
  artifactKey: Guid(e856e271a379a8c4ea80dbc02f007f31) Importer(2089858483,0ecaa5967403d082aa24f35e1b516d23)
Start importing Assets/Import/meshes/Object_18_18_0.asset using Guid(e856e271a379a8c4ea80dbc02f007f31) Importer(2089858483,0ecaa5967403d082aa24f35e1b516d23)  -> (artifact id: '28b7cbccabcc0ca5bc13ba3903e59e4f') in 0.013288 seconds
Number of updated asset objects reloaded before import = 0
Number of asset objects unloaded after import = 1
========================================================================
Received Import Request.
  Time since last request: 0.000023 seconds.
  path: Assets/Import/meshes/Object_35_35_0.asset
  artifactKey: Guid(0d921b2b5bc57914a9dd5332840e3513) Importer(2089858483,0ecaa5967403d082aa24f35e1b516d23)
Start importing Assets/Import/meshes/Object_35_35_0.asset using Guid(0d921b2b5bc57914a9dd5332840e3513) Importer(2089858483,0ecaa5967403d082aa24f35e1b516d23)  -> (artifact id: 'd6795718074476f759a7fc93a94fe5cd') in 0.013602 seconds
Number of updated asset objects reloaded before import = 0
Number of asset objects unloaded after import = 1
========================================================================
Received Import Request.
  Time since last request: 0.000028 seconds.
  path: Assets/Import/materials/Material.022_46.mat
  artifactKey: Guid(1c7ed3f53df40304f93653b15d8c2310) Importer(2089858483,0ecaa5967403d082aa24f35e1b516d23)
Start importing Assets/Import/materials/Material.022_46.mat using Guid(1c7ed3f53df40304f93653b15d8c2310) Importer(2089858483,0ecaa5967403d082aa24f35e1b516d23)  -> (artifact id: '763a92fcf98e35b2a7b08b04171ff701') in 0.012762 seconds
Number of updated asset objects reloaded before import = 0
Number of asset objects unloaded after import = 2
========================================================================
Received Import Request.
  Time since last request: 0.000032 seconds.
  path: Assets/Import/materials/Material.001_42.mat
  artifactKey: Guid(2e0aee2b46841294f8c9a76ac6156226) Importer(2089858483,0ecaa5967403d082aa24f35e1b516d23)
Start importing Assets/Import/materials/Material.001_42.mat using Guid(2e0aee2b46841294f8c9a76ac6156226) Importer(2089858483,0ecaa5967403d082aa24f35e1b516d23)  -> (artifact id: '732c7dcb1ecc62f637a7ed8286320efa') in 0.013742 seconds
Number of updated asset objects reloaded before import = 0
Number of asset objects unloaded after import = 2
========================================================================
Received Import Request.
  Time since last request: 0.000025 seconds.
  path: Assets/Import/materials/Material.002_4.mat
  artifactKey: Guid(2da674af569c5b741a5b1694c6a05f62) Importer(2089858483,0ecaa5967403d082aa24f35e1b516d23)
Start importing Assets/Import/materials/Material.002_4.mat using Guid(2da674af569c5b741a5b1694c6a05f62) Importer(2089858483,0ecaa5967403d082aa24f35e1b516d23)  -> (artifact id: 'b032ad8160e54593d65b8433d996b43b') in 0.012328 seconds
Number of updated asset objects reloaded before import = 0
Number of asset objects unloaded after import = 2
========================================================================
Received Import Request.
  Time since last request: 0.000032 seconds.
  path: Assets/Import/materials/Carbon_R_18.mat
  artifactKey: Guid(82c2fdf6c29bb0a49a3d0314a7a9eace) Importer(2089858483,0ecaa5967403d082aa24f35e1b516d23)
Start importing Assets/Import/materials/Carbon_R_18.mat using Guid(82c2fdf6c29bb0a49a3d0314a7a9eace) Importer(2089858483,0ecaa5967403d082aa24f35e1b516d23)  -> (artifact id: '98c2fed59513f4d16b19ef4fa70b3b36') in 0.044621 seconds
Number of updated asset objects reloaded before import = 0
Number of asset objects unloaded after import = 3
========================================================================
Received Import Request.
  Time since last request: 0.000021 seconds.
  path: Assets/Import/meshes/Object_85_85_0.asset
  artifactKey: Guid(955b3674ae608394484b94bd0846ee7f) Importer(2089858483,0ecaa5967403d082aa24f35e1b516d23)
Start importing Assets/Import/meshes/Object_85_85_0.asset using Guid(955b3674ae608394484b94bd0846ee7f) Importer(2089858483,0ecaa5967403d082aa24f35e1b516d23)  -> (artifact id: '1b9c562575dbd6ae967ba42f2bd77878') in 0.011808 seconds
Number of updated asset objects reloaded before import = 0
Number of asset objects unloaded after import = 1
========================================================================
Received Import Request.
  Time since last request: 0.000030 seconds.
  path: Assets/Import/meshes/Object_26_26_0.asset
  artifactKey: Guid(9a816176338ec5047bf894bd0d239b3a) Importer(2089858483,0ecaa5967403d082aa24f35e1b516d23)
Start importing Assets/Import/meshes/Object_26_26_0.asset using Guid(9a816176338ec5047bf894bd0d239b3a) Importer(2089858483,0ecaa5967403d082aa24f35e1b516d23)  -> (artifact id: 'fd18b7ae7087b2b3c337c2eda990aaa1') in 0.011480 seconds
Number of updated asset objects reloaded before import = 0
Number of asset objects unloaded after import = 1
========================================================================
Received Import Request.
  Time since last request: 0.000018 seconds.
  path: Assets/Import/materials/material_19_19.mat
  artifactKey: Guid(f11b139ce3f8a3a47a437f495dd7df19) Importer(2089858483,0ecaa5967403d082aa24f35e1b516d23)
Start importing Assets/Import/materials/material_19_19.mat using Guid(f11b139ce3f8a3a47a437f495dd7df19) Importer(2089858483,0ecaa5967403d082aa24f35e1b516d23)  -> (artifact id: '22950eaded56028bb3cc56dd51863f08') in 0.048556 seconds
Number of updated asset objects reloaded before import = 0
Number of asset objects unloaded after import = 3
========================================================================
Received Import Request.
  Time since last request: 0.000023 seconds.
  path: Assets/Import/meshes/Object_60_60_0.asset
  artifactKey: Guid(d01062e21d81e354395e3a3d6ce65277) Importer(2089858483,0ecaa5967403d082aa24f35e1b516d23)
Start importing Assets/Import/meshes/Object_60_60_0.asset using Guid(d01062e21d81e354395e3a3d6ce65277) Importer(2089858483,0ecaa5967403d082aa24f35e1b516d23)  -> (artifact id: '0034a41afe6edc92aca65bdc77086e7b') in 0.011534 seconds
Number of updated asset objects reloaded before import = 0
Number of asset objects unloaded after import = 1
========================================================================
Received Import Request.
  Time since last request: 0.000021 seconds.
  path: Assets/Import/materials/LIGT_BLC_39.mat
  artifactKey: Guid(90da370f4cf1a9e4eb0c01d044037174) Importer(2089858483,0ecaa5967403d082aa24f35e1b516d23)
Start importing Assets/Import/materials/LIGT_BLC_39.mat using Guid(90da370f4cf1a9e4eb0c01d044037174) Importer(2089858483,0ecaa5967403d082aa24f35e1b516d23)  -> (artifact id: '143901d1c3128ecae55b06dfcc0de7f6') in 0.014230 seconds
Number of updated asset objects reloaded before import = 0
Number of asset objects unloaded after import = 2
========================================================================
Received Import Request.
  Time since last request: 0.000022 seconds.
  path: Assets/Import/materials/Material.014_23.mat
  artifactKey: Guid(57b2576a2f88f074484ba5b4efe8edc8) Importer(2089858483,0ecaa5967403d082aa24f35e1b516d23)
Start importing Assets/Import/materials/Material.014_23.mat using Guid(57b2576a2f88f074484ba5b4efe8edc8) Importer(2089858483,0ecaa5967403d082aa24f35e1b516d23)  -> (artifact id: '43d50858bbe271845fca98de5514288c') in 0.018177 seconds
Number of updated asset objects reloaded before import = 0
Number of asset objects unloaded after import = 2
========================================================================
Received Import Request.
  Time since last request: 0.000034 seconds.
  path: Assets/Import/meshes/Object_55_55_0.asset
  artifactKey: Guid(e1675aa979216f3479c026c4dcb3f756) Importer(2089858483,0ecaa5967403d082aa24f35e1b516d23)
Start importing Assets/Import/meshes/Object_55_55_0.asset using Guid(e1675aa979216f3479c026c4dcb3f756) Importer(2089858483,0ecaa5967403d082aa24f35e1b516d23)  -> (artifact id: '8870da9a078dfb4f7239c63b355b5ca0') in 0.011452 seconds
Number of updated asset objects reloaded before import = 0
Number of asset objects unloaded after import = 1
========================================================================
Received Import Request.
  Time since last request: 0.000035 seconds.
  path: Assets/Import/materials/Material.019_30.mat
  artifactKey: Guid(fcd33a7a95c5fb64eb3383171e3e9472) Importer(2089858483,0ecaa5967403d082aa24f35e1b516d23)
Start importing Assets/Import/materials/Material.019_30.mat using Guid(fcd33a7a95c5fb64eb3383171e3e9472) Importer(2089858483,0ecaa5967403d082aa24f35e1b516d23)  -> (artifact id: '33263df576f3b1a85fa6142d9052ee56') in 0.013261 seconds
Number of updated asset objects reloaded before import = 0
Number of asset objects unloaded after import = 2
========================================================================
Received Import Request.
  Time since last request: 0.000022 seconds.
  path: Assets/Import/materials/material_36_36.mat
  artifactKey: Guid(bf859d1ffd5b1d1469581ea59cb15c13) Importer(2089858483,0ecaa5967403d082aa24f35e1b516d23)
Start importing Assets/Import/materials/material_36_36.mat using Guid(bf859d1ffd5b1d1469581ea59cb15c13) Importer(2089858483,0ecaa5967403d082aa24f35e1b516d23)  -> (artifact id: '54a6d8240b42e616af1f45e0da933ecc') in 0.012241 seconds
Number of updated asset objects reloaded before import = 0
Number of asset objects unloaded after import = 2
========================================================================
Received Import Request.
  Time since last request: 0.000020 seconds.
  path: Assets/Import/meshes/Object_29_29_0.asset
  artifactKey: Guid(a830615867cec414abb293cafd6ecedd) Importer(2089858483,0ecaa5967403d082aa24f35e1b516d23)
Start importing Assets/Import/meshes/Object_29_29_0.asset using Guid(a830615867cec414abb293cafd6ecedd) Importer(2089858483,0ecaa5967403d082aa24f35e1b516d23)  -> (artifact id: 'e76ef50f8c66de4e3711dbca008114fd') in 0.013451 seconds
Number of updated asset objects reloaded before import = 0
Number of asset objects unloaded after import = 1
========================================================================
Received Import Request.
  Time since last request: 0.000019 seconds.
  path: Assets/Import/meshes/Object_42_42_0.asset
  artifactKey: Guid(2965427698b5e4b44a2d696d01a8da03) Importer(2089858483,0ecaa5967403d082aa24f35e1b516d23)
Start importing Assets/Import/meshes/Object_42_42_0.asset using Guid(2965427698b5e4b44a2d696d01a8da03) Importer(2089858483,0ecaa5967403d082aa24f35e1b516d23)  -> (artifact id: 'a0e7738e0c5066547e48a8489eb51612') in 0.013884 seconds
Number of updated asset objects reloaded before import = 0
Number of asset objects unloaded after import = 1
========================================================================
Received Import Request.
  Time since last request: 0.000024 seconds.
  path: Assets/Import/meshes/Object_74_74_0.asset
  artifactKey: Guid(72811e3d2f6fd7b4faa1fb3dfb0da752) Importer(2089858483,0ecaa5967403d082aa24f35e1b516d23)
Start importing Assets/Import/meshes/Object_74_74_0.asset using Guid(72811e3d2f6fd7b4faa1fb3dfb0da752) Importer(2089858483,0ecaa5967403d082aa24f35e1b516d23)  -> (artifact id: '4d5bc5b3d5a55e8a948745f9c8f3ac2a') in 0.011865 seconds
Number of updated asset objects reloaded before import = 0
Number of asset objects unloaded after import = 1
========================================================================
Received Import Request.
  Time since last request: 0.000021 seconds.
  path: Assets/Import/materials/Material.020_44.mat
  artifactKey: Guid(472c0cc72b1c44143a9a48f5dfaf8cd4) Importer(2089858483,0ecaa5967403d082aa24f35e1b516d23)
Start importing Assets/Import/materials/Material.020_44.mat using Guid(472c0cc72b1c44143a9a48f5dfaf8cd4) Importer(2089858483,0ecaa5967403d082aa24f35e1b516d23)  -> (artifact id: '80d7051be84bb9b55090afee8f84ddd4') in 0.011742 seconds
Number of updated asset objects reloaded before import = 0
Number of asset objects unloaded after import = 2
========================================================================
Received Import Request.
  Time since last request: 0.000018 seconds.
  path: Assets/Import/meshes/Object_69_69_0.asset
  artifactKey: Guid(a8ba8c1ac86b211449f850ec4bc06c44) Importer(2089858483,0ecaa5967403d082aa24f35e1b516d23)
Start importing Assets/Import/meshes/Object_69_69_0.asset using Guid(a8ba8c1ac86b211449f850ec4bc06c44) Importer(2089858483,0ecaa5967403d082aa24f35e1b516d23)  -> (artifact id: 'ffa36f41ef2b65f81de93d5912445d67') in 0.010907 seconds
Number of updated asset objects reloaded before import = 0
Number of asset objects unloaded after import = 1
========================================================================
Received Import Request.
  Time since last request: 0.000019 seconds.
  path: Assets/Import/meshes/Object_65_65_0.asset
  artifactKey: Guid(5c370e5e83e812e408bb5f83dde4bb20) Importer(2089858483,0ecaa5967403d082aa24f35e1b516d23)
Start importing Assets/Import/meshes/Object_65_65_0.asset using Guid(5c370e5e83e812e408bb5f83dde4bb20) Importer(2089858483,0ecaa5967403d082aa24f35e1b516d23)  -> (artifact id: '0f2518c3e567dff9a858fb7ff99ed812') in 0.012187 seconds
Number of updated asset objects reloaded before import = 0
Number of asset objects unloaded after import = 1
========================================================================
Received Import Request.
  Time since last request: 0.000020 seconds.
  path: Assets/Import/meshes/Object_86_86_0.asset
  artifactKey: Guid(8bb85c97ae72f3b43b631335fe1d662e) Importer(2089858483,0ecaa5967403d082aa24f35e1b516d23)
Start importing Assets/Import/meshes/Object_86_86_0.asset using Guid(8bb85c97ae72f3b43b631335fe1d662e) Importer(2089858483,0ecaa5967403d082aa24f35e1b516d23)  -> (artifact id: '7240e31c445d2a3b1e3082c508931b07') in 0.012849 seconds
Number of updated asset objects reloaded before import = 0
Number of asset objects unloaded after import = 1
========================================================================
Received Import Request.
  Time since last request: 0.000022 seconds.
  path: Assets/Import/materials/LOGO_10.mat
  artifactKey: Guid(df226bbcd324b3f45a57d813eea5da2b) Importer(2089858483,0ecaa5967403d082aa24f35e1b516d23)
Start importing Assets/Import/materials/LOGO_10.mat using Guid(df226bbcd324b3f45a57d813eea5da2b) Importer(2089858483,0ecaa5967403d082aa24f35e1b516d23)  -> (artifact id: '78751d17f28e58db494bb8884351cb9b') in 0.014479 seconds
Number of updated asset objects reloaded before import = 0
Number of asset objects unloaded after import = 3
========================================================================
Received Import Request.
  Time since last request: 0.000028 seconds.
  path: Assets/Import/meshes/Object_81_81_0.asset
  artifactKey: Guid(193047cc631eded4a91a6c225c3efa7b) Importer(2089858483,0ecaa5967403d082aa24f35e1b516d23)
Start importing Assets/Import/meshes/Object_81_81_0.asset using Guid(193047cc631eded4a91a6c225c3efa7b) Importer(2089858483,0ecaa5967403d082aa24f35e1b516d23)  -> (artifact id: '434fa74f9aadff3212486c142428c391') in 0.013581 seconds
Number of updated asset objects reloaded before import = 0
Number of asset objects unloaded after import = 1
========================================================================
Received Import Request.
  Time since last request: 0.000020 seconds.
  path: Assets/Import/meshes/Object_53_53_0.asset
  artifactKey: Guid(f2bc8328d53cc5c4395b5327550c412e) Importer(2089858483,0ecaa5967403d082aa24f35e1b516d23)
Start importing Assets/Import/meshes/Object_53_53_0.asset using Guid(f2bc8328d53cc5c4395b5327550c412e) Importer(2089858483,0ecaa5967403d082aa24f35e1b516d23)  -> (artifact id: 'b157869aaadb38a812e250b308c67458') in 0.012072 seconds
Number of updated asset objects reloaded before import = 0
Number of asset objects unloaded after import = 1
========================================================================
Received Import Request.
  Time since last request: 0.000021 seconds.
  path: Assets/Import/meshes/Object_19_19_0.asset
  artifactKey: Guid(57a7ebb77134fa24dbc4b5b223cec70a) Importer(2089858483,0ecaa5967403d082aa24f35e1b516d23)
Start importing Assets/Import/meshes/Object_19_19_0.asset using Guid(57a7ebb77134fa24dbc4b5b223cec70a) Importer(2089858483,0ecaa5967403d082aa24f35e1b516d23)  -> (artifact id: '48dfc75fb7894167b94659547baf3c8a') in 0.013317 seconds
Number of updated asset objects reloaded before import = 0
Number of asset objects unloaded after import = 1
========================================================================
Received Import Request.
  Time since last request: 0.000043 seconds.
  path: Assets/Import/meshes/Object_14_14_0.asset
  artifactKey: Guid(f03db5014d8a1794ba78bdb910636a41) Importer(2089858483,0ecaa5967403d082aa24f35e1b516d23)
Start importing Assets/Import/meshes/Object_14_14_0.asset using Guid(f03db5014d8a1794ba78bdb910636a41) Importer(2089858483,0ecaa5967403d082aa24f35e1b516d23)  -> (artifact id: '95038c23aa0e49bf0141c471e3a01835') in 0.048896 seconds
Number of updated asset objects reloaded before import = 0
Number of asset objects unloaded after import = 1
========================================================================
Received Import Request.
  Time since last request: 0.000018 seconds.
  path: Assets/Import/materials/LIGT_RED_38.mat
  artifactKey: Guid(fe4d7b12664a97441ae753d31c20d2c1) Importer(2089858483,0ecaa5967403d082aa24f35e1b516d23)
Start importing Assets/Import/materials/LIGT_RED_38.mat using Guid(fe4d7b12664a97441ae753d31c20d2c1) Importer(2089858483,0ecaa5967403d082aa24f35e1b516d23)  -> (artifact id: 'c8654f6857e98736edb42ad229930d94') in 0.012904 seconds
Number of updated asset objects reloaded before import = 0
Number of asset objects unloaded after import = 2
========================================================================
Received Import Request.
  Time since last request: 0.000019 seconds.
  path: Assets/Import/meshes/Object_54_54_0.asset
  artifactKey: Guid(3dffa43230d9b1b45bc41eaaae67f1ea) Importer(2089858483,0ecaa5967403d082aa24f35e1b516d23)
Start importing Assets/Import/meshes/Object_54_54_0.asset using Guid(3dffa43230d9b1b45bc41eaaae67f1ea) Importer(2089858483,0ecaa5967403d082aa24f35e1b516d23)  -> (artifact id: 'd079751bc42d33069c206e33fa08a30d') in 0.020767 seconds
Number of updated asset objects reloaded before import = 0
Number of asset objects unloaded after import = 1
========================================================================
Received Import Request.
  Time since last request: 0.000027 seconds.
  path: Assets/Import/meshes/Object_76_76_0.asset
  artifactKey: Guid(adc3fbad7e64e0c409c9675588a63d7e) Importer(2089858483,0ecaa5967403d082aa24f35e1b516d23)
Start importing Assets/Import/meshes/Object_76_76_0.asset using Guid(adc3fbad7e64e0c409c9675588a63d7e) Importer(2089858483,0ecaa5967403d082aa24f35e1b516d23)  -> (artifact id: '69f579a06762fe8c011942e5f52637d4') in 0.013597 seconds
Number of updated asset objects reloaded before import = 0
Number of asset objects unloaded after import = 1
========================================================================
Received Import Request.
  Time since last request: 0.000023 seconds.
  path: Assets/Import/meshes/Object_30_30_0.asset
  artifactKey: Guid(35644192514c6ec40b2cdf46322f3f26) Importer(2089858483,0ecaa5967403d082aa24f35e1b516d23)
Start importing Assets/Import/meshes/Object_30_30_0.asset using Guid(35644192514c6ec40b2cdf46322f3f26) Importer(2089858483,0ecaa5967403d082aa24f35e1b516d23)  -> (artifact id: '60ebef4777237a7082a487646894e356') in 0.013167 seconds
Number of updated asset objects reloaded before import = 0
Number of asset objects unloaded after import = 1
========================================================================
Received Import Request.
  Time since last request: 0.000028 seconds.
  path: Assets/Import/materials/Plastic_Dash_15.mat
  artifactKey: Guid(78b6452ff5edac540946ce81179325bb) Importer(2089858483,0ecaa5967403d082aa24f35e1b516d23)
Start importing Assets/Import/materials/Plastic_Dash_15.mat using Guid(78b6452ff5edac540946ce81179325bb) Importer(2089858483,0ecaa5967403d082aa24f35e1b516d23)  -> (artifact id: 'b859f05d8b0045f597ac9570a2920e6e') in 0.016523 seconds
Number of updated asset objects reloaded before import = 0
Number of asset objects unloaded after import = 2
========================================================================
Received Import Request.
  Time since last request: 0.000025 seconds.
  path: Assets/Import/meshes/Object_70_70_0.asset
  artifactKey: Guid(8e9c8536cc0e9d84b8e9110d0933bd3a) Importer(2089858483,0ecaa5967403d082aa24f35e1b516d23)
Start importing Assets/Import/meshes/Object_70_70_0.asset using Guid(8e9c8536cc0e9d84b8e9110d0933bd3a) Importer(2089858483,0ecaa5967403d082aa24f35e1b516d23)  -> (artifact id: '17b8703cdceab3f968a593c95334f09d') in 0.025167 seconds
Number of updated asset objects reloaded before import = 0
Number of asset objects unloaded after import = 1
========================================================================
Received Import Request.
  Time since last request: 80.935121 seconds.
  path: Assets/Import/materials/GLS_AR_35.mat
  artifactKey: Guid(5c0cb2352ca95c04ea5edba81bbade39) Importer(2089858483,0ecaa5967403d082aa24f35e1b516d23)
Start importing Assets/Import/materials/GLS_AR_35.mat using Guid(5c0cb2352ca95c04ea5edba81bbade39) Importer(2089858483,0ecaa5967403d082aa24f35e1b516d23)  -> (artifact id: '799f76df6285bdc21a9d6d3325ea39c8') in 0.020675 seconds
Number of updated asset objects reloaded before import = 0
Number of asset objects unloaded after import = 1
========================================================================
Received Import Request.
  Time since last request: 0.000031 seconds.
  path: Assets/Import/materials/Glass_34.mat
  artifactKey: Guid(d4b987b601072aa419b582ea3df40ae0) Importer(2089858483,0ecaa5967403d082aa24f35e1b516d23)
Start importing Assets/Import/materials/Glass_34.mat using Guid(d4b987b601072aa419b582ea3df40ae0) Importer(2089858483,0ecaa5967403d082aa24f35e1b516d23)  -> (artifact id: '6cc4dce391971b395b9ab208ab78546e') in 0.019098 seconds
Number of updated asset objects reloaded before import = 0
Number of asset objects unloaded after import = 1
========================================================================
Received Import Request.
  Time since last request: 0.000026 seconds.
  path: Assets/Import/materials/material_33_33.mat
  artifactKey: Guid(2a3f55902c472ff4d88efe1de306b76f) Importer(2089858483,0ecaa5967403d082aa24f35e1b516d23)
Start importing Assets/Import/materials/material_33_33.mat using Guid(2a3f55902c472ff4d88efe1de306b76f) Importer(2089858483,0ecaa5967403d082aa24f35e1b516d23)  -> (artifact id: '148d3941439827e27577bfd7f0ed8144') in 0.032362 seconds
Number of updated asset objects reloaded before import = 0
Number of asset objects unloaded after import = 1
========================================================================
Received Import Request.
  Time since last request: 0.000031 seconds.
  path: Assets/Scenes/MarkerBasedARScene.unity
  artifactKey: Guid(3d918747683932f45b5ab1286f66c61a) Importer(2089858483,0ecaa5967403d082aa24f35e1b516d23)
Start importing Assets/Scenes/MarkerBasedARScene.unity using Guid(3d918747683932f45b5ab1286f66c61a) Importer(2089858483,0ecaa5967403d082aa24f35e1b516d23)  -> (artifact id: '7901246eaef4795c4292511b3d775baf') in 0.037553 seconds
Number of updated asset objects reloaded before import = 0
Number of asset objects unloaded after import = 1
========================================================================
Received Import Request.
  Time since last request: 0.000029 seconds.
  path: Assets/Import/animations/Imported.controller
  artifactKey: Guid(2c5e3abe3dd017845b1358be0b4cba60) Importer(2089858483,0ecaa5967403d082aa24f35e1b516d23)
Start importing Assets/Import/animations/Imported.controller using Guid(2c5e3abe3dd017845b1358be0b4cba60) Importer(2089858483,0ecaa5967403d082aa24f35e1b516d23)  -> (artifact id: '569707d1d1cf5302591bce0859b0dae6') in 0.047038 seconds
Number of updated asset objects reloaded before import = 0
Number of asset objects unloaded after import = 4
========================================================================
Received Import Request.
  Time since last request: 0.000036 seconds.
  path: Assets/Import/materials/LOGO_10.mat
  artifactKey: Guid(df226bbcd324b3f45a57d813eea5da2b) Importer(2089858483,0ecaa5967403d082aa24f35e1b516d23)
Start importing Assets/Import/materials/LOGO_10.mat using Guid(df226bbcd324b3f45a57d813eea5da2b) Importer(2089858483,0ecaa5967403d082aa24f35e1b516d23)  -> (artifact id: '301208de6b46cf61ee1503580939ef49') in 0.020549 seconds
Number of updated asset objects reloaded before import = 0
Number of asset objects unloaded after import = 2
Editor requested this worker to shutdown with reason: Scaling down because of idle timeout
TcpMessagingSession - receive error: operation aborted. errorcode: 995, details: The I/O operation has been aborted because of either a thread exit or an application request.
AssetImportWorker is now disconnected from the server
Process exiting
Exiting without the bug reporter. Application will terminate with return code 0