Using pre-set license
Built from '2022.3/staging' branch; Version is '2022.3.22f1 (887be4894c44) revision 8944612'; Using compiler version '192829333'; Build Type 'Release'
OS: 'Windows 11  (10.0.26100) 64bit Professional' Language: 'en' Physical Memory: 16159 MB
BatchMode: 1, IsHumanControllingUs: 0, StartBugReporterOnCrash: 0, Is64bit: 1, IsPro: 1

COMMAND LINE ARGUMENTS:
D:\2022.3.22f1\Editor\Unity.exe
-adb2
-batchMode
-noUpm
-name
AssetImportWorker32
-projectPath
D:/IM ESLSCA UNIVERSITY/Virtual and Augmented Reality Development/AR_Vehicle_Showcase_Final_Project_Iad
-logFile
Logs/AssetImportWorker32.log
-srvPort
51588
Successfully changed project path to: D:/IM ESLSCA UNIVERSITY/Virtual and Augmented Reality Development/AR_Vehicle_Showcase_Final_Project_Iad
D:/IM ESLSCA UNIVERSITY/Virtual and Augmented Reality Development/AR_Vehicle_Showcase_Final_Project_Iad
[UnityMemory] Configuration Parameters - Can be set up in boot.config
    "memorysetup-bucket-allocator-granularity=16"
    "memorysetup-bucket-allocator-bucket-count=8"
    "memorysetup-bucket-allocator-block-size=33554432"
    "memorysetup-bucket-allocator-block-count=8"
    "memorysetup-main-allocator-block-size=16777216"
    "memorysetup-thread-allocator-block-size=16777216"
    "memorysetup-gfx-main-allocator-block-size=16777216"
    "memorysetup-gfx-thread-allocator-block-size=16777216"
    "memorysetup-cache-allocator-block-size=4194304"
    "memorysetup-typetree-allocator-block-size=2097152"
    "memorysetup-profiler-bucket-allocator-granularity=16"
    "memorysetup-profiler-bucket-allocator-bucket-count=8"
    "memorysetup-profiler-bucket-allocator-block-size=33554432"
    "memorysetup-profiler-bucket-allocator-block-count=8"
    "memorysetup-profiler-allocator-block-size=16777216"
    "memorysetup-profiler-editor-allocator-block-size=1048576"
    "memorysetup-temp-allocator-size-main=16777216"
    "memorysetup-job-temp-allocator-block-size=2097152"
    "memorysetup-job-temp-allocator-block-size-background=1048576"
    "memorysetup-job-temp-allocator-reduction-small-platforms=262144"
    "memorysetup-allocator-temp-initial-block-size-main=262144"
    "memorysetup-allocator-temp-initial-block-size-worker=262144"
    "memorysetup-temp-allocator-size-background-worker=32768"
    "memorysetup-temp-allocator-size-job-worker=262144"
    "memorysetup-temp-allocator-size-preload-manager=33554432"
    "memorysetup-temp-allocator-size-nav-mesh-worker=65536"
    "memorysetup-temp-allocator-size-audio-worker=65536"
    "memorysetup-temp-allocator-size-cloud-worker=32768"
    "memorysetup-temp-allocator-size-gi-baking-worker=262144"
    "memorysetup-temp-allocator-size-gfx=262144"
Player connection [11716] Host "[IP] 192.168.1.107 [Port] 0 [Flags] 2 [Guid] 3569950207 [EditorId] 3569950207 [Version] 1048832 [Id] WindowsEditor(7,MOHAMEDIAD) [Debug] 1 [PackageName] WindowsEditor [ProjectName] Editor" joined multi-casting on [225.0.0.222:54997]...

Player connection [11716] Host "[IP] 192.168.1.107 [Port] 0 [Flags] 2 [Guid] 3569950207 [EditorId] 3569950207 [Version] 1048832 [Id] WindowsEditor(7,MOHAMEDIAD) [Debug] 1 [PackageName] WindowsEditor [ProjectName] Editor" joined alternative multi-casting on [225.0.0.222:34997]...

[Physics::Module] Initialized MultithreadedJobDispatcher with 11 workers.
Refreshing native plugins compatible for Editor in 66.01 ms, found 10 plugins.
Preloading 0 native plugins for Editor in 0.00 ms.
Initialize engine version: 2022.3.22f1 (887be4894c44)
[Subsystems] Discovering subsystems at path D:/2022.3.22f1/Editor/Data/Resources/UnitySubsystems
[Subsystems] Discovering subsystems at path D:/IM ESLSCA UNIVERSITY/Virtual and Augmented Reality Development/AR_Vehicle_Showcase_Final_Project_Iad/Assets
GfxDevice: creating device client; threaded=0; jobified=0
Direct3D:
    Version:  Direct3D 11.0 [level 11.1]
    Renderer: NVIDIA GeForce GTX 1650 (ID=0x1f9d)
    Vendor:   NVIDIA
    VRAM:     3937 MB
    Driver:   32.0.15.7652
Initialize mono
Mono path[0] = 'D:/2022.3.22f1/Editor/Data/Managed'
Mono path[1] = 'D:/2022.3.22f1/Editor/Data/MonoBleedingEdge/lib/mono/unityjit-win32'
Mono config path = 'D:/2022.3.22f1/Editor/Data/MonoBleedingEdge/etc'
Using monoOptions --debugger-agent=transport=dt_socket,embedding=1,server=y,suspend=n,address=127.0.0.1:56648
Begin MonoManager ReloadAssembly
Registering precompiled unity dll's ...
Register platform support module: D:/2022.3.22f1/Editor/Data/PlaybackEngines/WebGLSupport/UnityEditor.WebGL.Extensions.dll
Register platform support module: D:/2022.3.22f1/Editor/Data/PlaybackEngines/MacStandaloneSupport/UnityEditor.OSXStandalone.Extensions.dll
Register platform support module: D:/2022.3.22f1/Editor/Data/PlaybackEngines/AndroidPlayer/UnityEditor.Android.Extensions.dll
Register platform support module: D:/2022.3.22f1/Editor/Data/PlaybackEngines/iOSSupport/UnityEditor.iOS.Extensions.dll
Register platform support module: D:/2022.3.22f1/Editor/Data/PlaybackEngines/VisionOSPlayer/UnityEditor.VisionOS.Extensions.dll
Register platform support module: D:/2022.3.22f1/Editor/Data/PlaybackEngines/AppleTVSupport/UnityEditor.AppleTV.Extensions.dll
Register platform support module: D:/2022.3.22f1/Editor/Data/PlaybackEngines/WindowsStandaloneSupport/UnityEditor.WindowsStandalone.Extensions.dll
Register platform support module: D:/2022.3.22f1/Editor/Data/PlaybackEngines/LinuxStandaloneSupport/UnityEditor.LinuxStandalone.Extensions.dll
Register platform support module: D:/2022.3.22f1/Editor/Data/PlaybackEngines/MetroSupport/UnityEditor.UWP.Extensions.dll
Registered in 0.015115 seconds.
- Loaded All Assemblies, in  0.430 seconds
Native extension for UWP target not found
Native extension for LinuxStandalone target not found
Native extension for WindowsStandalone target not found
[usbmuxd] Start listen thread
[usbmuxd] Listen thread started
Native extension for AppleTV target not found
Failed to load: D:/2022.3.22f1/Editor/Data/PlaybackEngines/VisionOSPlayer\x64\UnityEditor.VisionOS.Native.dll
Native extension for VisionOS target not found
[usbmuxd] Start listen thread
[usbmuxd] Listen thread started
Native extension for iOS target not found
Native extension for Android target not found
Android Extension - Scanning For ADB Devices 265 ms
Native extension for OSXStandalone target not found
Native extension for WebGL target not found
Mono: successfully reloaded assembly
- Finished resetting the current domain, in  0.628 seconds
Domain Reload Profiling: 1059ms
	BeginReloadAssembly (141ms)
		ExecutionOrderSort (0ms)
		DisableScriptedObjects (0ms)
		BackupInstance (0ms)
		ReleaseScriptingObjects (0ms)
		CreateAndSetChildDomain (1ms)
	RebuildCommonClasses (40ms)
	RebuildNativeTypeToScriptingClass (12ms)
	initialDomainReloadingComplete (64ms)
	LoadAllAssembliesAndSetupDomain (172ms)
		LoadAssemblies (143ms)
		RebuildTransferFunctionScriptingTraits (0ms)
		AnalyzeDomain (168ms)
			TypeCache.Refresh (167ms)
				TypeCache.ScanAssembly (152ms)
			ScanForSourceGeneratedMonoScriptInfo (0ms)
			ResolveRequiredComponents (0ms)
	FinalizeReload (629ms)
		ReleaseScriptCaches (0ms)
		RebuildScriptCaches (0ms)
		SetupLoadedEditorAssemblies (568ms)
			LogAssemblyErrors (0ms)
			InitializePlatformSupportModulesInManaged (407ms)
			SetLoadedEditorAssemblies (4ms)
			RefreshPlugins (0ms)
			BeforeProcessingInitializeOnLoad (2ms)
			ProcessInitializeOnLoadAttributes (109ms)
			ProcessInitializeOnLoadMethodAttributes (46ms)
			AfterProcessingInitializeOnLoad (0ms)
			EditorAssembliesLoaded (0ms)
		ExecutionOrderSort2 (0ms)
		AwakeInstancesAfterBackupRestoration (0ms)
========================================================================
Worker process is ready to serve import requests
Begin MonoManager ReloadAssembly
- Loaded All Assemblies, in  1.001 seconds
Refreshing native plugins compatible for Editor in 15.58 ms, found 10 plugins.
Native extension for UWP target not found
Native extension for LinuxStandalone target not found
Native extension for WindowsStandalone target not found
Native extension for AppleTV target not found
Failed to load: D:/2022.3.22f1/Editor/Data/PlaybackEngines/VisionOSPlayer\x64\UnityEditor.VisionOS.Native.dll
Native extension for VisionOS target not found
Native extension for iOS target not found
Native extension for Android target not found
Native extension for OSXStandalone target not found
Native extension for WebGL target not found
Package Manager log level set to [2]
[Package Manager] Server::EnsureServerProcessIsRunning -- launch failed, reason: Unity was launched with the -noUpm command-line argument
[Package Manager] UpmClient::Send -- Unable to send message (not connected to UPM process).
[Package Manager] Cannot connect to Unity Package Manager local server
Mono: successfully reloaded assembly
[Package Manager] Server::EnsureServerProcessIsRunning -- launch failed, reason: Unity was launched with the -noUpm command-line argument
[Package Manager] UpmClient::Send -- Unable to send message (not connected to UPM process).
[Package Manager] Cannot connect to Unity Package Manager local server
[Package Manager] Server::EnsureServerProcessIsRunning -- launch failed, reason: Unity was launched with the -noUpm command-line argument
[Package Manager] UpmClient::Send -- Unable to send message (not connected to UPM process).
[Package Manager] Cannot connect to Unity Package Manager local server
- Finished resetting the current domain, in  1.001 seconds
Domain Reload Profiling: 2001ms
	BeginReloadAssembly (135ms)
		ExecutionOrderSort (0ms)
		DisableScriptedObjects (5ms)
		BackupInstance (0ms)
		ReleaseScriptingObjects (0ms)
		CreateAndSetChildDomain (19ms)
	RebuildCommonClasses (33ms)
	RebuildNativeTypeToScriptingClass (11ms)
	initialDomainReloadingComplete (71ms)
	LoadAllAssembliesAndSetupDomain (750ms)
		LoadAssemblies (495ms)
		RebuildTransferFunctionScriptingTraits (0ms)
		AnalyzeDomain (334ms)
			TypeCache.Refresh (269ms)
				TypeCache.ScanAssembly (240ms)
			ScanForSourceGeneratedMonoScriptInfo (45ms)
			ResolveRequiredComponents (18ms)
	FinalizeReload (1001ms)
		ReleaseScriptCaches (0ms)
		RebuildScriptCaches (0ms)
		SetupLoadedEditorAssemblies (720ms)
			LogAssemblyErrors (0ms)
			InitializePlatformSupportModulesInManaged (53ms)
			SetLoadedEditorAssemblies (7ms)
			RefreshPlugins (0ms)
			BeforeProcessingInitializeOnLoad (108ms)
			ProcessInitializeOnLoadAttributes (421ms)
			ProcessInitializeOnLoadMethodAttributes (127ms)
			AfterProcessingInitializeOnLoad (2ms)
			EditorAssembliesLoaded (0ms)
		ExecutionOrderSort2 (0ms)
		AwakeInstancesAfterBackupRestoration (8ms)
Launched and connected shader compiler UnityShaderCompiler.exe after 0.06 seconds
Refreshing native plugins compatible for Editor in 14.58 ms, found 10 plugins.
Preloading 0 native plugins for Editor in 0.00 ms.
Unloading 6707 Unused Serialized files (Serialized files now loaded: 0)
Unloading 131 unused Assets / (1.9 MB). Loaded Objects now: 7179.
Memory consumption went from 276.9 MB to 275.0 MB.
Total: 6.746400 ms (FindLiveObjects: 0.944900 ms CreateObjectMapping: 0.894200 ms MarkObjects: 3.733100 ms  DeleteObjects: 1.172900 ms)

AssetImportParameters requested are different than current active one (requested -> active):
  custom:container-demuxer-ogg: 62fdf1f143b41e24485cea50d1cbac27 -> 
  custom:framework-win-MediaFoundation: 216162199b28c13a410421893ffa2e32 -> 
  custom:container-muxer-webm: aa71ff27fc2769a1b78a27578f13a17b -> 
  custom:video-decoder-webm-vp8: 9c59270c3fd7afecdb556c50c9e8de78 -> 
  custom:SearchIndexIgnoredProperties: e643bd26f0fe6173181afceb89e7c659 -> 
  custom:AudioImporter_EditorPlatform: d09bf68614088b80899f8185d706f6e7 -> 
  custom:audio-decoder-ogg-vorbis: bf7c407c2cedff20999df2af8eb42d56 -> 
  custom:audio-encoder-webm-vorbis: bf7c407c2cedff20999df2af8eb42d56 -> 
  custom:scripting/monoscript/fileName/MainMenu.cs: bcc0f9052176b2186a7114234ef44a73 -> c093076ba5753d7bec74a8a751ffb653
  custom:video-decoder-ogg-theora: a1e56fd34408186e4bbccfd4996cb3dc -> 
  custom:CustomObjectIndexerAttribute: 72b91833f83ae208fae7752999fa3104 -> 
  custom:container-demuxer-webm: 4f35f7cbe854078d1ac9338744f61a02 -> 
  custom:video-encoder-webm-vp8: eb34c28f22e8b96e1ab97ce403110664 -> 
========================================================================
Received Import Request.
  Time since last request: 30438.737913 seconds.
  path: Assets/Scenes/MarkerBasedARScene.unity
  artifactKey: Guid(3d918747683932f45b5ab1286f66c61a) Importer(2089858483,0ecaa5967403d082aa24f35e1b516d23)
Start importing Assets/Scenes/MarkerBasedARScene.unity using Guid(3d918747683932f45b5ab1286f66c61a) Importer(2089858483,0ecaa5967403d082aa24f35e1b516d23)  -> (artifact id: '83459eeb55a2b6bebbc1012625e6b4cf') in 0.159349 seconds
Number of updated asset objects reloaded before import = 0
Number of asset objects unloaded after import = 1
========================================================================
Received Import Request.
  Time since last request: 4778.706468 seconds.
  path: Assets/ImportedCars/Lamborghini/textures
  artifactKey: Guid(d330b4a3e5bc7f141bd6d88f62c06353) Importer(815301076,1909f56bfc062723c751e8b465ee728b)
Start importing Assets/ImportedCars/Lamborghini/textures using Guid(d330b4a3e5bc7f141bd6d88f62c06353) Importer(815301076,1909f56bfc062723c751e8b465ee728b)  -> (artifact id: 'feb67764bea2c4b43ea5e034db51410d') in 0.000952 seconds
Number of updated asset objects reloaded before import = 0
Number of asset objects unloaded after import = 0
========================================================================
Received Import Request.
  Time since last request: 0.022040 seconds.
  path: Assets/ImportedCars/Lamborghini/textures/CENTENARIO_baseColor_5.png
  artifactKey: Guid(91b428b1a8948e04688553d06054c977) Importer(815301076,1909f56bfc062723c751e8b465ee728b)
Start importing Assets/ImportedCars/Lamborghini/textures/CENTENARIO_baseColor_5.png using Guid(91b428b1a8948e04688553d06054c977) Importer(815301076,1909f56bfc062723c751e8b465ee728b)  -> (artifact id: '9ed755a4c91950b107d5607f3c542633') in 0.088172 seconds
Number of updated asset objects reloaded before import = 0
Number of asset objects unloaded after import = 2
========================================================================
Received Import Request.
  Time since last request: 0.000039 seconds.
  path: Assets/ImportedCars/Lamborghini/textures/PLAS_baseColor_4.png
  artifactKey: Guid(ebdd74168e110d24aba852fe8189302f) Importer(815301076,1909f56bfc062723c751e8b465ee728b)
Start importing Assets/ImportedCars/Lamborghini/textures/PLAS_baseColor_4.png using Guid(ebdd74168e110d24aba852fe8189302f) Importer(815301076,1909f56bfc062723c751e8b465ee728b)  -> (artifact id: '776619da7773e368eef7c31f86fc8d27') in 0.081070 seconds
Number of updated asset objects reloaded before import = 0
Number of asset objects unloaded after import = 2
========================================================================
Received Import Request.
  Time since last request: 0.000021 seconds.
  path: Assets/ImportedCars/Lamborghini/textures/material_19_baseColor_3.png
  artifactKey: Guid(81227e4bc1cf8034aba00548f9d89e55) Importer(815301076,1909f56bfc062723c751e8b465ee728b)
Start importing Assets/ImportedCars/Lamborghini/textures/material_19_baseColor_3.png using Guid(81227e4bc1cf8034aba00548f9d89e55) Importer(815301076,1909f56bfc062723c751e8b465ee728b)  -> (artifact id: 'db579508ba68acacb4e993fd5cbec422') in 0.058293 seconds
Number of updated asset objects reloaded before import = 0
Number of asset objects unloaded after import = 2
========================================================================
Received Import Request.
  Time since last request: 15.699996 seconds.
  path: Assets/ImportedCars/BMW/materials/Material_279_16.mat
  artifactKey: Guid(bf14a4e375cc5b4449c20e6d9ae2e786) Importer(815301076,1909f56bfc062723c751e8b465ee728b)
Start importing Assets/ImportedCars/BMW/materials/Material_279_16.mat using Guid(bf14a4e375cc5b4449c20e6d9ae2e786) Importer(815301076,1909f56bfc062723c751e8b465ee728b)  -> (artifact id: 'c5596803891c87dd6ad16add1807f2c4') in 0.304421 seconds
Number of updated asset objects reloaded before import = 0
Number of asset objects unloaded after import = 3
========================================================================
Received Import Request.
  Time since last request: 0.000035 seconds.
  path: Assets/ImportedCars/BMW/materials/Material_751_20.mat
  artifactKey: Guid(246b8ff116019f24d92d23930a06fa4a) Importer(815301076,1909f56bfc062723c751e8b465ee728b)
Start importing Assets/ImportedCars/BMW/materials/Material_751_20.mat using Guid(246b8ff116019f24d92d23930a06fa4a) Importer(815301076,1909f56bfc062723c751e8b465ee728b)  -> (artifact id: '931a6e565dc91ee690abe8897057db36') in 0.034488 seconds
Number of updated asset objects reloaded before import = 0
Number of asset objects unloaded after import = 2
========================================================================
Received Import Request.
  Time since last request: 0.000291 seconds.
  path: Assets/ImportedCars/BMW/materials/Material_716_15.mat
  artifactKey: Guid(bf7890b0af9cd7c46914f6fde78d3cd7) Importer(815301076,1909f56bfc062723c751e8b465ee728b)
Start importing Assets/ImportedCars/BMW/materials/Material_716_15.mat using Guid(bf7890b0af9cd7c46914f6fde78d3cd7) Importer(815301076,1909f56bfc062723c751e8b465ee728b)  -> (artifact id: 'b68faf3dbcb3c81c722dfd2badeb5234') in 0.023430 seconds
Number of updated asset objects reloaded before import = 0
Number of asset objects unloaded after import = 2
========================================================================
Received Import Request.
  Time since last request: 0.000025 seconds.
  path: Assets/ImportedCars/BMW/materials/Material_706_9.mat
  artifactKey: Guid(9054bf9d76e133e469b64ea35ef2596d) Importer(815301076,1909f56bfc062723c751e8b465ee728b)
Start importing Assets/ImportedCars/BMW/materials/Material_706_9.mat using Guid(9054bf9d76e133e469b64ea35ef2596d) Importer(815301076,1909f56bfc062723c751e8b465ee728b)  -> (artifact id: '44c7c866ff0b437901b4fbbfc0672e5a') in 0.018434 seconds
Number of updated asset objects reloaded before import = 0
Number of asset objects unloaded after import = 2
========================================================================
Received Import Request.
  Time since last request: 0.000036 seconds.
  path: Assets/ImportedCars/BMW/materials/Material_701_6.mat
  artifactKey: Guid(cedc72a58fdf6ab4883eb46bfab4d3b1) Importer(815301076,1909f56bfc062723c751e8b465ee728b)
Start importing Assets/ImportedCars/BMW/materials/Material_701_6.mat using Guid(cedc72a58fdf6ab4883eb46bfab4d3b1) Importer(815301076,1909f56bfc062723c751e8b465ee728b)  -> (artifact id: '08dce1c2fb9cf69b2cc289571af9d2b8') in 0.020026 seconds
Number of updated asset objects reloaded before import = 0
Number of asset objects unloaded after import = 2
========================================================================
Received Import Request.
  Time since last request: 0.000030 seconds.
  path: Assets/ImportedCars/BMW/materials/Material_574_33.mat
  artifactKey: Guid(527eb63cb422cef48a7baf1c78bcf3b1) Importer(815301076,1909f56bfc062723c751e8b465ee728b)
Start importing Assets/ImportedCars/BMW/materials/Material_574_33.mat using Guid(527eb63cb422cef48a7baf1c78bcf3b1) Importer(815301076,1909f56bfc062723c751e8b465ee728b)  -> (artifact id: 'dcda16374b5d3dfb421eb8a267a02d37') in 0.053348 seconds
Number of updated asset objects reloaded before import = 0
Number of asset objects unloaded after import = 3
========================================================================
Received Import Request.
  Time since last request: 0.000044 seconds.
  path: Assets/ImportedCars/BMW/materials/Material_753_22.mat
  artifactKey: Guid(7b4c0b9c4e8e88c4c84d9a23e334c5f0) Importer(815301076,1909f56bfc062723c751e8b465ee728b)
Start importing Assets/ImportedCars/BMW/materials/Material_753_22.mat using Guid(7b4c0b9c4e8e88c4c84d9a23e334c5f0) Importer(815301076,1909f56bfc062723c751e8b465ee728b)  -> (artifact id: '9691cb38b89e33fbba0be5dfcb1f30d6') in 0.019200 seconds
Number of updated asset objects reloaded before import = 0
Number of asset objects unloaded after import = 2
========================================================================
Received Import Request.
  Time since last request: 0.000027 seconds.
  path: Assets/ImportedCars/BMW/materials/Material_707_10.mat
  artifactKey: Guid(7bcbaef718b602a449e8a4a1ab22dabe) Importer(815301076,1909f56bfc062723c751e8b465ee728b)
Start importing Assets/ImportedCars/BMW/materials/Material_707_10.mat using Guid(7bcbaef718b602a449e8a4a1ab22dabe) Importer(815301076,1909f56bfc062723c751e8b465ee728b)  -> (artifact id: '5615f2a56e0c9f8d9293370b8f6758bf') in 0.021327 seconds
Number of updated asset objects reloaded before import = 0
Number of asset objects unloaded after import = 2
========================================================================
Received Import Request.
  Time since last request: 0.912828 seconds.
  path: Assets/ImportedCars/BMW/materials/Material_775_27.mat
  artifactKey: Guid(f5b275c11f7eda3498fbdcffb10262d2) Importer(815301076,1909f56bfc062723c751e8b465ee728b)
Start importing Assets/ImportedCars/BMW/materials/Material_775_27.mat using Guid(f5b275c11f7eda3498fbdcffb10262d2) Importer(815301076,1909f56bfc062723c751e8b465ee728b)  -> (artifact id: '743c1a239775efe3c260819933e9cc46') in 0.019380 seconds
Number of updated asset objects reloaded before import = 0
Number of asset objects unloaded after import = 2
========================================================================
Received Import Request.
  Time since last request: 0.000018 seconds.
  path: Assets/ImportedCars/BMW/materials/Material_790_32.mat
  artifactKey: Guid(57efbde13d6531d489b1545f7722ec99) Importer(815301076,1909f56bfc062723c751e8b465ee728b)
Start importing Assets/ImportedCars/BMW/materials/Material_790_32.mat using Guid(57efbde13d6531d489b1545f7722ec99) Importer(815301076,1909f56bfc062723c751e8b465ee728b)  -> (artifact id: '7924a2a21b80ea9f6cf8dae7e6ffc814') in 0.018646 seconds
Number of updated asset objects reloaded before import = 0
Number of asset objects unloaded after import = 2
========================================================================
Received Import Request.
  Time since last request: 0.000021 seconds.
  path: Assets/ImportedCars/BMW/materials/Material_803_35.mat
  artifactKey: Guid(bf72bb7e3fbadcf4997dd8b9a7f30a6f) Importer(815301076,1909f56bfc062723c751e8b465ee728b)
Start importing Assets/ImportedCars/BMW/materials/Material_803_35.mat using Guid(bf72bb7e3fbadcf4997dd8b9a7f30a6f) Importer(815301076,1909f56bfc062723c751e8b465ee728b)  -> (artifact id: '4c671733a08534483e12965973e74d9e') in 0.022369 seconds
Number of updated asset objects reloaded before import = 0
Number of asset objects unloaded after import = 2
========================================================================
Received Import Request.
  Time since last request: 8.835296 seconds.
  path: Assets/ImportedCars/BMW/materials/Material_805_38.mat
  artifactKey: Guid(bd522c19f4b0f9e44af42351ed927d97) Importer(815301076,1909f56bfc062723c751e8b465ee728b)
Start importing Assets/ImportedCars/BMW/materials/Material_805_38.mat using Guid(bd522c19f4b0f9e44af42351ed927d97) Importer(815301076,1909f56bfc062723c751e8b465ee728b)  -> (artifact id: '5e367ae58a7491a42c7b44e50be2ebd4') in 0.023227 seconds
Number of updated asset objects reloaded before import = 0
Number of asset objects unloaded after import = 2
========================================================================
Received Import Request.
  Time since last request: 0.000019 seconds.
  path: Assets/ImportedCars/BMW/materials/Material_848_41.mat
  artifactKey: Guid(d36c2e03308068d4488ffd1f69cc1910) Importer(815301076,1909f56bfc062723c751e8b465ee728b)
Start importing Assets/ImportedCars/BMW/materials/Material_848_41.mat using Guid(d36c2e03308068d4488ffd1f69cc1910) Importer(815301076,1909f56bfc062723c751e8b465ee728b)  -> (artifact id: 'd4a894b487733482f677f62d22190f9d') in 0.042864 seconds
Number of updated asset objects reloaded before import = 0
Number of asset objects unloaded after import = 3
========================================================================
Received Import Request.
  Time since last request: 0.000020 seconds.
  path: Assets/ImportedCars/BMW/materials/Material_999_52.mat
  artifactKey: Guid(17a2b207be5e4f34b8d99df8c8ef83e3) Importer(815301076,1909f56bfc062723c751e8b465ee728b)
Start importing Assets/ImportedCars/BMW/materials/Material_999_52.mat using Guid(17a2b207be5e4f34b8d99df8c8ef83e3) Importer(815301076,1909f56bfc062723c751e8b465ee728b)  -> (artifact id: '0aed531ef56d16997b1b11216ca796af') in 0.025557 seconds
Number of updated asset objects reloaded before import = 0
Number of asset objects unloaded after import = 2
========================================================================
Received Import Request.
  Time since last request: 0.186163 seconds.
  path: Assets/ImportedCars/BMW/materials/Material_1014_54.mat
  artifactKey: Guid(df10230b9ddb1d44b903a1c6c7c55d12) Importer(815301076,1909f56bfc062723c751e8b465ee728b)
Start importing Assets/ImportedCars/BMW/materials/Material_1014_54.mat using Guid(df10230b9ddb1d44b903a1c6c7c55d12) Importer(815301076,1909f56bfc062723c751e8b465ee728b)  -> (artifact id: 'becbe80f12bc36c0362e18efca5aaa11') in 0.017448 seconds
Number of updated asset objects reloaded before import = 0
Number of asset objects unloaded after import = 2
========================================================================
Received Import Request.
  Time since last request: 0.000026 seconds.
  path: Assets/ImportedCars/BMW/materials/Material_1082_48.mat
  artifactKey: Guid(04d389c444e2234428f3baecdb8b177e) Importer(815301076,1909f56bfc062723c751e8b465ee728b)
Start importing Assets/ImportedCars/BMW/materials/Material_1082_48.mat using Guid(04d389c444e2234428f3baecdb8b177e) Importer(815301076,1909f56bfc062723c751e8b465ee728b)  -> (artifact id: '50668e91eabe9d074ab4ed1793de150c') in 0.040123 seconds
Number of updated asset objects reloaded before import = 0
Number of asset objects unloaded after import = 3
========================================================================
Received Import Request.
  Time since last request: 0.000023 seconds.
  path: Assets/ImportedCars/BMW/materials/Material_1860_44.mat
  artifactKey: Guid(05ed789495a857c4d81204754b798e19) Importer(815301076,1909f56bfc062723c751e8b465ee728b)
Start importing Assets/ImportedCars/BMW/materials/Material_1860_44.mat using Guid(05ed789495a857c4d81204754b798e19) Importer(815301076,1909f56bfc062723c751e8b465ee728b)  -> (artifact id: '86299d666b819db6d0e01205690dc197') in 0.033839 seconds
Number of updated asset objects reloaded before import = 0
Number of asset objects unloaded after import = 3
========================================================================
Received Import Request.
  Time since last request: 0.000036 seconds.
  path: Assets/ImportedCars/BMW/materials/Material_1548_51.mat
  artifactKey: Guid(839b888a28586a946b916f58043e8ce9) Importer(815301076,1909f56bfc062723c751e8b465ee728b)
Start importing Assets/ImportedCars/BMW/materials/Material_1548_51.mat using Guid(839b888a28586a946b916f58043e8ce9) Importer(815301076,1909f56bfc062723c751e8b465ee728b)  -> (artifact id: 'fb178e7070065e2433b48178600ce2d1') in 0.021861 seconds
Number of updated asset objects reloaded before import = 0
Number of asset objects unloaded after import = 3
========================================================================
Received Import Request.
  Time since last request: 54566.932561 seconds.
  path: Assets/Scenes/MarkerBasedARScene.unity
  artifactKey: Guid(3d918747683932f45b5ab1286f66c61a) Importer(2089858483,0ecaa5967403d082aa24f35e1b516d23)
Start importing Assets/Scenes/MarkerBasedARScene.unity using Guid(3d918747683932f45b5ab1286f66c61a) Importer(2089858483,0ecaa5967403d082aa24f35e1b516d23)  -> (artifact id: '9d182bb25a941b56984c1a4abdd6fc6a') in 0.026063 seconds
Number of updated asset objects reloaded before import = 0
Number of asset objects unloaded after import = 1
========================================================================
Received Import Request.
  Time since last request: 108.186124 seconds.
  path: Assets/Images/BMW.png
  artifactKey: Guid(ed89b482ebd54ac4a9f29e7ad1d1fa03) Importer(815301076,1909f56bfc062723c751e8b465ee728b)
Start importing Assets/Images/BMW.png using Guid(ed89b482ebd54ac4a9f29e7ad1d1fa03) Importer(815301076,1909f56bfc062723c751e8b465ee728b)  -> (artifact id: '87c1a4c56bab27422e6de3878b71e826') in 0.046153 seconds
Number of updated asset objects reloaded before import = 0
Number of asset objects unloaded after import = 2
========================================================================
Received Import Request.
  Time since last request: 0.845494 seconds.
  path: Assets/Images/BMW.png
  artifactKey: Guid(ed89b482ebd54ac4a9f29e7ad1d1fa03) Importer(2089858483,0ecaa5967403d082aa24f35e1b516d23)
Start importing Assets/Images/BMW.png using Guid(ed89b482ebd54ac4a9f29e7ad1d1fa03) Importer(2089858483,0ecaa5967403d082aa24f35e1b516d23)  -> (artifact id: 'e6cf0699ce9f262d0e5886f6e206d06e') in 0.078338 seconds
Number of updated asset objects reloaded before import = 0
Number of asset objects unloaded after import = 1
========================================================================
Received Import Request.
  Time since last request: 40.745192 seconds.
  path: Assets/Images/HUMMER.jpg
  artifactKey: Guid(7337191f877f72949aa736196b51f86d) Importer(815301076,1909f56bfc062723c751e8b465ee728b)
Start importing Assets/Images/HUMMER.jpg using Guid(7337191f877f72949aa736196b51f86d) Importer(815301076,1909f56bfc062723c751e8b465ee728b)  -> (artifact id: 'f287c39e889762b04ff161baac9c3a9c') in 0.028394 seconds
Number of updated asset objects reloaded before import = 0
Number of asset objects unloaded after import = 2
========================================================================
Received Import Request.
  Time since last request: 0.882259 seconds.
  path: Assets/Images/HUMMER.jpg
  artifactKey: Guid(7337191f877f72949aa736196b51f86d) Importer(2089858483,0ecaa5967403d082aa24f35e1b516d23)
Start importing Assets/Images/HUMMER.jpg using Guid(7337191f877f72949aa736196b51f86d) Importer(2089858483,0ecaa5967403d082aa24f35e1b516d23)  -> (artifact id: '1cd380fc93f74f35634925e28aeda743') in 0.020427 seconds
Number of updated asset objects reloaded before import = 0
Number of asset objects unloaded after import = 1
========================================================================
Received Import Request.
  Time since last request: 7.152840 seconds.
  path: Assets/Images/JEEP.jpg
  artifactKey: Guid(d87b03bf5063aaf4eb0b55d6feeefdd3) Importer(815301076,1909f56bfc062723c751e8b465ee728b)
Start importing Assets/Images/JEEP.jpg using Guid(d87b03bf5063aaf4eb0b55d6feeefdd3) Importer(815301076,1909f56bfc062723c751e8b465ee728b)  -> (artifact id: '0fc53b10310641ed0186419302fecab9') in 0.046035 seconds
Number of updated asset objects reloaded before import = 0
Number of asset objects unloaded after import = 2
========================================================================
Received Import Request.
  Time since last request: 0.826562 seconds.
  path: Assets/Images/JEEP.jpg
  artifactKey: Guid(d87b03bf5063aaf4eb0b55d6feeefdd3) Importer(2089858483,0ecaa5967403d082aa24f35e1b516d23)
Start importing Assets/Images/JEEP.jpg using Guid(d87b03bf5063aaf4eb0b55d6feeefdd3) Importer(2089858483,0ecaa5967403d082aa24f35e1b516d23)  -> (artifact id: 'e89f9909e8caebaf68ff20f4a6deb43c') in 0.023198 seconds
Number of updated asset objects reloaded before import = 0
Number of asset objects unloaded after import = 1
========================================================================
Received Import Request.
  Time since last request: 11.283086 seconds.
  path: Assets/Images/LAMBORGHINI.jpg
  artifactKey: Guid(3b8f0f774ad6a6247acb5d54df21dde7) Importer(815301076,1909f56bfc062723c751e8b465ee728b)
Start importing Assets/Images/LAMBORGHINI.jpg using Guid(3b8f0f774ad6a6247acb5d54df21dde7) Importer(815301076,1909f56bfc062723c751e8b465ee728b)  -> (artifact id: 'e7ba883073dab2fdc2ec4aac05e263a3') in 0.030127 seconds
Number of updated asset objects reloaded before import = 0
Number of asset objects unloaded after import = 2
========================================================================
Received Import Request.
  Time since last request: 0.914970 seconds.
  path: Assets/Images/LAMBORGHINI.jpg
  artifactKey: Guid(3b8f0f774ad6a6247acb5d54df21dde7) Importer(2089858483,0ecaa5967403d082aa24f35e1b516d23)
Start importing Assets/Images/LAMBORGHINI.jpg using Guid(3b8f0f774ad6a6247acb5d54df21dde7) Importer(2089858483,0ecaa5967403d082aa24f35e1b516d23)  -> (artifact id: '76bf9270042690e6ccdfb9c6e5a640ce') in 0.026583 seconds
Number of updated asset objects reloaded before import = 0
Number of asset objects unloaded after import = 1
========================================================================
Received Import Request.
  Time since last request: 6.083486 seconds.
  path: Assets/Images/MERCEDESBENZ.jpg
  artifactKey: Guid(7e6cc32e183cc6c47b3b2cd3eca69934) Importer(815301076,1909f56bfc062723c751e8b465ee728b)
Start importing Assets/Images/MERCEDESBENZ.jpg using Guid(7e6cc32e183cc6c47b3b2cd3eca69934) Importer(815301076,1909f56bfc062723c751e8b465ee728b)  -> (artifact id: '2be241d7db5c16ee3e9aa0e2cb0d1dc1') in 0.025698 seconds
Number of updated asset objects reloaded before import = 0
Number of asset objects unloaded after import = 2
========================================================================
Received Import Request.
  Time since last request: 0.880054 seconds.
  path: Assets/Images/MERCEDESBENZ.jpg
  artifactKey: Guid(7e6cc32e183cc6c47b3b2cd3eca69934) Importer(2089858483,0ecaa5967403d082aa24f35e1b516d23)
Start importing Assets/Images/MERCEDESBENZ.jpg using Guid(7e6cc32e183cc6c47b3b2cd3eca69934) Importer(2089858483,0ecaa5967403d082aa24f35e1b516d23)  -> (artifact id: '213b7630db3210fdfc002d7bd89ad9b3') in 0.021542 seconds
Number of updated asset objects reloaded before import = 0
Number of asset objects unloaded after import = 1
========================================================================
Received Import Request.
  Time since last request: 50.019809 seconds.
  path: Assets/ReferenceImageLibrary.asset
  artifactKey: Guid(1770b6ec44082624c9295cdc67d2bb8e) Importer(815301076,1909f56bfc062723c751e8b465ee728b)
Start importing Assets/ReferenceImageLibrary.asset using Guid(1770b6ec44082624c9295cdc67d2bb8e) Importer(815301076,1909f56bfc062723c751e8b465ee728b)  -> (artifact id: 'adf5e02fe81a08876783bbfcd1908fc4') in 0.002955 seconds
Number of updated asset objects reloaded before import = 0
Number of asset objects unloaded after import = 1
========================================================================
Received Import Request.
  Time since last request: 0.923852 seconds.
  path: Assets/ReferenceImageLibrary.asset
  artifactKey: Guid(1770b6ec44082624c9295cdc67d2bb8e) Importer(2089858483,0ecaa5967403d082aa24f35e1b516d23)
Start importing Assets/ReferenceImageLibrary.asset using Guid(1770b6ec44082624c9295cdc67d2bb8e) Importer(2089858483,0ecaa5967403d082aa24f35e1b516d23)  -> (artifact id: 'dc1abd5e1e08e66955a16a7017a6c3ef') in 0.024447 seconds
Number of updated asset objects reloaded before import = 0
Number of asset objects unloaded after import = 1
========================================================================
Received Import Request.
  Time since last request: 247.040687 seconds.
  path: Assets/Images/Mercedes-Benz.jpg
  artifactKey: Guid(7e6cc32e183cc6c47b3b2cd3eca69934) Importer(815301076,1909f56bfc062723c751e8b465ee728b)
Start importing Assets/Images/Mercedes-Benz.jpg using Guid(7e6cc32e183cc6c47b3b2cd3eca69934) Importer(815301076,1909f56bfc062723c751e8b465ee728b)  -> (artifact id: '0aef2f1d4276946a385546baa6c5e7b4') in 0.018034 seconds
Number of updated asset objects reloaded before import = 0
Number of asset objects unloaded after import = 2
========================================================================
Received Import Request.
  Time since last request: 0.883922 seconds.
  path: Assets/Images/Mercedes-Benz.jpg
  artifactKey: Guid(7e6cc32e183cc6c47b3b2cd3eca69934) Importer(2089858483,0ecaa5967403d082aa24f35e1b516d23)
Start importing Assets/Images/Mercedes-Benz.jpg using Guid(7e6cc32e183cc6c47b3b2cd3eca69934) Importer(2089858483,0ecaa5967403d082aa24f35e1b516d23)  -> (artifact id: 'cfca86886245326c13541a313c09072a') in 0.021966 seconds
Number of updated asset objects reloaded before import = 0
Number of asset objects unloaded after import = 1
========================================================================
Received Import Request.
  Time since last request: 22.750626 seconds.
  path: Assets/Images/Lamborghini.jpg
  artifactKey: Guid(3b8f0f774ad6a6247acb5d54df21dde7) Importer(815301076,1909f56bfc062723c751e8b465ee728b)
Start importing Assets/Images/Lamborghini.jpg using Guid(3b8f0f774ad6a6247acb5d54df21dde7) Importer(815301076,1909f56bfc062723c751e8b465ee728b)  -> (artifact id: 'e21521687434a11251b131f23b9d5d83') in 0.038085 seconds
Number of updated asset objects reloaded before import = 0
Number of asset objects unloaded after import = 2
========================================================================
Received Import Request.
  Time since last request: 0.855364 seconds.
  path: Assets/Images/Lamborghini.jpg
  artifactKey: Guid(3b8f0f774ad6a6247acb5d54df21dde7) Importer(2089858483,0ecaa5967403d082aa24f35e1b516d23)
Start importing Assets/Images/Lamborghini.jpg using Guid(3b8f0f774ad6a6247acb5d54df21dde7) Importer(2089858483,0ecaa5967403d082aa24f35e1b516d23)  -> (artifact id: 'f937daaaf89288cda0691d8c70cf921f') in 0.025299 seconds
Number of updated asset objects reloaded before import = 0
Number of asset objects unloaded after import = 1
========================================================================
Received Import Request.
  Time since last request: 1182.816748 seconds.
  path: Assets/Materials
  artifactKey: Guid(0ff08f1752672704b984661e13f5077a) Importer(815301076,1909f56bfc062723c751e8b465ee728b)
Start importing Assets/Materials using Guid(0ff08f1752672704b984661e13f5077a) Importer(815301076,1909f56bfc062723c751e8b465ee728b)  -> (artifact id: '885acfaee4ac4e34fa178c9d0e3478b5') in 0.000797 seconds
Number of updated asset objects reloaded before import = 0
Number of asset objects unloaded after import = 0
========================================================================
Received Import Request.
  Time since last request: 0.910118 seconds.
  path: Assets/Materials
  artifactKey: Guid(0ff08f1752672704b984661e13f5077a) Importer(2089858483,0ecaa5967403d082aa24f35e1b516d23)
Start importing Assets/Materials using Guid(0ff08f1752672704b984661e13f5077a) Importer(2089858483,0ecaa5967403d082aa24f35e1b516d23)  -> (artifact id: '5f788d34168f7041f414b4f321003cba') in 0.013637 seconds
Number of updated asset objects reloaded before import = 0
Number of asset objects unloaded after import = 1
========================================================================
Received Import Request.
  Time since last request: 27.530697 seconds.
  path: Assets/Materials/New Material.mat
  artifactKey: Guid(943a64b406a8acd499dd77b056a03dbf) Importer(815301076,1909f56bfc062723c751e8b465ee728b)
Start importing Assets/Materials/New Material.mat using Guid(943a64b406a8acd499dd77b056a03dbf) Importer(815301076,1909f56bfc062723c751e8b465ee728b)  -> (artifact id: '3e70f53da9aebaba23409366fadb4439') in 0.026567 seconds
Number of updated asset objects reloaded before import = 0
Number of asset objects unloaded after import = 2
========================================================================
Received Import Request.
  Time since last request: 1.889431 seconds.
  path: Assets/Materials/New Material.mat
  artifactKey: Guid(943a64b406a8acd499dd77b056a03dbf) Importer(2089858483,0ecaa5967403d082aa24f35e1b516d23)
Start importing Assets/Materials/New Material.mat using Guid(943a64b406a8acd499dd77b056a03dbf) Importer(2089858483,0ecaa5967403d082aa24f35e1b516d23)  -> (artifact id: '6e3e0ea3fb2fbb63857848064a88b9d7') in 0.016820 seconds
Number of updated asset objects reloaded before import = 0
Number of asset objects unloaded after import = 1
========================================================================
Received Import Request.
  Time since last request: 0.000023 seconds.
  path: Assets/ReferenceImageLibraryBMW.asset
  artifactKey: Guid(c18acaee193552e47aecff77ea13a58f) Importer(2089858483,0ecaa5967403d082aa24f35e1b516d23)
Start importing Assets/ReferenceImageLibraryBMW.asset using Guid(c18acaee193552e47aecff77ea13a58f) Importer(2089858483,0ecaa5967403d082aa24f35e1b516d23)  -> (artifact id: 'a1bee9efbce335a31f234e6408dc7517') in 0.068494 seconds
Number of updated asset objects reloaded before import = 0
Number of asset objects unloaded after import = 3
========================================================================
Received Import Request.
  Time since last request: 90.248128 seconds.
  path: Assets/Materials/m_Outline.mat
  artifactKey: Guid(943a64b406a8acd499dd77b056a03dbf) Importer(815301076,1909f56bfc062723c751e8b465ee728b)
Start importing Assets/Materials/m_Outline.mat using Guid(943a64b406a8acd499dd77b056a03dbf) Importer(815301076,1909f56bfc062723c751e8b465ee728b)  -> (artifact id: '3275bc46d995a28e86a6c3dc2f3bee92') in 0.638180 seconds
Number of updated asset objects reloaded before import = 0
Number of asset objects unloaded after import = 2
========================================================================
Received Import Request.
  Time since last request: 0.269400 seconds.
  path: Assets/Materials/m_Outline.mat
  artifactKey: Guid(943a64b406a8acd499dd77b056a03dbf) Importer(2089858483,0ecaa5967403d082aa24f35e1b516d23)
Start importing Assets/Materials/m_Outline.mat using Guid(943a64b406a8acd499dd77b056a03dbf) Importer(2089858483,0ecaa5967403d082aa24f35e1b516d23)  -> (artifact id: 'a9793dc776a329e37b0407ed60f62a62') in 0.014397 seconds
Number of updated asset objects reloaded before import = 0
Number of asset objects unloaded after import = 1
========================================================================
Received Import Request.
  Time since last request: 286.228612 seconds.
  path: Assets/ReferenceImageLibrary.asset
  artifactKey: Guid(1770b6ec44082624c9295cdc67d2bb8e) Importer(815301076,1909f56bfc062723c751e8b465ee728b)
Start importing Assets/ReferenceImageLibrary.asset using Guid(1770b6ec44082624c9295cdc67d2bb8e) Importer(815301076,1909f56bfc062723c751e8b465ee728b)  -> (artifact id: '1a26a332120b5a3987d86624dea52325') in 0.001648 seconds
Number of updated asset objects reloaded before import = 0
Number of asset objects unloaded after import = 1
========================================================================
Received Import Request.
  Time since last request: 0.000044 seconds.
  path: Assets/ReferenceImageLibraryMERCEDESBENZ.asset
  artifactKey: Guid(ad1703d56ac6c2a4f9770ef74968f4a3) Importer(815301076,1909f56bfc062723c751e8b465ee728b)
Start importing Assets/ReferenceImageLibraryMERCEDESBENZ.asset using Guid(ad1703d56ac6c2a4f9770ef74968f4a3) Importer(815301076,1909f56bfc062723c751e8b465ee728b)  -> (artifact id: '90aba50acae6bf6e6e1112a38579bd55') in 0.031117 seconds
Number of updated asset objects reloaded before import = 0
Number of asset objects unloaded after import = 3
========================================================================
Received Import Request.
  Time since last request: 14.451102 seconds.
  path: Assets/Animations
  artifactKey: Guid(8ee9ca452add74e4d859f9a62a629596) Importer(815301076,1909f56bfc062723c751e8b465ee728b)
Start importing Assets/Animations using Guid(8ee9ca452add74e4d859f9a62a629596) Importer(815301076,1909f56bfc062723c751e8b465ee728b)  -> (artifact id: '7bade52a0cf7c44de92962586184f4f2') in 0.000698 seconds
Number of updated asset objects reloaded before import = 0
Number of asset objects unloaded after import = 0
========================================================================
Received Import Request.
  Time since last request: 0.917212 seconds.
  path: Assets/Animations
  artifactKey: Guid(8ee9ca452add74e4d859f9a62a629596) Importer(2089858483,0ecaa5967403d082aa24f35e1b516d23)
Start importing Assets/Animations using Guid(8ee9ca452add74e4d859f9a62a629596) Importer(2089858483,0ecaa5967403d082aa24f35e1b516d23)  -> (artifact id: '86931b7d3964d105c23e3b0e4c57846f') in 0.013090 seconds
Number of updated asset objects reloaded before import = 0
Number of asset objects unloaded after import = 1
========================================================================
Received Import Request.
  Time since last request: 105.563431 seconds.
  path: Assets/Mercedes-BenzAnimatorController.controller
  artifactKey: Guid(bcf86e99c265c1b45ab9fc61d131e645) Importer(815301076,1909f56bfc062723c751e8b465ee728b)
Start importing Assets/Mercedes-BenzAnimatorController.controller using Guid(bcf86e99c265c1b45ab9fc61d131e645) Importer(815301076,1909f56bfc062723c751e8b465ee728b)  -> (artifact id: '1d797b94eb4eb1e29a991f66335b32ca') in 0.003247 seconds
Number of updated asset objects reloaded before import = 0
Number of asset objects unloaded after import = 1
========================================================================
Received Import Request.
  Time since last request: 0.906362 seconds.
  path: Assets/Mercedes-BenzAnimatorController.controller
  artifactKey: Guid(bcf86e99c265c1b45ab9fc61d131e645) Importer(2089858483,0ecaa5967403d082aa24f35e1b516d23)
Start importing Assets/Mercedes-BenzAnimatorController.controller using Guid(bcf86e99c265c1b45ab9fc61d131e645) Importer(2089858483,0ecaa5967403d082aa24f35e1b516d23)  -> (artifact id: '9d945e416054018230a93e8fe50cfb24') in 0.013032 seconds
Number of updated asset objects reloaded before import = 0
Number of asset objects unloaded after import = 1
========================================================================
Received Prepare
Begin MonoManager ReloadAssembly
- Loaded All Assemblies, in  0.863 seconds
Refreshing native plugins compatible for Editor in 13.72 ms, found 10 plugins.
Native extension for UWP target not found
Native extension for LinuxStandalone target not found
Native extension for WindowsStandalone target not found
Native extension for AppleTV target not found
Failed to load: D:/2022.3.22f1/Editor/Data/PlaybackEngines/VisionOSPlayer\x64\UnityEditor.VisionOS.Native.dll
Native extension for VisionOS target not found
Native extension for iOS target not found
Native extension for Android target not found
Native extension for OSXStandalone target not found
Native extension for WebGL target not found
[Package Manager] Server::EnsureServerProcessIsRunning -- launch failed, reason: Unity was launched with the -noUpm command-line argument
[Package Manager] UpmClient::Send -- Unable to send message (not connected to UPM process).
[Package Manager] Cannot connect to Unity Package Manager local server
Mono: successfully reloaded assembly
[Package Manager] Server::EnsureServerProcessIsRunning -- launch failed, reason: Unity was launched with the -noUpm command-line argument
[Package Manager] UpmClient::Send -- Unable to send message (not connected to UPM process).
[Package Manager] Cannot connect to Unity Package Manager local server
- Finished resetting the current domain, in  2.754 seconds
Domain Reload Profiling: 3616ms
	BeginReloadAssembly (311ms)
		ExecutionOrderSort (0ms)
		DisableScriptedObjects (27ms)
		BackupInstance (0ms)
		ReleaseScriptingObjects (0ms)
		CreateAndSetChildDomain (135ms)
	RebuildCommonClasses (35ms)
	RebuildNativeTypeToScriptingClass (12ms)
	initialDomainReloadingComplete (61ms)
	LoadAllAssembliesAndSetupDomain (443ms)
		LoadAssemblies (508ms)
		RebuildTransferFunctionScriptingTraits (0ms)
		AnalyzeDomain (36ms)
			TypeCache.Refresh (13ms)
				TypeCache.ScanAssembly (0ms)
			ScanForSourceGeneratedMonoScriptInfo (0ms)
			ResolveRequiredComponents (21ms)
	FinalizeReload (2754ms)
		ReleaseScriptCaches (0ms)
		RebuildScriptCaches (0ms)
		SetupLoadedEditorAssemblies (756ms)
			LogAssemblyErrors (0ms)
			InitializePlatformSupportModulesInManaged (56ms)
			SetLoadedEditorAssemblies (7ms)
			RefreshPlugins (0ms)
			BeforeProcessingInitializeOnLoad (119ms)
			ProcessInitializeOnLoadAttributes (447ms)
			ProcessInitializeOnLoadMethodAttributes (125ms)
			AfterProcessingInitializeOnLoad (2ms)
			EditorAssembliesLoaded (1ms)
		ExecutionOrderSort2 (0ms)
		AwakeInstancesAfterBackupRestoration (26ms)
Refreshing native plugins compatible for Editor in 17.82 ms, found 10 plugins.
Preloading 0 native plugins for Editor in 0.00 ms.
Unloading 6519 Unused Serialized files (Serialized files now loaded: 0)
Unloading 93 unused Assets / (1.9 MB). Loaded Objects now: 7267.
Memory consumption went from 247.8 MB to 245.9 MB.
Total: 11.031900 ms (FindLiveObjects: 1.345700 ms CreateObjectMapping: 1.118600 ms MarkObjects: 7.150100 ms  DeleteObjects: 1.415800 ms)

Prepare: number of updated asset objects reloaded= 0
AssetImportParameters requested are different than current active one (requested -> active):
  custom:container-demuxer-ogg: 62fdf1f143b41e24485cea50d1cbac27 -> 
  custom:framework-win-MediaFoundation: 216162199b28c13a410421893ffa2e32 -> 
  custom:container-muxer-webm: aa71ff27fc2769a1b78a27578f13a17b -> 
  custom:video-decoder-webm-vp8: 9c59270c3fd7afecdb556c50c9e8de78 -> 
  custom:SearchIndexIgnoredProperties: e643bd26f0fe6173181afceb89e7c659 -> 
  custom:AudioImporter_EditorPlatform: d09bf68614088b80899f8185d706f6e7 -> 
  custom:audio-decoder-ogg-vorbis: bf7c407c2cedff20999df2af8eb42d56 -> 
  custom:audio-encoder-webm-vorbis: bf7c407c2cedff20999df2af8eb42d56 -> 
  custom:scripting/monoscript/fileName/MainMenu.cs: bcc0f9052176b2186a7114234ef44a73 -> c093076ba5753d7bec74a8a751ffb653
  custom:video-decoder-ogg-theora: a1e56fd34408186e4bbccfd4996cb3dc -> 
  custom:CustomObjectIndexerAttribute: 72b91833f83ae208fae7752999fa3104 -> 
  custom:container-demuxer-webm: 4f35f7cbe854078d1ac9338744f61a02 -> 
  custom:video-encoder-webm-vp8: eb34c28f22e8b96e1ab97ce403110664 -> 
========================================================================
Received Import Request.
  Time since last request: 23477.004517 seconds.
  path: Assets/ImportedCars/Mercedes-Benz/animations
  artifactKey: Guid(f36f1ad26ec57d44e9b97e79c27408c6) Importer(815301076,1909f56bfc062723c751e8b465ee728b)
Start importing Assets/ImportedCars/Mercedes-Benz/animations using Guid(f36f1ad26ec57d44e9b97e79c27408c6) Importer(815301076,1909f56bfc062723c751e8b465ee728b)  -> (artifact id: 'abbefa90cc6d6b76007c71d120005fe8') in 0.049236 seconds
Number of updated asset objects reloaded before import = 0
Number of asset objects unloaded after import = 0
========================================================================
Received Import Request.
  Time since last request: 12.815996 seconds.
  path: Assets/ImportedCars/Mercedes-Benz/animations/Mercedes-Benz.controller
  artifactKey: Guid(9efcf3dc6ceb3ad4fa4a5675915ae679) Importer(815301076,1909f56bfc062723c751e8b465ee728b)
Start importing Assets/ImportedCars/Mercedes-Benz/animations/Mercedes-Benz.controller using Guid(9efcf3dc6ceb3ad4fa4a5675915ae679) Importer(815301076,1909f56bfc062723c751e8b465ee728b)  -> (artifact id: '6f8be18ffe1ba64d9fa84b94d56721ea') in 0.071086 seconds
Number of updated asset objects reloaded before import = 0
Number of asset objects unloaded after import = 4
========================================================================
Received Import Request.
  Time since last request: 26.257791 seconds.
  path: Assets/ImportedCars/Mercedes-Benz/animations/Doors opened.anim
  artifactKey: Guid(7167d0eafba8e2747b2817899b477ce6) Importer(815301076,1909f56bfc062723c751e8b465ee728b)
Start importing Assets/ImportedCars/Mercedes-Benz/animations/Doors opened.anim using Guid(7167d0eafba8e2747b2817899b477ce6) Importer(815301076,1909f56bfc062723c751e8b465ee728b)  -> (artifact id: 'd28b36d34ef2673fbcd3a636207a2e88') in 0.011257 seconds
Number of updated asset objects reloaded before import = 0
Number of asset objects unloaded after import = 1
========================================================================
Received Prepare
Begin MonoManager ReloadAssembly
- Loaded All Assemblies, in  6.302 seconds
Refreshing native plugins compatible for Editor in 13.35 ms, found 10 plugins.
Native extension for UWP target not found
Native extension for LinuxStandalone target not found
Native extension for WindowsStandalone target not found
Native extension for AppleTV target not found
Failed to load: D:/2022.3.22f1/Editor/Data/PlaybackEngines/VisionOSPlayer\x64\UnityEditor.VisionOS.Native.dll
Native extension for VisionOS target not found
Native extension for iOS target not found
Native extension for Android target not found
Native extension for OSXStandalone target not found
Native extension for WebGL target not found
[Package Manager] Server::EnsureServerProcessIsRunning -- launch failed, reason: Unity was launched with the -noUpm command-line argument
[Package Manager] UpmClient::Send -- Unable to send message (not connected to UPM process).
[Package Manager] Cannot connect to Unity Package Manager local server
Mono: successfully reloaded assembly
[Package Manager] Server::EnsureServerProcessIsRunning -- launch failed, reason: Unity was launched with the -noUpm command-line argument
[Package Manager] UpmClient::Send -- Unable to send message (not connected to UPM process).
[Package Manager] Cannot connect to Unity Package Manager local server
- Finished resetting the current domain, in 19.086 seconds
Domain Reload Profiling: 25387ms
	BeginReloadAssembly (304ms)
		ExecutionOrderSort (0ms)
		DisableScriptedObjects (6ms)
		BackupInstance (0ms)
		ReleaseScriptingObjects (0ms)
		CreateAndSetChildDomain (97ms)
	RebuildCommonClasses (166ms)
	RebuildNativeTypeToScriptingClass (12ms)
	initialDomainReloadingComplete (63ms)
	LoadAllAssembliesAndSetupDomain (5755ms)
		LoadAssemblies (5881ms)
		RebuildTransferFunctionScriptingTraits (0ms)
		AnalyzeDomain (29ms)
			TypeCache.Refresh (9ms)
				TypeCache.ScanAssembly (0ms)
			ScanForSourceGeneratedMonoScriptInfo (0ms)
			ResolveRequiredComponents (18ms)
	FinalizeReload (19086ms)
		ReleaseScriptCaches (0ms)
		RebuildScriptCaches (0ms)
		SetupLoadedEditorAssemblies (580ms)
			LogAssemblyErrors (0ms)
			InitializePlatformSupportModulesInManaged (43ms)
			SetLoadedEditorAssemblies (5ms)
			RefreshPlugins (0ms)
			BeforeProcessingInitializeOnLoad (88ms)
			ProcessInitializeOnLoadAttributes (322ms)
			ProcessInitializeOnLoadMethodAttributes (119ms)
			AfterProcessingInitializeOnLoad (2ms)
			EditorAssembliesLoaded (1ms)
		ExecutionOrderSort2 (0ms)
		AwakeInstancesAfterBackupRestoration (21ms)
Refreshing native plugins compatible for Editor in 18.01 ms, found 10 plugins.
Preloading 0 native plugins for Editor in 0.00 ms.
Unloading 6519 Unused Serialized files (Serialized files now loaded: 0)
Unloading 93 unused Assets / (2.0 MB). Loaded Objects now: 7272.
Memory consumption went from 249.8 MB to 247.8 MB.
Total: 6.514200 ms (FindLiveObjects: 0.724600 ms CreateObjectMapping: 0.741900 ms MarkObjects: 3.982400 ms  DeleteObjects: 1.064100 ms)

Prepare: number of updated asset objects reloaded= 0
AssetImportParameters requested are different than current active one (requested -> active):
  custom:container-demuxer-ogg: 62fdf1f143b41e24485cea50d1cbac27 -> 
  custom:framework-win-MediaFoundation: 216162199b28c13a410421893ffa2e32 -> 
  custom:container-muxer-webm: aa71ff27fc2769a1b78a27578f13a17b -> 
  custom:video-decoder-webm-vp8: 9c59270c3fd7afecdb556c50c9e8de78 -> 
  custom:SearchIndexIgnoredProperties: e643bd26f0fe6173181afceb89e7c659 -> 
  custom:AudioImporter_EditorPlatform: d09bf68614088b80899f8185d706f6e7 -> 
  custom:audio-decoder-ogg-vorbis: bf7c407c2cedff20999df2af8eb42d56 -> 
  custom:audio-encoder-webm-vorbis: bf7c407c2cedff20999df2af8eb42d56 -> 
  custom:scripting/monoscript/fileName/MainMenu.cs: bcc0f9052176b2186a7114234ef44a73 -> c093076ba5753d7bec74a8a751ffb653
  custom:video-decoder-ogg-theora: a1e56fd34408186e4bbccfd4996cb3dc -> 
  custom:CustomObjectIndexerAttribute: 72b91833f83ae208fae7752999fa3104 -> 
  custom:container-demuxer-webm: 4f35f7cbe854078d1ac9338744f61a02 -> 
  custom:video-encoder-webm-vp8: eb34c28f22e8b96e1ab97ce403110664 -> 
========================================================================
Received Prepare
Begin MonoManager ReloadAssembly
- Loaded All Assemblies, in  0.723 seconds
Refreshing native plugins compatible for Editor in 13.58 ms, found 10 plugins.
Native extension for UWP target not found
Native extension for LinuxStandalone target not found
Native extension for WindowsStandalone target not found
Native extension for AppleTV target not found
Failed to load: D:/2022.3.22f1/Editor/Data/PlaybackEngines/VisionOSPlayer\x64\UnityEditor.VisionOS.Native.dll
Native extension for VisionOS target not found
Native extension for iOS target not found
Native extension for Android target not found
Native extension for OSXStandalone target not found
Native extension for WebGL target not found
[Package Manager] Server::EnsureServerProcessIsRunning -- launch failed, reason: Unity was launched with the -noUpm command-line argument
[Package Manager] UpmClient::Send -- Unable to send message (not connected to UPM process).
[Package Manager] Cannot connect to Unity Package Manager local server
Mono: successfully reloaded assembly
[Package Manager] Server::EnsureServerProcessIsRunning -- launch failed, reason: Unity was launched with the -noUpm command-line argument
[Package Manager] UpmClient::Send -- Unable to send message (not connected to UPM process).
[Package Manager] Cannot connect to Unity Package Manager local server
- Finished resetting the current domain, in  1.372 seconds
Domain Reload Profiling: 2094ms
	BeginReloadAssembly (237ms)
		ExecutionOrderSort (0ms)
		DisableScriptedObjects (5ms)
		BackupInstance (0ms)
		ReleaseScriptingObjects (0ms)
		CreateAndSetChildDomain (61ms)
	RebuildCommonClasses (53ms)
	RebuildNativeTypeToScriptingClass (17ms)
	initialDomainReloadingComplete (86ms)
	LoadAllAssembliesAndSetupDomain (328ms)
		LoadAssemblies (437ms)
		RebuildTransferFunctionScriptingTraits (0ms)
		AnalyzeDomain (27ms)
			TypeCache.Refresh (8ms)
				TypeCache.ScanAssembly (0ms)
			ScanForSourceGeneratedMonoScriptInfo (0ms)
			ResolveRequiredComponents (17ms)
	FinalizeReload (1372ms)
		ReleaseScriptCaches (0ms)
		RebuildScriptCaches (0ms)
		SetupLoadedEditorAssemblies (590ms)
			LogAssemblyErrors (0ms)
			InitializePlatformSupportModulesInManaged (61ms)
			SetLoadedEditorAssemblies (6ms)
			RefreshPlugins (0ms)
			BeforeProcessingInitializeOnLoad (88ms)
			ProcessInitializeOnLoadAttributes (344ms)
			ProcessInitializeOnLoadMethodAttributes (89ms)
			AfterProcessingInitializeOnLoad (2ms)
			EditorAssembliesLoaded (0ms)
		ExecutionOrderSort2 (0ms)
		AwakeInstancesAfterBackupRestoration (21ms)
Refreshing native plugins compatible for Editor in 21.76 ms, found 10 plugins.
Preloading 0 native plugins for Editor in 0.00 ms.
Unloading 6519 Unused Serialized files (Serialized files now loaded: 0)
Unloading 93 unused Assets / (1.9 MB). Loaded Objects now: 7277.
Memory consumption went from 251.7 MB to 249.8 MB.
Total: 9.103800 ms (FindLiveObjects: 0.929100 ms CreateObjectMapping: 1.112000 ms MarkObjects: 5.778200 ms  DeleteObjects: 1.282900 ms)

Prepare: number of updated asset objects reloaded= 0
AssetImportParameters requested are different than current active one (requested -> active):
  custom:container-demuxer-ogg: 62fdf1f143b41e24485cea50d1cbac27 -> 
  custom:framework-win-MediaFoundation: 216162199b28c13a410421893ffa2e32 -> 
  custom:container-muxer-webm: aa71ff27fc2769a1b78a27578f13a17b -> 
  custom:video-decoder-webm-vp8: 9c59270c3fd7afecdb556c50c9e8de78 -> 
  custom:SearchIndexIgnoredProperties: e643bd26f0fe6173181afceb89e7c659 -> 
  custom:AudioImporter_EditorPlatform: d09bf68614088b80899f8185d706f6e7 -> 
  custom:audio-decoder-ogg-vorbis: bf7c407c2cedff20999df2af8eb42d56 -> 
  custom:audio-encoder-webm-vorbis: bf7c407c2cedff20999df2af8eb42d56 -> 
  custom:scripting/monoscript/fileName/MainMenu.cs: bcc0f9052176b2186a7114234ef44a73 -> c093076ba5753d7bec74a8a751ffb653
  custom:video-decoder-ogg-theora: a1e56fd34408186e4bbccfd4996cb3dc -> 
  custom:CustomObjectIndexerAttribute: 72b91833f83ae208fae7752999fa3104 -> 
  custom:container-demuxer-webm: 4f35f7cbe854078d1ac9338744f61a02 -> 
  custom:video-encoder-webm-vp8: eb34c28f22e8b96e1ab97ce403110664 -> 
========================================================================
Received Import Request.
  Time since last request: 121.783889 seconds.
  path: Assets/Animations/Mercedes-Benz Animations
  artifactKey: Guid(c6f94cbb0ce48344c93713bfa28f7ad6) Importer(815301076,1909f56bfc062723c751e8b465ee728b)
Start importing Assets/Animations/Mercedes-Benz Animations using Guid(c6f94cbb0ce48344c93713bfa28f7ad6) Importer(815301076,1909f56bfc062723c751e8b465ee728b)  -> (artifact id: '9dbaf499592a48403dd9a2ae24fb16a9') in 0.001914 seconds
Number of updated asset objects reloaded before import = 0
Number of asset objects unloaded after import = 0
========================================================================
Received Prepare
Begin MonoManager ReloadAssembly
- Loaded All Assemblies, in  0.561 seconds
Refreshing native plugins compatible for Editor in 12.60 ms, found 10 plugins.
Native extension for UWP target not found
Native extension for LinuxStandalone target not found
Native extension for WindowsStandalone target not found
Native extension for AppleTV target not found
Failed to load: D:/2022.3.22f1/Editor/Data/PlaybackEngines/VisionOSPlayer\x64\UnityEditor.VisionOS.Native.dll
Native extension for VisionOS target not found
Native extension for iOS target not found
Native extension for Android target not found
Native extension for OSXStandalone target not found
Native extension for WebGL target not found
[Package Manager] Server::EnsureServerProcessIsRunning -- launch failed, reason: Unity was launched with the -noUpm command-line argument
[Package Manager] UpmClient::Send -- Unable to send message (not connected to UPM process).
[Package Manager] Cannot connect to Unity Package Manager local server
Mono: successfully reloaded assembly
[Package Manager] Server::EnsureServerProcessIsRunning -- launch failed, reason: Unity was launched with the -noUpm command-line argument
[Package Manager] UpmClient::Send -- Unable to send message (not connected to UPM process).
[Package Manager] Cannot connect to Unity Package Manager local server
- Finished resetting the current domain, in  1.388 seconds
Domain Reload Profiling: 1948ms
	BeginReloadAssembly (175ms)
		ExecutionOrderSort (0ms)
		DisableScriptedObjects (4ms)
		BackupInstance (0ms)
		ReleaseScriptingObjects (0ms)
		CreateAndSetChildDomain (49ms)
	RebuildCommonClasses (34ms)
	RebuildNativeTypeToScriptingClass (12ms)
	initialDomainReloadingComplete (54ms)
	LoadAllAssembliesAndSetupDomain (285ms)
		LoadAssemblies (345ms)
		RebuildTransferFunctionScriptingTraits (0ms)
		AnalyzeDomain (28ms)
			TypeCache.Refresh (10ms)
				TypeCache.ScanAssembly (0ms)
			ScanForSourceGeneratedMonoScriptInfo (0ms)
			ResolveRequiredComponents (17ms)
	FinalizeReload (1389ms)
		ReleaseScriptCaches (0ms)
		RebuildScriptCaches (0ms)
		SetupLoadedEditorAssemblies (579ms)
			LogAssemblyErrors (0ms)
			InitializePlatformSupportModulesInManaged (39ms)
			SetLoadedEditorAssemblies (4ms)
			RefreshPlugins (0ms)
			BeforeProcessingInitializeOnLoad (84ms)
			ProcessInitializeOnLoadAttributes (328ms)
			ProcessInitializeOnLoadMethodAttributes (122ms)
			AfterProcessingInitializeOnLoad (3ms)
			EditorAssembliesLoaded (0ms)
		ExecutionOrderSort2 (0ms)
		AwakeInstancesAfterBackupRestoration (25ms)
Refreshing native plugins compatible for Editor in 24.52 ms, found 10 plugins.
Preloading 0 native plugins for Editor in 0.00 ms.
Unloading 6519 Unused Serialized files (Serialized files now loaded: 0)
Unloading 93 unused Assets / (2.0 MB). Loaded Objects now: 7282.
Memory consumption went from 253.7 MB to 251.7 MB.
Total: 28.624400 ms (FindLiveObjects: 0.914500 ms CreateObjectMapping: 1.020900 ms MarkObjects: 24.509700 ms  DeleteObjects: 2.177700 ms)

Prepare: number of updated asset objects reloaded= 0
AssetImportParameters requested are different than current active one (requested -> active):
  custom:container-demuxer-ogg: 62fdf1f143b41e24485cea50d1cbac27 -> 
  custom:framework-win-MediaFoundation: 216162199b28c13a410421893ffa2e32 -> 
  custom:container-muxer-webm: aa71ff27fc2769a1b78a27578f13a17b -> 
  custom:video-decoder-webm-vp8: 9c59270c3fd7afecdb556c50c9e8de78 -> 
  custom:SearchIndexIgnoredProperties: e643bd26f0fe6173181afceb89e7c659 -> 
  custom:AudioImporter_EditorPlatform: d09bf68614088b80899f8185d706f6e7 -> 
  custom:audio-decoder-ogg-vorbis: bf7c407c2cedff20999df2af8eb42d56 -> 
  custom:audio-encoder-webm-vorbis: bf7c407c2cedff20999df2af8eb42d56 -> 
  custom:scripting/monoscript/fileName/MainMenu.cs: bcc0f9052176b2186a7114234ef44a73 -> c093076ba5753d7bec74a8a751ffb653
  custom:video-decoder-ogg-theora: a1e56fd34408186e4bbccfd4996cb3dc -> 
  custom:CustomObjectIndexerAttribute: 72b91833f83ae208fae7752999fa3104 -> 
  custom:container-demuxer-webm: 4f35f7cbe854078d1ac9338744f61a02 -> 
  custom:video-encoder-webm-vp8: eb34c28f22e8b96e1ab97ce403110664 -> 
========================================================================
Received Prepare
Begin MonoManager ReloadAssembly
- Loaded All Assemblies, in  0.576 seconds
Refreshing native plugins compatible for Editor in 14.39 ms, found 10 plugins.
Native extension for UWP target not found
Native extension for LinuxStandalone target not found
Native extension for WindowsStandalone target not found
Native extension for AppleTV target not found
Failed to load: D:/2022.3.22f1/Editor/Data/PlaybackEngines/VisionOSPlayer\x64\UnityEditor.VisionOS.Native.dll
Native extension for VisionOS target not found
Native extension for iOS target not found
Native extension for Android target not found
Native extension for OSXStandalone target not found
Native extension for WebGL target not found
[Package Manager] Server::EnsureServerProcessIsRunning -- launch failed, reason: Unity was launched with the -noUpm command-line argument
[Package Manager] UpmClient::Send -- Unable to send message (not connected to UPM process).
[Package Manager] Cannot connect to Unity Package Manager local server
Mono: successfully reloaded assembly
[Package Manager] Server::EnsureServerProcessIsRunning -- launch failed, reason: Unity was launched with the -noUpm command-line argument
[Package Manager] UpmClient::Send -- Unable to send message (not connected to UPM process).
[Package Manager] Cannot connect to Unity Package Manager local server
- Finished resetting the current domain, in  1.469 seconds
Domain Reload Profiling: 2044ms
	BeginReloadAssembly (176ms)
		ExecutionOrderSort (0ms)
		DisableScriptedObjects (5ms)
		BackupInstance (0ms)
		ReleaseScriptingObjects (0ms)
		CreateAndSetChildDomain (47ms)
	RebuildCommonClasses (42ms)
	RebuildNativeTypeToScriptingClass (12ms)
	initialDomainReloadingComplete (58ms)
	LoadAllAssembliesAndSetupDomain (286ms)
		LoadAssemblies (343ms)
		RebuildTransferFunctionScriptingTraits (0ms)
		AnalyzeDomain (29ms)
			TypeCache.Refresh (9ms)
				TypeCache.ScanAssembly (0ms)
			ScanForSourceGeneratedMonoScriptInfo (0ms)
			ResolveRequiredComponents (18ms)
	FinalizeReload (1470ms)
		ReleaseScriptCaches (0ms)
		RebuildScriptCaches (0ms)
		SetupLoadedEditorAssemblies (620ms)
			LogAssemblyErrors (0ms)
			InitializePlatformSupportModulesInManaged (42ms)
			SetLoadedEditorAssemblies (4ms)
			RefreshPlugins (0ms)
			BeforeProcessingInitializeOnLoad (87ms)
			ProcessInitializeOnLoadAttributes (365ms)
			ProcessInitializeOnLoadMethodAttributes (119ms)
			AfterProcessingInitializeOnLoad (2ms)
			EditorAssembliesLoaded (1ms)
		ExecutionOrderSort2 (0ms)
		AwakeInstancesAfterBackupRestoration (26ms)
Refreshing native plugins compatible for Editor in 26.68 ms, found 10 plugins.
Preloading 0 native plugins for Editor in 0.00 ms.
Unloading 6519 Unused Serialized files (Serialized files now loaded: 0)
Unloading 93 unused Assets / (1.9 MB). Loaded Objects now: 7287.
Memory consumption went from 255.6 MB to 253.6 MB.
Total: 13.502900 ms (FindLiveObjects: 1.069200 ms CreateObjectMapping: 2.390100 ms MarkObjects: 7.318000 ms  DeleteObjects: 2.723700 ms)

Prepare: number of updated asset objects reloaded= 0
AssetImportParameters requested are different than current active one (requested -> active):
  custom:container-demuxer-ogg: 62fdf1f143b41e24485cea50d1cbac27 -> 
  custom:framework-win-MediaFoundation: 216162199b28c13a410421893ffa2e32 -> 
  custom:container-muxer-webm: aa71ff27fc2769a1b78a27578f13a17b -> 
  custom:video-decoder-webm-vp8: 9c59270c3fd7afecdb556c50c9e8de78 -> 
  custom:SearchIndexIgnoredProperties: e643bd26f0fe6173181afceb89e7c659 -> 
  custom:AudioImporter_EditorPlatform: d09bf68614088b80899f8185d706f6e7 -> 
  custom:audio-decoder-ogg-vorbis: bf7c407c2cedff20999df2af8eb42d56 -> 
  custom:audio-encoder-webm-vorbis: bf7c407c2cedff20999df2af8eb42d56 -> 
  custom:scripting/monoscript/fileName/MainMenu.cs: bcc0f9052176b2186a7114234ef44a73 -> c093076ba5753d7bec74a8a751ffb653
  custom:video-decoder-ogg-theora: a1e56fd34408186e4bbccfd4996cb3dc -> 
  custom:CustomObjectIndexerAttribute: 72b91833f83ae208fae7752999fa3104 -> 
  custom:container-demuxer-webm: 4f35f7cbe854078d1ac9338744f61a02 -> 
  custom:video-encoder-webm-vp8: eb34c28f22e8b96e1ab97ce403110664 -> 
========================================================================
Received Import Request.
  Time since last request: 216.138959 seconds.
  path: Assets/ImportedCars/Lamborghini/animations/Animation.anim
  artifactKey: Guid(08eb7229ad89af142b7048f97e2298b6) Importer(815301076,1909f56bfc062723c751e8b465ee728b)
Start importing Assets/ImportedCars/Lamborghini/animations/Animation.anim using Guid(08eb7229ad89af142b7048f97e2298b6) Importer(815301076,1909f56bfc062723c751e8b465ee728b)  -> (artifact id: '0edd9d285d46cd6f0d25d7eb71f83ddd') in 0.030497 seconds
Number of updated asset objects reloaded before import = 0
Number of asset objects unloaded after import = 1
========================================================================
Received Import Request.
  Time since last request: 39.959705 seconds.
  path: Assets/ImportedCars/Lamborghini/animations/Lamborghini.controller
  artifactKey: Guid(09289940129f658499bf6c3def33dd79) Importer(815301076,1909f56bfc062723c751e8b465ee728b)
Start importing Assets/ImportedCars/Lamborghini/animations/Lamborghini.controller using Guid(09289940129f658499bf6c3def33dd79) Importer(815301076,1909f56bfc062723c751e8b465ee728b)  -> (artifact id: '04cd5dd15cd09ed4c2dd43b9e1a6e5f7') in 0.004271 seconds
Number of updated asset objects reloaded before import = 0
Number of asset objects unloaded after import = 4
========================================================================
Received Import Request.
  Time since last request: 164.056239 seconds.
  path: Assets/Scenes/MarkerBasedARScene.unity
  artifactKey: Guid(3d918747683932f45b5ab1286f66c61a) Importer(815301076,1909f56bfc062723c751e8b465ee728b)
Start importing Assets/Scenes/MarkerBasedARScene.unity using Guid(3d918747683932f45b5ab1286f66c61a) Importer(815301076,1909f56bfc062723c751e8b465ee728b)  -> (artifact id: '3f42e1331b732f9f059fdc1f1fff2101') in 0.000542 seconds
Number of updated asset objects reloaded before import = 0
Number of asset objects unloaded after import = 0
========================================================================
Received Import Request.
  Time since last request: 4.457382 seconds.
  path: Assets/Scenes/MarkerBasedARScene 1.unity
  artifactKey: Guid(0766ab6aa7dbe9143a205dbae40220e1) Importer(815301076,1909f56bfc062723c751e8b465ee728b)
Start importing Assets/Scenes/MarkerBasedARScene 1.unity using Guid(0766ab6aa7dbe9143a205dbae40220e1) Importer(815301076,1909f56bfc062723c751e8b465ee728b)  -> (artifact id: '83ceeb8200389d8e4bdfb711231debcf') in 0.000548 seconds
Number of updated asset objects reloaded before import = 0
Number of asset objects unloaded after import = 0
========================================================================
Received Import Request.
  Time since last request: 11.692729 seconds.
  path: Assets/Scenes/Demo Scene.unity
  artifactKey: Guid(0766ab6aa7dbe9143a205dbae40220e1) Importer(815301076,1909f56bfc062723c751e8b465ee728b)
Start importing Assets/Scenes/Demo Scene.unity using Guid(0766ab6aa7dbe9143a205dbae40220e1) Importer(815301076,1909f56bfc062723c751e8b465ee728b)  -> (artifact id: '0653defb1b16ae73d0fd8f6104ad137f') in 0.000861 seconds
Number of updated asset objects reloaded before import = 0
Number of asset objects unloaded after import = 0
========================================================================
Received Import Request.
  Time since last request: 763.225457 seconds.
  path: Assets/Scripts/AwakeManager.cs
  artifactKey: Guid(c0bb0d35a5fe0714da313989bb9de523) Importer(815301076,1909f56bfc062723c751e8b465ee728b)
Start importing Assets/Scripts/AwakeManager.cs using Guid(c0bb0d35a5fe0714da313989bb9de523) Importer(815301076,1909f56bfc062723c751e8b465ee728b)  -> (artifact id: 'cadb1c8664d59c0e7be962a26859902f') in 0.001053 seconds
Number of updated asset objects reloaded before import = 0
Number of asset objects unloaded after import = 0
========================================================================
Received Prepare
Begin MonoManager ReloadAssembly
- Loaded All Assemblies, in  0.639 seconds
Refreshing native plugins compatible for Editor in 14.09 ms, found 10 plugins.
Native extension for UWP target not found
Native extension for LinuxStandalone target not found
Native extension for WindowsStandalone target not found
Native extension for AppleTV target not found
Failed to load: D:/2022.3.22f1/Editor/Data/PlaybackEngines/VisionOSPlayer\x64\UnityEditor.VisionOS.Native.dll
Native extension for VisionOS target not found
Native extension for iOS target not found
Native extension for Android target not found
Native extension for OSXStandalone target not found
Native extension for WebGL target not found
[Package Manager] Server::EnsureServerProcessIsRunning -- launch failed, reason: Unity was launched with the -noUpm command-line argument
[Package Manager] UpmClient::Send -- Unable to send message (not connected to UPM process).
[Package Manager] Cannot connect to Unity Package Manager local server
Mono: successfully reloaded assembly
[Package Manager] Server::EnsureServerProcessIsRunning -- launch failed, reason: Unity was launched with the -noUpm command-line argument
[Package Manager] UpmClient::Send -- Unable to send message (not connected to UPM process).
[Package Manager] Cannot connect to Unity Package Manager local server
- Finished resetting the current domain, in  1.900 seconds
Domain Reload Profiling: 2539ms
	BeginReloadAssembly (172ms)
		ExecutionOrderSort (0ms)
		DisableScriptedObjects (5ms)
		BackupInstance (0ms)
		ReleaseScriptingObjects (0ms)
		CreateAndSetChildDomain (47ms)
	RebuildCommonClasses (37ms)
	RebuildNativeTypeToScriptingClass (13ms)
	initialDomainReloadingComplete (59ms)
	LoadAllAssembliesAndSetupDomain (355ms)
		LoadAssemblies (354ms)
		RebuildTransferFunctionScriptingTraits (0ms)
		AnalyzeDomain (88ms)
			TypeCache.Refresh (22ms)
				TypeCache.ScanAssembly (2ms)
			ScanForSourceGeneratedMonoScriptInfo (47ms)
			ResolveRequiredComponents (19ms)
	FinalizeReload (1902ms)
		ReleaseScriptCaches (0ms)
		RebuildScriptCaches (0ms)
		SetupLoadedEditorAssemblies (1013ms)
			LogAssemblyErrors (0ms)
			InitializePlatformSupportModulesInManaged (55ms)
			SetLoadedEditorAssemblies (5ms)
			RefreshPlugins (0ms)
			BeforeProcessingInitializeOnLoad (146ms)
			ProcessInitializeOnLoadAttributes (663ms)
			ProcessInitializeOnLoadMethodAttributes (138ms)
			AfterProcessingInitializeOnLoad (4ms)
			EditorAssembliesLoaded (1ms)
		ExecutionOrderSort2 (0ms)
		AwakeInstancesAfterBackupRestoration (43ms)
Refreshing native plugins compatible for Editor in 26.10 ms, found 10 plugins.
Preloading 0 native plugins for Editor in 0.00 ms.
Unloading 6520 Unused Serialized files (Serialized files now loaded: 0)
Unloading 93 unused Assets / (1.9 MB). Loaded Objects now: 7293.
Memory consumption went from 257.5 MB to 255.6 MB.
Total: 12.605300 ms (FindLiveObjects: 1.119500 ms CreateObjectMapping: 2.082100 ms MarkObjects: 7.414300 ms  DeleteObjects: 1.987300 ms)

Prepare: number of updated asset objects reloaded= 0
AssetImportParameters requested are different than current active one (requested -> active):
  custom:container-demuxer-ogg: 62fdf1f143b41e24485cea50d1cbac27 -> 
  custom:framework-win-MediaFoundation: 216162199b28c13a410421893ffa2e32 -> 
  custom:container-muxer-webm: aa71ff27fc2769a1b78a27578f13a17b -> 
  custom:video-decoder-webm-vp8: 9c59270c3fd7afecdb556c50c9e8de78 -> 
  custom:SearchIndexIgnoredProperties: e643bd26f0fe6173181afceb89e7c659 -> 
  custom:AudioImporter_EditorPlatform: d09bf68614088b80899f8185d706f6e7 -> 
  custom:audio-decoder-ogg-vorbis: bf7c407c2cedff20999df2af8eb42d56 -> 
  custom:audio-encoder-webm-vorbis: bf7c407c2cedff20999df2af8eb42d56 -> 
  custom:scripting/monoscript/fileName/MainMenu.cs: bcc0f9052176b2186a7114234ef44a73 -> c093076ba5753d7bec74a8a751ffb653
  custom:video-decoder-ogg-theora: a1e56fd34408186e4bbccfd4996cb3dc -> 
  custom:CustomObjectIndexerAttribute: 72b91833f83ae208fae7752999fa3104 -> 
  custom:container-demuxer-webm: 4f35f7cbe854078d1ac9338744f61a02 -> 
  custom:video-encoder-webm-vp8: eb34c28f22e8b96e1ab97ce403110664 -> 
========================================================================
Received Import Request.
  Time since last request: 31.599071 seconds.
  path: Assets/Scripts/AwakeManager.cs
  artifactKey: Guid(c0bb0d35a5fe0714da313989bb9de523) Importer(815301076,1909f56bfc062723c751e8b465ee728b)
Start importing Assets/Scripts/AwakeManager.cs using Guid(c0bb0d35a5fe0714da313989bb9de523) Importer(815301076,1909f56bfc062723c751e8b465ee728b)  -> (artifact id: '687298e33c1ca37a5a00c7e05bb3f459') in 0.002869 seconds
Number of updated asset objects reloaded before import = 0
Number of asset objects unloaded after import = 0
