Using pre-set license
Built from '2022.3/staging' branch; Version is '2022.3.22f1 (887be4894c44) revision 8944612'; Using compiler version '192829333'; Build Type 'Release'
OS: 'Windows 11  (10.0.26100) 64bit Professional' Language: 'en' Physical Memory: 16159 MB
BatchMode: 1, IsHumanControllingUs: 0, StartBugReporterOnCrash: 0, Is64bit: 1, IsPro: 1

COMMAND LINE ARGUMENTS:
D:\2022.3.22f1\Editor\Unity.exe
-adb2
-batchMode
-noUpm
-name
AssetImportWorker33
-projectPath
D:/IM ESLSCA UNIVERSITY/Virtual and Augmented Reality Development/AR_Vehicle_Showcase_Final_Project_Iad
-logFile
Logs/AssetImportWorker33.log
-srvPort
51588
Successfully changed project path to: D:/IM ESLSCA UNIVERSITY/Virtual and Augmented Reality Development/AR_Vehicle_Showcase_Final_Project_Iad
D:/IM ESLSCA UNIVERSITY/Virtual and Augmented Reality Development/AR_Vehicle_Showcase_Final_Project_Iad
[UnityMemory] Configuration Parameters - Can be set up in boot.config
    "memorysetup-bucket-allocator-granularity=16"
    "memorysetup-bucket-allocator-bucket-count=8"
    "memorysetup-bucket-allocator-block-size=33554432"
    "memorysetup-bucket-allocator-block-count=8"
    "memorysetup-main-allocator-block-size=16777216"
    "memorysetup-thread-allocator-block-size=16777216"
    "memorysetup-gfx-main-allocator-block-size=16777216"
    "memorysetup-gfx-thread-allocator-block-size=16777216"
    "memorysetup-cache-allocator-block-size=4194304"
    "memorysetup-typetree-allocator-block-size=2097152"
    "memorysetup-profiler-bucket-allocator-granularity=16"
    "memorysetup-profiler-bucket-allocator-bucket-count=8"
    "memorysetup-profiler-bucket-allocator-block-size=33554432"
    "memorysetup-profiler-bucket-allocator-block-count=8"
    "memorysetup-profiler-allocator-block-size=16777216"
    "memorysetup-profiler-editor-allocator-block-size=1048576"
    "memorysetup-temp-allocator-size-main=16777216"
    "memorysetup-job-temp-allocator-block-size=2097152"
    "memorysetup-job-temp-allocator-block-size-background=1048576"
    "memorysetup-job-temp-allocator-reduction-small-platforms=262144"
    "memorysetup-allocator-temp-initial-block-size-main=262144"
    "memorysetup-allocator-temp-initial-block-size-worker=262144"
    "memorysetup-temp-allocator-size-background-worker=32768"
    "memorysetup-temp-allocator-size-job-worker=262144"
    "memorysetup-temp-allocator-size-preload-manager=33554432"
    "memorysetup-temp-allocator-size-nav-mesh-worker=65536"
    "memorysetup-temp-allocator-size-audio-worker=65536"
    "memorysetup-temp-allocator-size-cloud-worker=32768"
    "memorysetup-temp-allocator-size-gi-baking-worker=262144"
    "memorysetup-temp-allocator-size-gfx=262144"
Player connection [12812] Host "[IP] 192.168.1.107 [Port] 0 [Flags] 2 [Guid] 1443843274 [EditorId] 1443843274 [Version] 1048832 [Id] WindowsEditor(7,MOHAMEDIAD) [Debug] 1 [PackageName] WindowsEditor [ProjectName] Editor" joined multi-casting on [225.0.0.222:54997]...

Player connection [12812] Host "[IP] 192.168.1.107 [Port] 0 [Flags] 2 [Guid] 1443843274 [EditorId] 1443843274 [Version] 1048832 [Id] WindowsEditor(7,MOHAMEDIAD) [Debug] 1 [PackageName] WindowsEditor [ProjectName] Editor" joined alternative multi-casting on [225.0.0.222:34997]...

[Physics::Module] Initialized MultithreadedJobDispatcher with 11 workers.
Refreshing native plugins compatible for Editor in 24.24 ms, found 10 plugins.
Preloading 0 native plugins for Editor in 0.00 ms.
Initialize engine version: 2022.3.22f1 (887be4894c44)
[Subsystems] Discovering subsystems at path D:/2022.3.22f1/Editor/Data/Resources/UnitySubsystems
[Subsystems] Discovering subsystems at path D:/IM ESLSCA UNIVERSITY/Virtual and Augmented Reality Development/AR_Vehicle_Showcase_Final_Project_Iad/Assets
GfxDevice: creating device client; threaded=0; jobified=0
Direct3D:
    Version:  Direct3D 11.0 [level 11.1]
    Renderer: NVIDIA GeForce GTX 1650 (ID=0x1f9d)
    Vendor:   NVIDIA
    VRAM:     3937 MB
    Driver:   32.0.15.7652
Initialize mono
Mono path[0] = 'D:/2022.3.22f1/Editor/Data/Managed'
Mono path[1] = 'D:/2022.3.22f1/Editor/Data/MonoBleedingEdge/lib/mono/unityjit-win32'
Mono config path = 'D:/2022.3.22f1/Editor/Data/MonoBleedingEdge/etc'
Using monoOptions --debugger-agent=transport=dt_socket,embedding=1,server=y,suspend=n,address=127.0.0.1:56904
Begin MonoManager ReloadAssembly
Registering precompiled unity dll's ...
Register platform support module: D:/2022.3.22f1/Editor/Data/PlaybackEngines/WebGLSupport/UnityEditor.WebGL.Extensions.dll
Register platform support module: D:/2022.3.22f1/Editor/Data/PlaybackEngines/MacStandaloneSupport/UnityEditor.OSXStandalone.Extensions.dll
Register platform support module: D:/2022.3.22f1/Editor/Data/PlaybackEngines/AndroidPlayer/UnityEditor.Android.Extensions.dll
Register platform support module: D:/2022.3.22f1/Editor/Data/PlaybackEngines/iOSSupport/UnityEditor.iOS.Extensions.dll
Register platform support module: D:/2022.3.22f1/Editor/Data/PlaybackEngines/VisionOSPlayer/UnityEditor.VisionOS.Extensions.dll
Register platform support module: D:/2022.3.22f1/Editor/Data/PlaybackEngines/AppleTVSupport/UnityEditor.AppleTV.Extensions.dll
Register platform support module: D:/2022.3.22f1/Editor/Data/PlaybackEngines/WindowsStandaloneSupport/UnityEditor.WindowsStandalone.Extensions.dll
Register platform support module: D:/2022.3.22f1/Editor/Data/PlaybackEngines/LinuxStandaloneSupport/UnityEditor.LinuxStandalone.Extensions.dll
Register platform support module: D:/2022.3.22f1/Editor/Data/PlaybackEngines/MetroSupport/UnityEditor.UWP.Extensions.dll
Registered in 0.009875 seconds.
- Loaded All Assemblies, in  0.354 seconds
Native extension for UWP target not found
Native extension for LinuxStandalone target not found
Native extension for WindowsStandalone target not found
[usbmuxd] Start listen thread
[usbmuxd] Listen thread started
Native extension for AppleTV target not found
Failed to load: D:/2022.3.22f1/Editor/Data/PlaybackEngines/VisionOSPlayer\x64\UnityEditor.VisionOS.Native.dll
Native extension for VisionOS target not found
[usbmuxd] Start listen thread
[usbmuxd] Listen thread started
Native extension for iOS target not found
Native extension for Android target not found
Android Extension - Scanning For ADB Devices 243 ms
Native extension for OSXStandalone target not found
Native extension for WebGL target not found
Mono: successfully reloaded assembly
- Finished resetting the current domain, in  0.605 seconds
Domain Reload Profiling: 959ms
	BeginReloadAssembly (104ms)
		ExecutionOrderSort (0ms)
		DisableScriptedObjects (0ms)
		BackupInstance (0ms)
		ReleaseScriptingObjects (0ms)
		CreateAndSetChildDomain (1ms)
	RebuildCommonClasses (34ms)
	RebuildNativeTypeToScriptingClass (11ms)
	initialDomainReloadingComplete (53ms)
	LoadAllAssembliesAndSetupDomain (152ms)
		LoadAssemblies (105ms)
		RebuildTransferFunctionScriptingTraits (0ms)
		AnalyzeDomain (148ms)
			TypeCache.Refresh (146ms)
				TypeCache.ScanAssembly (133ms)
			ScanForSourceGeneratedMonoScriptInfo (0ms)
			ResolveRequiredComponents (0ms)
	FinalizeReload (605ms)
		ReleaseScriptCaches (0ms)
		RebuildScriptCaches (0ms)
		SetupLoadedEditorAssemblies (549ms)
			LogAssemblyErrors (0ms)
			InitializePlatformSupportModulesInManaged (388ms)
			SetLoadedEditorAssemblies (4ms)
			RefreshPlugins (0ms)
			BeforeProcessingInitializeOnLoad (2ms)
			ProcessInitializeOnLoadAttributes (110ms)
			ProcessInitializeOnLoadMethodAttributes (45ms)
			AfterProcessingInitializeOnLoad (0ms)
			EditorAssembliesLoaded (0ms)
		ExecutionOrderSort2 (0ms)
		AwakeInstancesAfterBackupRestoration (0ms)
========================================================================
Worker process is ready to serve import requests
Begin MonoManager ReloadAssembly
- Loaded All Assemblies, in  1.039 seconds
Refreshing native plugins compatible for Editor in 17.01 ms, found 10 plugins.
Native extension for UWP target not found
Native extension for LinuxStandalone target not found
Native extension for WindowsStandalone target not found
Native extension for AppleTV target not found
Failed to load: D:/2022.3.22f1/Editor/Data/PlaybackEngines/VisionOSPlayer\x64\UnityEditor.VisionOS.Native.dll
Native extension for VisionOS target not found
Native extension for iOS target not found
Native extension for Android target not found
Native extension for OSXStandalone target not found
Native extension for WebGL target not found
Package Manager log level set to [2]
[Package Manager] Server::EnsureServerProcessIsRunning -- launch failed, reason: Unity was launched with the -noUpm command-line argument
[Package Manager] UpmClient::Send -- Unable to send message (not connected to UPM process).
[Package Manager] Cannot connect to Unity Package Manager local server
Mono: successfully reloaded assembly
[Package Manager] Server::EnsureServerProcessIsRunning -- launch failed, reason: Unity was launched with the -noUpm command-line argument
[Package Manager] UpmClient::Send -- Unable to send message (not connected to UPM process).
[Package Manager] Cannot connect to Unity Package Manager local server
[Package Manager] Server::EnsureServerProcessIsRunning -- launch failed, reason: Unity was launched with the -noUpm command-line argument
[Package Manager] UpmClient::Send -- Unable to send message (not connected to UPM process).
[Package Manager] Cannot connect to Unity Package Manager local server
- Finished resetting the current domain, in  1.017 seconds
Domain Reload Profiling: 2056ms
	BeginReloadAssembly (170ms)
		ExecutionOrderSort (0ms)
		DisableScriptedObjects (7ms)
		BackupInstance (0ms)
		ReleaseScriptingObjects (0ms)
		CreateAndSetChildDomain (27ms)
	RebuildCommonClasses (41ms)
	RebuildNativeTypeToScriptingClass (13ms)
	initialDomainReloadingComplete (84ms)
	LoadAllAssembliesAndSetupDomain (731ms)
		LoadAssemblies (503ms)
		RebuildTransferFunctionScriptingTraits (0ms)
		AnalyzeDomain (324ms)
			TypeCache.Refresh (261ms)
				TypeCache.ScanAssembly (235ms)
			ScanForSourceGeneratedMonoScriptInfo (40ms)
			ResolveRequiredComponents (19ms)
	FinalizeReload (1017ms)
		ReleaseScriptCaches (0ms)
		RebuildScriptCaches (0ms)
		SetupLoadedEditorAssemblies (760ms)
			LogAssemblyErrors (0ms)
			InitializePlatformSupportModulesInManaged (50ms)
			SetLoadedEditorAssemblies (7ms)
			RefreshPlugins (0ms)
			BeforeProcessingInitializeOnLoad (107ms)
			ProcessInitializeOnLoadAttributes (465ms)
			ProcessInitializeOnLoadMethodAttributes (128ms)
			AfterProcessingInitializeOnLoad (3ms)
			EditorAssembliesLoaded (0ms)
		ExecutionOrderSort2 (0ms)
		AwakeInstancesAfterBackupRestoration (9ms)
Launched and connected shader compiler UnityShaderCompiler.exe after 0.06 seconds
Refreshing native plugins compatible for Editor in 21.50 ms, found 10 plugins.
Preloading 0 native plugins for Editor in 0.00 ms.
Unloading 6707 Unused Serialized files (Serialized files now loaded: 0)
Unloading 131 unused Assets / (2.0 MB). Loaded Objects now: 7179.
Memory consumption went from 277.0 MB to 275.0 MB.
Total: 12.312000 ms (FindLiveObjects: 0.977900 ms CreateObjectMapping: 1.830800 ms MarkObjects: 6.857300 ms  DeleteObjects: 2.644200 ms)

AssetImportParameters requested are different than current active one (requested -> active):
  custom:container-demuxer-ogg: 62fdf1f143b41e24485cea50d1cbac27 -> 
  custom:framework-win-MediaFoundation: 216162199b28c13a410421893ffa2e32 -> 
  custom:container-muxer-webm: aa71ff27fc2769a1b78a27578f13a17b -> 
  custom:video-decoder-webm-vp8: 9c59270c3fd7afecdb556c50c9e8de78 -> 
  custom:SearchIndexIgnoredProperties: e643bd26f0fe6173181afceb89e7c659 -> 
  custom:AudioImporter_EditorPlatform: d09bf68614088b80899f8185d706f6e7 -> 
  custom:audio-decoder-ogg-vorbis: bf7c407c2cedff20999df2af8eb42d56 -> 
  custom:audio-encoder-webm-vorbis: bf7c407c2cedff20999df2af8eb42d56 -> 
  custom:scripting/monoscript/fileName/MainMenu.cs: bcc0f9052176b2186a7114234ef44a73 -> c093076ba5753d7bec74a8a751ffb653
  custom:video-decoder-ogg-theora: a1e56fd34408186e4bbccfd4996cb3dc -> 
  custom:CustomObjectIndexerAttribute: 72b91833f83ae208fae7752999fa3104 -> 
  custom:container-demuxer-webm: 4f35f7cbe854078d1ac9338744f61a02 -> 
  custom:video-encoder-webm-vp8: eb34c28f22e8b96e1ab97ce403110664 -> 
========================================================================
Received Import Request.
  Time since last request: 35233.623932 seconds.
  path: Assets/ImportedCars/BMW/materials/Material_161_12.mat
  artifactKey: Guid(558872aaabfc16640aaf53994ec57eb6) Importer(815301076,1909f56bfc062723c751e8b465ee728b)
Start importing Assets/ImportedCars/BMW/materials/Material_161_12.mat using Guid(558872aaabfc16640aaf53994ec57eb6) Importer(815301076,1909f56bfc062723c751e8b465ee728b)  -> (artifact id: '1cec364e93a22692926d0f2ab5409571') in 0.369271 seconds
Number of updated asset objects reloaded before import = 0
Number of asset objects unloaded after import = 3
========================================================================
Received Import Request.
  Time since last request: 0.000055 seconds.
  path: Assets/ImportedCars/BMW/materials/Material_717_14.mat
  artifactKey: Guid(1621ff74c791cb440a4b543fe038130f) Importer(815301076,1909f56bfc062723c751e8b465ee728b)
Start importing Assets/ImportedCars/BMW/materials/Material_717_14.mat using Guid(1621ff74c791cb440a4b543fe038130f) Importer(815301076,1909f56bfc062723c751e8b465ee728b)  -> (artifact id: '9733d2ebcb9f8c1043e368e9f2307283') in 0.024319 seconds
Number of updated asset objects reloaded before import = 0
Number of asset objects unloaded after import = 2
========================================================================
Received Import Request.
  Time since last request: 0.000038 seconds.
  path: Assets/ImportedCars/BMW/materials/Material_697_2.mat
  artifactKey: Guid(b53e556e172403e49bdbf0f1f654b762) Importer(815301076,1909f56bfc062723c751e8b465ee728b)
Start importing Assets/ImportedCars/BMW/materials/Material_697_2.mat using Guid(b53e556e172403e49bdbf0f1f654b762) Importer(815301076,1909f56bfc062723c751e8b465ee728b)  -> (artifact id: 'b81c2f53526cc3a32db73a1b99971327') in 0.010101 seconds
Number of updated asset objects reloaded before import = 0
Number of asset objects unloaded after import = 2
========================================================================
Received Import Request.
  Time since last request: 0.000025 seconds.
  path: Assets/ImportedCars/BMW/materials/Material_708_11.mat
  artifactKey: Guid(40ca3c48821dfcd479c7640e9d748413) Importer(815301076,1909f56bfc062723c751e8b465ee728b)
Start importing Assets/ImportedCars/BMW/materials/Material_708_11.mat using Guid(40ca3c48821dfcd479c7640e9d748413) Importer(815301076,1909f56bfc062723c751e8b465ee728b)  -> (artifact id: 'b45ce8afe2cc37b8b079103a68c3fc36') in 0.020218 seconds
Number of updated asset objects reloaded before import = 0
Number of asset objects unloaded after import = 2
========================================================================
Received Import Request.
  Time since last request: 0.000018 seconds.
  path: Assets/ImportedCars/BMW/materials/Material_408_24.mat
  artifactKey: Guid(ef8b4f41be976e44f9aced399dd3b4d1) Importer(815301076,1909f56bfc062723c751e8b465ee728b)
Start importing Assets/ImportedCars/BMW/materials/Material_408_24.mat using Guid(ef8b4f41be976e44f9aced399dd3b4d1) Importer(815301076,1909f56bfc062723c751e8b465ee728b)  -> (artifact id: 'deab76008abc8109283845567faee9dd') in 0.051400 seconds
Number of updated asset objects reloaded before import = 0
Number of asset objects unloaded after import = 3
========================================================================
Received Import Request.
  Time since last request: 0.000039 seconds.
  path: Assets/ImportedCars/BMW/materials/Material_740_19.mat
  artifactKey: Guid(1faa8ae587c0d32449b0972520c1024a) Importer(815301076,1909f56bfc062723c751e8b465ee728b)
Start importing Assets/ImportedCars/BMW/materials/Material_740_19.mat using Guid(1faa8ae587c0d32449b0972520c1024a) Importer(815301076,1909f56bfc062723c751e8b465ee728b)  -> (artifact id: 'e0aaa90e7f7b461e5d5586b3b8d458c1') in 0.017449 seconds
Number of updated asset objects reloaded before import = 0
Number of asset objects unloaded after import = 2
========================================================================
Received Import Request.
  Time since last request: 0.000021 seconds.
  path: Assets/ImportedCars/BMW/materials/Material_739_17.mat
  artifactKey: Guid(6e53e745427b9f749930242e787b3c95) Importer(815301076,1909f56bfc062723c751e8b465ee728b)
Start importing Assets/ImportedCars/BMW/materials/Material_739_17.mat using Guid(6e53e745427b9f749930242e787b3c95) Importer(815301076,1909f56bfc062723c751e8b465ee728b)  -> (artifact id: '9166a5c322af42a124c749b6e5575aeb') in 0.019611 seconds
Number of updated asset objects reloaded before import = 0
Number of asset objects unloaded after import = 2
========================================================================
Received Import Request.
  Time since last request: 0.915148 seconds.
  path: Assets/ImportedCars/BMW/materials/Material_774_26.mat
  artifactKey: Guid(8c25ac458f5dc5d438bc69b7c3134979) Importer(815301076,1909f56bfc062723c751e8b465ee728b)
Start importing Assets/ImportedCars/BMW/materials/Material_774_26.mat using Guid(8c25ac458f5dc5d438bc69b7c3134979) Importer(815301076,1909f56bfc062723c751e8b465ee728b)  -> (artifact id: 'ae7766f407a6ecb160cb974696611daf') in 0.017091 seconds
Number of updated asset objects reloaded before import = 0
Number of asset objects unloaded after import = 3
========================================================================
Received Import Request.
  Time since last request: 0.000026 seconds.
  path: Assets/ImportedCars/BMW/materials/Material_802_36.mat
  artifactKey: Guid(94d27233f01e5484ca5ab85c07fee63d) Importer(815301076,1909f56bfc062723c751e8b465ee728b)
Start importing Assets/ImportedCars/BMW/materials/Material_802_36.mat using Guid(94d27233f01e5484ca5ab85c07fee63d) Importer(815301076,1909f56bfc062723c751e8b465ee728b)  -> (artifact id: 'd95fc41847599a3c68af61a49ec6939e') in 0.018822 seconds
Number of updated asset objects reloaded before import = 0
Number of asset objects unloaded after import = 2
========================================================================
Received Import Request.
  Time since last request: 0.000020 seconds.
  path: Assets/ImportedCars/BMW/materials/Material_801_34.mat
  artifactKey: Guid(7181faa74dd66f64a8219c848fc7fb69) Importer(815301076,1909f56bfc062723c751e8b465ee728b)
Start importing Assets/ImportedCars/BMW/materials/Material_801_34.mat using Guid(7181faa74dd66f64a8219c848fc7fb69) Importer(815301076,1909f56bfc062723c751e8b465ee728b)  -> (artifact id: '75f1106e55bef56ce71555b4568b2d57') in 0.019130 seconds
Number of updated asset objects reloaded before import = 0
Number of asset objects unloaded after import = 2
========================================================================
Received Import Request.
  Time since last request: 8.834190 seconds.
  path: Assets/ImportedCars/BMW/materials/Material_804_37.mat
  artifactKey: Guid(9cca619e1d15e8e4793d2ce769cb16f4) Importer(815301076,1909f56bfc062723c751e8b465ee728b)
Start importing Assets/ImportedCars/BMW/materials/Material_804_37.mat using Guid(9cca619e1d15e8e4793d2ce769cb16f4) Importer(815301076,1909f56bfc062723c751e8b465ee728b)  -> (artifact id: '00b6edb33c9eac715be132d225690a84') in 0.020858 seconds
Number of updated asset objects reloaded before import = 0
Number of asset objects unloaded after import = 2
========================================================================
Received Import Request.
  Time since last request: 0.000023 seconds.
  path: Assets/ImportedCars/BMW/materials/Material_932_46.mat
  artifactKey: Guid(930e0cf937aa06a458e2f740a497b4c6) Importer(815301076,1909f56bfc062723c751e8b465ee728b)
Start importing Assets/ImportedCars/BMW/materials/Material_932_46.mat using Guid(930e0cf937aa06a458e2f740a497b4c6) Importer(815301076,1909f56bfc062723c751e8b465ee728b)  -> (artifact id: 'b12e5e3a4d852304070d89c47f4a13a8') in 0.026815 seconds
Number of updated asset objects reloaded before import = 0
Number of asset objects unloaded after import = 2
========================================================================
Received Import Request.
  Time since last request: 0.000028 seconds.
  path: Assets/ImportedCars/BMW/materials/Material_849_42.mat
  artifactKey: Guid(cb3d10eb67a2cda488864cfb8db74056) Importer(815301076,1909f56bfc062723c751e8b465ee728b)
Start importing Assets/ImportedCars/BMW/materials/Material_849_42.mat using Guid(cb3d10eb67a2cda488864cfb8db74056) Importer(815301076,1909f56bfc062723c751e8b465ee728b)  -> (artifact id: 'f693100a4f2a692855826babd4cdb935') in 0.029176 seconds
Number of updated asset objects reloaded before import = 0
Number of asset objects unloaded after import = 2
========================================================================
Received Import Request.
  Time since last request: 0.201743 seconds.
  path: Assets/ImportedCars/BMW/materials/Material_1001_49.mat
  artifactKey: Guid(3b7c0a426427556498c1fd7135e3b052) Importer(815301076,1909f56bfc062723c751e8b465ee728b)
Start importing Assets/ImportedCars/BMW/materials/Material_1001_49.mat using Guid(3b7c0a426427556498c1fd7135e3b052) Importer(815301076,1909f56bfc062723c751e8b465ee728b)  -> (artifact id: '1d528c70b8a0a5f99d8c240c61cf8a82') in 0.021561 seconds
Number of updated asset objects reloaded before import = 0
Number of asset objects unloaded after import = 3
========================================================================
Received Import Request.
  Time since last request: 0.000018 seconds.
  path: Assets/ImportedCars/BMW/materials/Material_1522_50.mat
  artifactKey: Guid(c4c890428e1420d45ac8cae55c3acf7a) Importer(815301076,1909f56bfc062723c751e8b465ee728b)
Start importing Assets/ImportedCars/BMW/materials/Material_1522_50.mat using Guid(c4c890428e1420d45ac8cae55c3acf7a) Importer(815301076,1909f56bfc062723c751e8b465ee728b)  -> (artifact id: '4c1eb6dbaab53b5fcb7117895ea983a3') in 0.033507 seconds
Number of updated asset objects reloaded before import = 0
Number of asset objects unloaded after import = 3
========================================================================
Received Import Request.
  Time since last request: 0.000022 seconds.
  path: Assets/ImportedCars/BMW/materials/Material_1824_47.mat
  artifactKey: Guid(775966af7ee889247b59078d0f98e24e) Importer(815301076,1909f56bfc062723c751e8b465ee728b)
Start importing Assets/ImportedCars/BMW/materials/Material_1824_47.mat using Guid(775966af7ee889247b59078d0f98e24e) Importer(815301076,1909f56bfc062723c751e8b465ee728b)  -> (artifact id: 'f3e5cfc6bb4d1fbbdb99847d45e29b87') in 0.035798 seconds
Number of updated asset objects reloaded before import = 0
Number of asset objects unloaded after import = 3
Editor requested this worker to shutdown with reason: Scaling down because of idle timeout
TcpMessagingSession - receive error: operation aborted. errorcode: 995, details: The I/O operation has been aborted because of either a thread exit or an application request.
AssetImportWorker is now disconnected from the server
Process exiting
Exiting without the bug reporter. Application will terminate with return code 0