Using pre-set license
Built from '2022.3/staging' branch; Version is '2022.3.22f1 (887be4894c44) revision 8944612'; Using compiler version '192829333'; Build Type 'Release'
OS: 'Windows 11  (10.0.26100) 64bit Professional' Language: 'en' Physical Memory: 16159 MB
BatchMode: 1, IsHumanControllingUs: 0, StartBugReporterOnCrash: 0, Is64bit: 1, IsPro: 1

COMMAND LINE ARGUMENTS:
D:\2022.3.22f1\Editor\Unity.exe
-adb2
-batchMode
-noUpm
-name
AssetImportWorker1
-projectPath
D:/IM ESLSCA UNIVERSITY/Virtual and Augmented Reality Development/AR_Vehicle_Showcase_Final_Project_Iad
-logFile
Logs/AssetImportWorker1.log
-srvPort
50188
Successfully changed project path to: D:/IM ESLSCA UNIVERSITY/Virtual and Augmented Reality Development/AR_Vehicle_Showcase_Final_Project_Iad
D:/IM ESLSCA UNIVERSITY/Virtual and Augmented Reality Development/AR_Vehicle_Showcase_Final_Project_Iad
[UnityMemory] Configuration Parameters - Can be set up in boot.config
    "memorysetup-bucket-allocator-granularity=16"
    "memorysetup-bucket-allocator-bucket-count=8"
    "memorysetup-bucket-allocator-block-size=33554432"
    "memorysetup-bucket-allocator-block-count=8"
    "memorysetup-main-allocator-block-size=16777216"
    "memorysetup-thread-allocator-block-size=16777216"
    "memorysetup-gfx-main-allocator-block-size=16777216"
    "memorysetup-gfx-thread-allocator-block-size=16777216"
    "memorysetup-cache-allocator-block-size=4194304"
    "memorysetup-typetree-allocator-block-size=2097152"
    "memorysetup-profiler-bucket-allocator-granularity=16"
    "memorysetup-profiler-bucket-allocator-bucket-count=8"
    "memorysetup-profiler-bucket-allocator-block-size=33554432"
    "memorysetup-profiler-bucket-allocator-block-count=8"
    "memorysetup-profiler-allocator-block-size=16777216"
    "memorysetup-profiler-editor-allocator-block-size=1048576"
    "memorysetup-temp-allocator-size-main=16777216"
    "memorysetup-job-temp-allocator-block-size=2097152"
    "memorysetup-job-temp-allocator-block-size-background=1048576"
    "memorysetup-job-temp-allocator-reduction-small-platforms=262144"
    "memorysetup-allocator-temp-initial-block-size-main=262144"
    "memorysetup-allocator-temp-initial-block-size-worker=262144"
    "memorysetup-temp-allocator-size-background-worker=32768"
    "memorysetup-temp-allocator-size-job-worker=262144"
    "memorysetup-temp-allocator-size-preload-manager=33554432"
    "memorysetup-temp-allocator-size-nav-mesh-worker=65536"
    "memorysetup-temp-allocator-size-audio-worker=65536"
    "memorysetup-temp-allocator-size-cloud-worker=32768"
    "memorysetup-temp-allocator-size-gi-baking-worker=262144"
    "memorysetup-temp-allocator-size-gfx=262144"
Player connection [13768] Host "[IP] 192.168.1.107 [Port] 0 [Flags] 2 [Guid] 3270444372 [EditorId] 3270444372 [Version] 1048832 [Id] WindowsEditor(7,MOHAMEDIAD) [Debug] 1 [PackageName] WindowsEditor [ProjectName] Editor" joined multi-casting on [225.0.0.222:54997]...

Player connection [13768] Host "[IP] 192.168.1.107 [Port] 0 [Flags] 2 [Guid] 3270444372 [EditorId] 3270444372 [Version] 1048832 [Id] WindowsEditor(7,MOHAMEDIAD) [Debug] 1 [PackageName] WindowsEditor [ProjectName] Editor" joined alternative multi-casting on [225.0.0.222:34997]...

[Physics::Module] Initialized MultithreadedJobDispatcher with 11 workers.
Refreshing native plugins compatible for Editor in 2107.82 ms, found 3 plugins.
Preloading 0 native plugins for Editor in 0.00 ms.
Initialize engine version: 2022.3.22f1 (887be4894c44)
[Subsystems] Discovering subsystems at path D:/2022.3.22f1/Editor/Data/Resources/UnitySubsystems
[Subsystems] Discovering subsystems at path D:/IM ESLSCA UNIVERSITY/Virtual and Augmented Reality Development/AR_Vehicle_Showcase_Final_Project_Iad/Assets
GfxDevice: creating device client; threaded=0; jobified=0
Direct3D:
    Version:  Direct3D 11.0 [level 11.1]
    Renderer: NVIDIA GeForce GTX 1650 (ID=0x1f9d)
    Vendor:   NVIDIA
    VRAM:     3937 MB
    Driver:   32.0.15.7283
Initialize mono
Mono path[0] = 'D:/2022.3.22f1/Editor/Data/Managed'
Mono path[1] = 'D:/2022.3.22f1/Editor/Data/MonoBleedingEdge/lib/mono/unityjit-win32'
Mono config path = 'D:/2022.3.22f1/Editor/Data/MonoBleedingEdge/etc'
Using monoOptions --debugger-agent=transport=dt_socket,embedding=1,server=y,suspend=n,address=127.0.0.1:56624
Begin MonoManager ReloadAssembly
Registering precompiled unity dll's ...
Register platform support module: D:/2022.3.22f1/Editor/Data/PlaybackEngines/WebGLSupport/UnityEditor.WebGL.Extensions.dll
Register platform support module: D:/2022.3.22f1/Editor/Data/PlaybackEngines/MacStandaloneSupport/UnityEditor.OSXStandalone.Extensions.dll
Register platform support module: D:/2022.3.22f1/Editor/Data/PlaybackEngines/AndroidPlayer/UnityEditor.Android.Extensions.dll
Register platform support module: D:/2022.3.22f1/Editor/Data/PlaybackEngines/iOSSupport/UnityEditor.iOS.Extensions.dll
Register platform support module: D:/2022.3.22f1/Editor/Data/PlaybackEngines/VisionOSPlayer/UnityEditor.VisionOS.Extensions.dll
Register platform support module: D:/2022.3.22f1/Editor/Data/PlaybackEngines/AppleTVSupport/UnityEditor.AppleTV.Extensions.dll
Register platform support module: D:/2022.3.22f1/Editor/Data/PlaybackEngines/WindowsStandaloneSupport/UnityEditor.WindowsStandalone.Extensions.dll
Register platform support module: D:/2022.3.22f1/Editor/Data/PlaybackEngines/LinuxStandaloneSupport/UnityEditor.LinuxStandalone.Extensions.dll
Register platform support module: D:/2022.3.22f1/Editor/Data/PlaybackEngines/MetroSupport/UnityEditor.UWP.Extensions.dll
Registered in 1.171562 seconds.
- Loaded All Assemblies, in  9.793 seconds
Native extension for UWP target not found
Native extension for LinuxStandalone target not found
Native extension for WindowsStandalone target not found
[usbmuxd] Start listen thread
[usbmuxd] Listen thread started
Native extension for AppleTV target not found
Failed to load: D:/2022.3.22f1/Editor/Data/PlaybackEngines/VisionOSPlayer\x64\UnityEditor.VisionOS.Native.dll
Native extension for VisionOS target not found
[usbmuxd] Start listen thread
[usbmuxd] Listen thread started
Native extension for iOS target not found
Native extension for Android target not found
Android Extension - Scanning For ADB Devices 412 ms
Native extension for OSXStandalone target not found
Native extension for WebGL target not found
Mono: successfully reloaded assembly
- Finished resetting the current domain, in  1.864 seconds
Domain Reload Profiling: 11657ms
	BeginReloadAssembly (6057ms)
		ExecutionOrderSort (0ms)
		DisableScriptedObjects (0ms)
		BackupInstance (0ms)
		ReleaseScriptingObjects (0ms)
		CreateAndSetChildDomain (1ms)
	RebuildCommonClasses (557ms)
	RebuildNativeTypeToScriptingClass (11ms)
	initialDomainReloadingComplete (1215ms)
	LoadAllAssembliesAndSetupDomain (1953ms)
		LoadAssemblies (6059ms)
		RebuildTransferFunctionScriptingTraits (0ms)
		AnalyzeDomain (1948ms)
			TypeCache.Refresh (1946ms)
				TypeCache.ScanAssembly (1613ms)
			ScanForSourceGeneratedMonoScriptInfo (0ms)
			ResolveRequiredComponents (0ms)
	FinalizeReload (1865ms)
		ReleaseScriptCaches (0ms)
		RebuildScriptCaches (0ms)
		SetupLoadedEditorAssemblies (1806ms)
			LogAssemblyErrors (0ms)
			InitializePlatformSupportModulesInManaged (1638ms)
			SetLoadedEditorAssemblies (4ms)
			RefreshPlugins (0ms)
			BeforeProcessingInitializeOnLoad (2ms)
			ProcessInitializeOnLoadAttributes (110ms)
			ProcessInitializeOnLoadMethodAttributes (52ms)
			AfterProcessingInitializeOnLoad (0ms)
			EditorAssembliesLoaded (0ms)
		ExecutionOrderSort2 (0ms)
		AwakeInstancesAfterBackupRestoration (0ms)
========================================================================
Worker process is ready to serve import requests
Begin MonoManager ReloadAssembly
- Loaded All Assemblies, in 10.248 seconds
Refreshing native plugins compatible for Editor in 3.82 ms, found 3 plugins.
Native extension for UWP target not found
Native extension for LinuxStandalone target not found
Native extension for WindowsStandalone target not found
Native extension for AppleTV target not found
Failed to load: D:/2022.3.22f1/Editor/Data/PlaybackEngines/VisionOSPlayer\x64\UnityEditor.VisionOS.Native.dll
Native extension for VisionOS target not found
Native extension for iOS target not found
Native extension for Android target not found
Native extension for OSXStandalone target not found
Native extension for WebGL target not found
Mono: successfully reloaded assembly
- Finished resetting the current domain, in  0.796 seconds
Domain Reload Profiling: 11044ms
	BeginReloadAssembly (194ms)
		ExecutionOrderSort (0ms)
		DisableScriptedObjects (6ms)
		BackupInstance (0ms)
		ReleaseScriptingObjects (0ms)
		CreateAndSetChildDomain (38ms)
	RebuildCommonClasses (41ms)
	RebuildNativeTypeToScriptingClass (13ms)
	initialDomainReloadingComplete (42ms)
	LoadAllAssembliesAndSetupDomain (9958ms)
		LoadAssemblies (9349ms)
		RebuildTransferFunctionScriptingTraits (0ms)
		AnalyzeDomain (716ms)
			TypeCache.Refresh (678ms)
				TypeCache.ScanAssembly (588ms)
			ScanForSourceGeneratedMonoScriptInfo (24ms)
			ResolveRequiredComponents (12ms)
	FinalizeReload (797ms)
		ReleaseScriptCaches (0ms)
		RebuildScriptCaches (0ms)
		SetupLoadedEditorAssemblies (580ms)
			LogAssemblyErrors (0ms)
			InitializePlatformSupportModulesInManaged (48ms)
			SetLoadedEditorAssemblies (5ms)
			RefreshPlugins (0ms)
			BeforeProcessingInitializeOnLoad (79ms)
			ProcessInitializeOnLoadAttributes (365ms)
			ProcessInitializeOnLoadMethodAttributes (81ms)
			AfterProcessingInitializeOnLoad (2ms)
			EditorAssembliesLoaded (0ms)
		ExecutionOrderSort2 (0ms)
		AwakeInstancesAfterBackupRestoration (8ms)
Launched and connected shader compiler UnityShaderCompiler.exe after 0.10 seconds
Refreshing native plugins compatible for Editor in 5.04 ms, found 3 plugins.
Preloading 0 native plugins for Editor in 0.00 ms.
Unloading 4984 Unused Serialized files (Serialized files now loaded: 0)
Unloading 66 unused Assets / (351.3 KB). Loaded Objects now: 5443.
Memory consumption went from 225.0 MB to 224.6 MB.
Total: 4.720900 ms (FindLiveObjects: 0.490900 ms CreateObjectMapping: 0.600800 ms MarkObjects: 3.362500 ms  DeleteObjects: 0.265300 ms)

AssetImportParameters requested are different than current active one (requested -> active):
  custom:container-demuxer-ogg: 62fdf1f143b41e24485cea50d1cbac27 -> 
  custom:video-decoder-ogg-theora: a1e56fd34408186e4bbccfd4996cb3dc -> 
  custom:framework-win-MediaFoundation: 216162199b28c13a410421893ffa2e32 -> 
  custom:CustomObjectIndexerAttribute: 72b91833f83ae208fae7752999fa3104 -> 
  custom:container-demuxer-webm: 4f35f7cbe854078d1ac9338744f61a02 -> 
  custom:container-muxer-webm: aa71ff27fc2769a1b78a27578f13a17b -> 
  custom:video-decoder-webm-vp8: 9c59270c3fd7afecdb556c50c9e8de78 -> 
  custom:SearchIndexIgnoredProperties: e643bd26f0fe6173181afceb89e7c659 -> 
  custom:AudioImporter_EditorPlatform: d09bf68614088b80899f8185d706f6e7 -> 
  custom:video-encoder-webm-vp8: eb34c28f22e8b96e1ab97ce403110664 -> 
  custom:audio-decoder-ogg-vorbis: bf7c407c2cedff20999df2af8eb42d56 -> 
  custom:audio-encoder-webm-vorbis: bf7c407c2cedff20999df2af8eb42d56 -> 
========================================================================
Received Import Request.
  Time since last request: 2197.558710 seconds.
  path: Assets/LowPolyHummerH3/hummer_h3.glb
  artifactKey: Guid(6167ac92613f0d24dafb1c96f541221e) Importer(815301076,1909f56bfc062723c751e8b465ee728b)
Start importing Assets/LowPolyHummerH3/hummer_h3.glb using Guid(6167ac92613f0d24dafb1c96f541221e) Importer(815301076,1909f56bfc062723c751e8b465ee728b)  -> (artifact id: 'f1b79000fcc9b93e51567dd3082061df') in 0.025646 seconds
Number of updated asset objects reloaded before import = 0
Number of asset objects unloaded after import = 1
========================================================================
Received Import Request.
  Time since last request: 184.870683 seconds.
  path: Assets/LowPolyHummerH3/Dessous.png
  artifactKey: Guid(8dacaef660895bd49b478af0e91274e1) Importer(815301076,1909f56bfc062723c751e8b465ee728b)
Start importing Assets/LowPolyHummerH3/Dessous.png using Guid(8dacaef660895bd49b478af0e91274e1) Importer(815301076,1909f56bfc062723c751e8b465ee728b)  -> (artifact id: 'd96d572f64a02b21efb8e9d28410f056') in 0.063274 seconds
Number of updated asset objects reloaded before import = 0
Number of asset objects unloaded after import = 2
========================================================================
Received Import Request.
  Time since last request: 0.000029 seconds.
  path: Assets/LowPolyHummerH3/grilleh3alpha.png
  artifactKey: Guid(bbdc9d064cf176849a3e919016c9acaf) Importer(815301076,1909f56bfc062723c751e8b465ee728b)
Start importing Assets/LowPolyHummerH3/grilleh3alpha.png using Guid(bbdc9d064cf176849a3e919016c9acaf) Importer(815301076,1909f56bfc062723c751e8b465ee728b)  -> (artifact id: 'b5e87510c90d791a2fef1e6448d68a56') in 0.018809 seconds
Number of updated asset objects reloaded before import = 0
Number of asset objects unloaded after import = 2
========================================================================
Received Import Request.
  Time since last request: 0.000027 seconds.
  path: Assets/LowPolyHummerH3/feuxarc.png
  artifactKey: Guid(17bb4c8124575d3448763ae63c1f0a38) Importer(815301076,1909f56bfc062723c751e8b465ee728b)
Start importing Assets/LowPolyHummerH3/feuxarc.png using Guid(17bb4c8124575d3448763ae63c1f0a38) Importer(815301076,1909f56bfc062723c751e8b465ee728b)  -> (artifact id: '577b6d98c39d38b49b5f1cce195a4e9d') in 0.015923 seconds
Number of updated asset objects reloaded before import = 0
Number of asset objects unloaded after import = 2
========================================================================
Received Import Request.
  Time since last request: 0.000017 seconds.
  path: Assets/LowPolyHummerH3/Interieur.png
  artifactKey: Guid(a5ab1e7be7443534a83bcb549419f1fd) Importer(815301076,1909f56bfc062723c751e8b465ee728b)
Start importing Assets/LowPolyHummerH3/Interieur.png using Guid(a5ab1e7be7443534a83bcb549419f1fd) Importer(815301076,1909f56bfc062723c751e8b465ee728b)  -> (artifact id: '8a22c08fd2816c1af8b71859a2dc9436') in 0.017460 seconds
Number of updated asset objects reloaded before import = 0
Number of asset objects unloaded after import = 2
========================================================================
Received Import Request.
  Time since last request: 0.000016 seconds.
  path: Assets/LowPolyHummerH3/grilleh3.png
  artifactKey: Guid(cdef6598cb04a874abfd154156126507) Importer(815301076,1909f56bfc062723c751e8b465ee728b)
Start importing Assets/LowPolyHummerH3/grilleh3.png using Guid(cdef6598cb04a874abfd154156126507) Importer(815301076,1909f56bfc062723c751e8b465ee728b)  -> (artifact id: '7b489eea0d681325904f87426beb3fe1') in 0.016029 seconds
Number of updated asset objects reloaded before import = 0
Number of asset objects unloaded after import = 2
========================================================================
Received Import Request.
  Time since last request: 0.000045 seconds.
  path: Assets/LowPolyHummerH3/feuxarb.png
  artifactKey: Guid(74c5277cce37c3340ac0ef94cc161528) Importer(815301076,1909f56bfc062723c751e8b465ee728b)
Start importing Assets/LowPolyHummerH3/feuxarb.png using Guid(74c5277cce37c3340ac0ef94cc161528) Importer(815301076,1909f56bfc062723c751e8b465ee728b)  -> (artifact id: '5d94ac05d865a91fd7337b31cf08596e') in 0.017220 seconds
Number of updated asset objects reloaded before import = 0
Number of asset objects unloaded after import = 2
========================================================================
Received Import Request.
  Time since last request: 63.335274 seconds.
  path: Assets/LowPolyHummerH3/Materials/Pneu.mat
  artifactKey: Guid(1e9464074eff6994daced313804b6cb3) Importer(815301076,1909f56bfc062723c751e8b465ee728b)
Start importing Assets/LowPolyHummerH3/Materials/Pneu.mat using Guid(1e9464074eff6994daced313804b6cb3) Importer(815301076,1909f56bfc062723c751e8b465ee728b)  -> (artifact id: '59b2e13c4fe2aa352f2baa1a362b37dd') in 1.246852 seconds
Number of updated asset objects reloaded before import = 0
Number of asset objects unloaded after import = 4
========================================================================
Received Import Request.
  Time since last request: 331.104119 seconds.
  path: Assets/LowPolyHummerH3/textures/Clignotant_baseColor.png
  artifactKey: Guid(665dcfd446de44f459a9309ef7cfdc78) Importer(815301076,1909f56bfc062723c751e8b465ee728b)
Start importing Assets/LowPolyHummerH3/textures/Clignotant_baseColor.png using Guid(665dcfd446de44f459a9309ef7cfdc78) Importer(815301076,1909f56bfc062723c751e8b465ee728b)  -> (artifact id: '743e5fbe80366a9970f203138351f12d') in 0.024442 seconds
Number of updated asset objects reloaded before import = 0
Number of asset objects unloaded after import = 2
========================================================================
Received Import Request.
  Time since last request: 0.000035 seconds.
  path: Assets/LowPolyHummerH3/textures/Dessous_text_baseColor.png
  artifactKey: Guid(e478cc888311a834881a4476c312a0a4) Importer(815301076,1909f56bfc062723c751e8b465ee728b)
Start importing Assets/LowPolyHummerH3/textures/Dessous_text_baseColor.png using Guid(e478cc888311a834881a4476c312a0a4) Importer(815301076,1909f56bfc062723c751e8b465ee728b)  -> (artifact id: 'b57a1f672f005e8c0166bae7f80b66f9') in 0.023076 seconds
Number of updated asset objects reloaded before import = 0
Number of asset objects unloaded after import = 2
========================================================================
Received Import Request.
  Time since last request: 0.000036 seconds.
  path: Assets/LowPolyHummerH3/textures/Interieur_2_baseColor.png
  artifactKey: Guid(c411177eba98e4347afad5b9bd22d028) Importer(815301076,1909f56bfc062723c751e8b465ee728b)
Start importing Assets/LowPolyHummerH3/textures/Interieur_2_baseColor.png using Guid(c411177eba98e4347afad5b9bd22d028) Importer(815301076,1909f56bfc062723c751e8b465ee728b)  -> (artifact id: '4e5cc2b3eed81c04b43480c91bb782ee') in 0.021808 seconds
Number of updated asset objects reloaded before import = 0
Number of asset objects unloaded after import = 2
========================================================================
Received Import Request.
  Time since last request: 0.000019 seconds.
  path: Assets/LowPolyHummerH3/textures/Grille_baseColor.png
  artifactKey: Guid(161dcd58a08104845bf7569a208bb541) Importer(815301076,1909f56bfc062723c751e8b465ee728b)
Start importing Assets/LowPolyHummerH3/textures/Grille_baseColor.png using Guid(161dcd58a08104845bf7569a208bb541) Importer(815301076,1909f56bfc062723c751e8b465ee728b)  -> (artifact id: '8d5dd39419e949e414542802f3e8587d') in 0.014396 seconds
Number of updated asset objects reloaded before import = 0
Number of asset objects unloaded after import = 2
========================================================================
Received Import Request.
  Time since last request: 0.000020 seconds.
  path: Assets/LowPolyHummerH3/textures/Interieur_baseColor.png
  artifactKey: Guid(b7ebfe4ea94257f4ba86488696c81c62) Importer(815301076,1909f56bfc062723c751e8b465ee728b)
Start importing Assets/LowPolyHummerH3/textures/Interieur_baseColor.png using Guid(b7ebfe4ea94257f4ba86488696c81c62) Importer(815301076,1909f56bfc062723c751e8b465ee728b)  -> (artifact id: '5433d1290dcd7e4085c619a533819e33') in 0.016642 seconds
Number of updated asset objects reloaded before import = 0
Number of asset objects unloaded after import = 2
========================================================================
Received Import Request.
  Time since last request: 0.000036 seconds.
  path: Assets/LowPolyHummerH3/textures/Pneu_baseColor.png
  artifactKey: Guid(5a912bd962658954f9a4fc8a01b6b280) Importer(815301076,1909f56bfc062723c751e8b465ee728b)
Start importing Assets/LowPolyHummerH3/textures/Pneu_baseColor.png using Guid(5a912bd962658954f9a4fc8a01b6b280) Importer(815301076,1909f56bfc062723c751e8b465ee728b)  -> (artifact id: '7e3b2ec7756318a8454f9213f113c0b6') in 0.018215 seconds
Number of updated asset objects reloaded before import = 0
Number of asset objects unloaded after import = 2
========================================================================
Received Import Request.
  Time since last request: 0.000035 seconds.
  path: Assets/LowPolyHummerH3/textures/Feux_ar_c2_baseColor.png
  artifactKey: Guid(afade499f769f2d47a8190161ae6a752) Importer(815301076,1909f56bfc062723c751e8b465ee728b)
Start importing Assets/LowPolyHummerH3/textures/Feux_ar_c2_baseColor.png using Guid(afade499f769f2d47a8190161ae6a752) Importer(815301076,1909f56bfc062723c751e8b465ee728b)  -> (artifact id: 'fb989925a046b18426b4b15fe17c7281') in 0.016559 seconds
Number of updated asset objects reloaded before import = 0
Number of asset objects unloaded after import = 2
Editor requested this worker to shutdown with reason: Scaling down because of idle timeout
TcpMessagingSession - receive error: operation aborted. errorcode: 995, details: The I/O operation has been aborted because of either a thread exit or an application request.
AssetImportWorker is now disconnected from the server
Process exiting
Exiting without the bug reporter. Application will terminate with return code 0